#
# A fatal error has been detected by the Java Runtime Environment:
#
#  SIGSEGV (0xb) at pc=0x00007fffc00aa05d, pid=8823, tid=0x0000000000000307
#
# JRE version: Java(TM) SE Runtime Environment (8.0_131-b11) (build 1.8.0_131-b11)
# Java VM: Java HotSpot(TM) 64-Bit Server VM (25.131-b11 mixed mode bsd-amd64 compressed oops)
# Problematic frame:
# C  [libobjc.A.dylib+0x705d]  objc_msgSend+0x1d
#
# Failed to write core dump. Core dumps have been disabled. To enable core dumping, try "ulimit -c unlimited" before starting Java again
#
# If you would like to submit a bug report, please visit:
#   http://bugreport.java.com/bugreport/crash.jsp
# The crash happened outside the Java Virtual Machine in native code.
# See problematic frame for where to report the bug.
#

---------------  T H R E A D  ---------------

Current thread (0x00007fd8ab04a000):  JavaThread "AWT-AppKit" daemon [_thread_in_native, id=775, stack(0x00007fff55d08000,0x00007fff56508000)]

siginfo: si_signo: 11 (SIGSEGV), si_code: 1 (SEGV_MAPERR), si_addr: 0x0000000000000018

Registers:
RAX=0x00007fd8ae34e750, RBX=0x000000012827b450, RCX=0x00007fd8ac2005c0, RDX=0x0000000000000000
RSP=0x00007fff565034a8, RBP=0x00007fff56503560, RSI=0x00007fffa9944116, RDI=0x00007fd8ac7e4280
R8 =0x0000000000000018, R9 =0x00007fd8ac2005e0, R10=0x0000000000000000, R11=0x00007fffa9944116
R12=0x0000000000000000, R13=0x0000000196918d88, R14=0x000000012827b440, R15=0x00007fd8ab04a000
RIP=0x00007fffc00aa05d, EFLAGS=0x0000000000010246, ERR=0x0000000000000004
  TRAPNO=0x000000000000000e

Top of Stack: (sp=0x00007fff565034a8)
0x00007fff565034a8:   0000000128279157 00007fff56503500
0x00007fff565034b8:   0000000000000003 00007fff565034e0
0x00007fff565034c8:   00000001099686d2 0000000196918d88
0x00007fff565034d8:   0000000196918d88 00007fd8ae34e750
0x00007fff565034e8:   000000012827b6a0 000000012827b710
0x00007fff565034f8:   00007fffc610e6d0 00007fffc6d3e1e0
0x00007fff56503508:   000000012827b450 000000012827b690
0x00007fff56503518:   00007fd8ae34e750 00007fd8ac7e4280
0x00007fff56503528:   00007fd8a9f2a700 00007fd8ae34e750
0x00007fff56503538:   00007fd8ac7e4280 00007fff565035e8
0x00007fff56503548:   00007fd8ab04a1f8 0000000196918d88
0x00007fff56503558:   00007fff56503610 00007fff565035d8
0x00007fff56503568:   0000000115b4f9f4 0000000196918d88
0x00007fff56503578:   00007fff56503610 00007fff565035d8
0x00007fff56503588:   0000000115b4f787 0000000115b4f742
0x00007fff56503598:   00007fff56503598 0000000196918d88
0x00007fff565035a8:   00007fff56503610 000000019691b9c0
0x00007fff565035b8:   0000000000000000 0000000196918d88
0x00007fff565035c8:   0000000000000000 00007fff565035f8
0x00007fff565035d8:   00007fff56503658 0000000115b402bd
0x00007fff565035e8:   00000007404bd238 0000000115b49538
0x00007fff565035f8:   00007fd8ae34e750 00007fff56503658
0x00007fff56503608:   00007fd8ac7e4280 0000000115b4ae02
0x00007fff56503618:   00007fff56503618 0000000196918f52
0x00007fff56503628:   00007fff56503680 000000019691b9c0
0x00007fff56503638:   0000000000000000 0000000196918f60
0x00007fff56503648:   00007fff565035f8 00007fff56503668
0x00007fff56503658:   00007fff565036c8 0000000115b402bd
0x00007fff56503668:   00007fd8ae34e750 00000007402dda40
0x00007fff56503678:   00007fd8ac7e4280 00000007402dda40
0x00007fff56503688:   00007fff56503688 00000001988e7f8e
0x00007fff56503698:   00007fff565036d8 00000001988e8048 

Instructions: (pc=0x00007fffc00aa05d)
0x00007fffc00aa03d:   0f 1f 00 48 85 ff 2e 74 62 40 f6 c7 01 2e 75 66
0x00007fffc00aa04d:   49 ba f8 ff ff ff ff 7f 00 00 4c 23 17 49 89 f3
0x00007fffc00aa05d:   45 23 5a 18 49 c1 e3 04 4d 03 5a 10 49 3b 33 75
0x00007fffc00aa06d:   04 41 ff 63 08 49 83 3b 01 76 0d 49 83 c3 10 49 

Register to memory mapping:

RAX=0x00007fd8ae34e750 is an unknown value
RBX=0x000000012827b450: Java_jogamp_nativewindow_macosx_OSXUtil_GetScreenRefreshRate0+0x1cf0 in /private/var/folders/jq/l0jglkhs1w1bwklv8c2_sz5w0000gn/T/jogamp_0000/file_cache/jln6723545914621491843/jln2501180807024205520/libnativewindow_macosx.jnilib at 0x0000000128274000
RCX=0x00007fd8ac2005c0 is an unknown value
RDX=0x0000000000000000 is an unknown value
RSP=0x00007fff565034a8 is pointing into the stack for thread: 0x00007fd8ab04a000
RBP=0x00007fff56503560 is pointing into the stack for thread: 0x00007fd8ab04a000
RSI=0x00007fffa9944116: __NSStyleNameIndexTable+0x7fd5e in /System/Library/Frameworks/AppKit.framework/Versions/C/AppKit at 0x00007fffa8cd7000
RDI=0x00007fd8ac7e4280 is an unknown value
R8 =0x0000000000000018 is an unknown value
R9 =0x00007fd8ac2005e0 is an unknown value
R10=0x0000000000000000 is an unknown value
R11=0x00007fffa9944116: __NSStyleNameIndexTable+0x7fd5e in /System/Library/Frameworks/AppKit.framework/Versions/C/AppKit at 0x00007fffa8cd7000
R12=0x0000000000000000 is an unknown value
R13={method} {0x0000000196918d88} 'UnsetJAWTRootSurfaceLayer0' '(JJ)V' in 'jogamp/nativewindow/jawt/macosx/MacOSXJAWTWindow'
R14=0x000000012827b440: Java_jogamp_nativewindow_macosx_OSXUtil_GetScreenRefreshRate0+0x1ce0 in /private/var/folders/jq/l0jglkhs1w1bwklv8c2_sz5w0000gn/T/jogamp_0000/file_cache/jln6723545914621491843/jln2501180807024205520/libnativewindow_macosx.jnilib at 0x0000000128274000
R15=0x00007fd8ab04a000 is a thread


Stack: [0x00007fff55d08000,0x00007fff56508000],  sp=0x00007fff565034a8,  free space=8173k
Native frames: (J=compiled Java code, j=interpreted, Vv=VM code, C=native code)
C  [libobjc.A.dylib+0x705d]  objc_msgSend+0x1d
j  jogamp.nativewindow.jawt.macosx.MacOSXJAWTWindow.UnsetJAWTRootSurfaceLayer0(JJ)V+0
j  jogamp.nativewindow.jawt.macosx.MacOSXJAWTWindow.access$200(JJ)V+2
j  jogamp.nativewindow.jawt.macosx.MacOSXJAWTWindow$1.run()V+38
j  com.jogamp.common.util.RunnableTask.run()V+24
v  ~StubRoutines::call_stub
V  [libjvm.dylib+0x2ee5b6]  JavaCalls::call_helper(JavaValue*, methodHandle*, JavaCallArguments*, Thread*)+0x6ae
V  [libjvm.dylib+0x325765]  jni_invoke_nonstatic(JNIEnv_*, JavaValue*, _jobject*, JNICallType, _jmethodID*, JNI_ArgumentPusher*, Thread*)+0x2ec
V  [libjvm.dylib+0x317f33]  jni_CallVoidMethod+0x16b
C  [libnativewindow_macosx.jnilib+0x5326]  Java_jogamp_nativewindow_jawt_macosx_MacOSXJAWTWindow_UnsetJAWTRootSurfaceLayer0+0x2b6
C  [Foundation+0x717ba]  __NSThreadPerformPerform+0x146
C  [CoreFoundation+0xa7321]  __CFRUNLOOP_IS_CALLING_OUT_TO_A_SOURCE0_PERFORM_FUNCTION__+0x11
C  [CoreFoundation+0x88197]  __CFRunLoopDoSources0+0x1a7
C  [CoreFoundation+0x87716]  __CFRunLoopRun+0x3a6
C  [CoreFoundation+0x87114]  CFRunLoopRunSpecific+0x1a4
C  [HIToolbox+0x30ebc]  RunCurrentEventLoopInMode+0xf0
C  [HIToolbox+0x30bf9]  ReceiveNextEventCommon+0xb8
C  [HIToolbox+0x30b26]  _BlockUntilNextEventMatchingListInModeWithFilter+0x47
C  [AppKit+0x46a54]  _DPSNextEvent+0x460
C  [AppKit+0x7c27ee]  -[NSApplication(NSEvent) _nextEventMatchingEventMask:untilDate:inMode:dequeue:]+0xaec
C  [libosxapp.dylib+0x23aa]  -[NSApplicationAWT nextEventMatchingMask:untilDate:inMode:dequeue:]+0x7c
C  [AppKit+0x3b3db]  -[NSApplication run]+0x39e
C  [libosxapp.dylib+0x214d]  +[NSApplicationAWT runAWTLoopWithApp:]+0x9c
C  [libawt_lwawt.dylib+0x45edf]  -[AWTStarter starter:]+0x389
C  [Foundation+0x717ba]  __NSThreadPerformPerform+0x146
C  [CoreFoundation+0xa7321]  __CFRUNLOOP_IS_CALLING_OUT_TO_A_SOURCE0_PERFORM_FUNCTION__+0x11
C  [CoreFoundation+0x8821d]  __CFRunLoopDoSources0+0x22d
C  [CoreFoundation+0x87716]  __CFRunLoopRun+0x3a6
C  [CoreFoundation+0x87114]  CFRunLoopRunSpecific+0x1a4
C  [java+0x6465]  CreateExecutionEnvironment+0x367
C  [java+0x218c]  JLI_Launch+0x7a0
C  [java+0x84c2]  main+0x65
C  [java+0x19e4]  start+0x34
C  0x0000000000000007

Java frames: (J=compiled Java code, j=interpreted, Vv=VM code)
j  jogamp.nativewindow.jawt.macosx.MacOSXJAWTWindow.UnsetJAWTRootSurfaceLayer0(JJ)V+0
j  jogamp.nativewindow.jawt.macosx.MacOSXJAWTWindow.access$200(JJ)V+2
j  jogamp.nativewindow.jawt.macosx.MacOSXJAWTWindow$1.run()V+38
j  com.jogamp.common.util.RunnableTask.run()V+24
v  ~StubRoutines::call_stub

---------------  P R O C E S S  ---------------

Java Threads: ( => current thread )
  0x00007fd8aaa6c800 JavaThread "Thread-19" [_thread_blocked, id=78339, stack(0x0000700004efc000,0x0000700004ffc000)]
  0x00007fd8aaa6b800 JavaThread "Thread-18" [_thread_blocked, id=77827, stack(0x0000700004df9000,0x0000700004ef9000)]
  0x00007fd8aaa6b000 JavaThread "Thread-17" [_thread_blocked, id=77315, stack(0x0000700004cf6000,0x0000700004df6000)]
  0x00007fd8abc4b800 JavaThread "Thread-16" [_thread_blocked, id=76803, stack(0x0000700004bf3000,0x0000700004cf3000)]
  0x00007fd8aaaa8800 JavaThread "Thread-15" [_thread_blocked, id=76035, stack(0x0000700004af0000,0x0000700004bf0000)]
  0x00007fd8aaaa8000 JavaThread "Thread-14" [_thread_blocked, id=74255, stack(0x00007000049ed000,0x0000700004aed000)]
  0x00007fd8ab29a800 JavaThread "Thread-13" [_thread_blocked, id=75271, stack(0x00007000048ea000,0x00007000049ea000)]
  0x00007fd8aa329000 JavaThread "Thread-12" [_thread_blocked, id=74507, stack(0x00007000047e7000,0x00007000048e7000)]
  0x00007fd8ab18f000 JavaThread "Thread-11" [_thread_blocked, id=73731, stack(0x00007000046e4000,0x00007000047e4000)]
  0x00007fd8ab44d000 JavaThread "Thread-10" [_thread_blocked, id=73219, stack(0x00007000045e1000,0x00007000046e1000)]
  0x00007fd8aaa6a000 JavaThread "Thread-9" [_thread_blocked, id=68163, stack(0x0000700003dc9000,0x0000700003ec9000)]
  0x00007fd8ab0e8000 JavaThread "Thread-8" [_thread_blocked, id=69643, stack(0x00007000044de000,0x00007000045de000)]
  0x00007fd8ab1b0800 JavaThread "Thread-7" [_thread_blocked, id=72707, stack(0x00007000043db000,0x00007000044db000)]
  0x00007fd8aba95000 JavaThread "Thread-6" [_thread_blocked, id=72195, stack(0x00007000042d8000,0x00007000043d8000)]
  0x00007fd8aa868800 JavaThread "Thread-5" [_thread_blocked, id=71683, stack(0x00007000041d5000,0x00007000042d5000)]
  0x00007fd8aa13c000 JavaThread "Thread-4" [_thread_blocked, id=71351, stack(0x00007000040d2000,0x00007000041d2000)]
  0x00007fd8aa13a000 JavaThread "Thread-3" [_thread_blocked, id=4611, stack(0x0000700003fcf000,0x00007000040cf000)]
  0x00007fd8ab28f800 JavaThread "AWT-EventQueue-1" [_thread_in_native, id=66679, stack(0x0000700003ecc000,0x0000700003fcc000)]
  0x00007fd8ab1bb000 JavaThread "DestroyJavaVM" [_thread_blocked, id=7171, stack(0x0000700002907000,0x0000700002a07000)]
  0x00007fd8aba6e800 JavaThread "AWT-EventQueue-0" [_thread_blocked, id=59667, stack(0x0000700003cc6000,0x0000700003dc6000)]
  0x00007fd8ab190000 JavaThread "Java2D Disposer" daemon [_thread_blocked, id=56335, stack(0x0000700003a3d000,0x0000700003b3d000)]
  0x00007fd8ab15b000 JavaThread "Java2D Queue Flusher" daemon [_thread_blocked, id=54279, stack(0x000070000393a000,0x0000700003a3a000)]
  0x00007fd8ab109000 JavaThread "AWT-Shutdown" [_thread_blocked, id=29727, stack(0x00007000037b4000,0x00007000038b4000)]
=>0x00007fd8ab04a000 JavaThread "AWT-AppKit" daemon [_thread_in_native, id=775, stack(0x00007fff55d08000,0x00007fff56508000)]
  0x00007fd8aa857000 JavaThread "Service Thread" daemon [_thread_blocked, id=18691, stack(0x000070000352b000,0x000070000362b000)]
  0x00007fd8aa82d800 JavaThread "C1 CompilerThread2" daemon [_thread_blocked, id=18179, stack(0x0000700003428000,0x0000700003528000)]
  0x00007fd8aa018800 JavaThread "C2 CompilerThread1" daemon [_thread_blocked, id=17667, stack(0x0000700003325000,0x0000700003425000)]
  0x00007fd8aa014000 JavaThread "C2 CompilerThread0" daemon [_thread_blocked, id=17155, stack(0x0000700003222000,0x0000700003322000)]
  0x00007fd8ab04f000 JavaThread "Signal Dispatcher" daemon [_thread_blocked, id=16643, stack(0x000070000311f000,0x000070000321f000)]
  0x00007fd8ab828800 JavaThread "Finalizer" daemon [_thread_blocked, id=12547, stack(0x000070000301c000,0x000070000311c000)]
  0x00007fd8ab825800 JavaThread "Reference Handler" daemon [_thread_blocked, id=12035, stack(0x0000700002f19000,0x0000700003019000)]

Other Threads:
  0x00007fd8aa004000 VMThread [stack: 0x0000700002e16000,0x0000700002f16000] [id=11523]
  0x00007fd8aa015000 WatcherThread [stack: 0x000070000362e000,0x000070000372e000] [id=19203]

VM state:not at safepoint (normal execution)

VM Mutex/Monitor currently owned by a thread: None

Heap:
 PSYoungGen      total 38400K, used 13215K [0x0000000795580000, 0x0000000798000000, 0x00000007c0000000)
  eden space 33280K, 39% used [0x0000000795580000,0x0000000796267e80,0x0000000797600000)
  from space 5120K, 0% used [0x0000000797b00000,0x0000000797b00000,0x0000000798000000)
  to   space 5120K, 0% used [0x0000000797600000,0x0000000797600000,0x0000000797b00000)
 ParOldGen       total 45056K, used 7939K [0x0000000740000000, 0x0000000742c00000, 0x0000000795580000)
  object space 45056K, 17% used [0x0000000740000000,0x00000007407c0fb8,0x0000000742c00000)
 Metaspace       used 22203K, capacity 22608K, committed 22704K, reserved 1069056K
  class space    used 2324K, capacity 2455K, committed 2480K, reserved 1048576K

Card table byte_map: [0x000000010b3c0000,0x000000010b7c1000] byte_map_base: 0x00000001079c0000

Marking Bits: (ParMarkBitMap*) 0x000000010a066ea0
 Begin Bits: [0x000000010ba6c000, 0x000000010da6c000)
 End Bits:   [0x000000010da6c000, 0x000000010fa6c000)

Polling page: 0x000000010a75b000

CodeCache: size=245760Kb used=5609Kb max_used=5609Kb free=240150Kb
 bounds [0x0000000115b38000, 0x00000001160b8000, 0x0000000124b38000]
 total_blobs=2508 nmethods=1578 adapters=843
 compilation: enabled

Compilation events (10 events):
Event: 591.868 Thread 0x00007fd8aa82d800 1572       3       java.util.LinkedList::add (7 bytes)
Event: 591.868 Thread 0x00007fd8aa82d800 nmethod 1572 0x00000001160b3b10 code [0x00000001160b3c80, 0x00000001160b3e28]
Event: 591.868 Thread 0x00007fd8aa82d800 1574       1       sun.java2d.SurfaceData::isValid (5 bytes)
Event: 591.868 Thread 0x00007fd8aa82d800 nmethod 1574 0x00000001160b3ed0 code [0x00000001160b4020, 0x00000001160b4130]
Event: 591.893 Thread 0x00007fd8aa82d800 1575       3       sun.java2d.pipe.RenderBuffer::putFloat (26 bytes)
Event: 591.894 Thread 0x00007fd8aa82d800 nmethod 1575 0x00000001160b44d0 code [0x00000001160b4640, 0x00000001160b47d0]
Event: 591.894 Thread 0x00007fd8aa82d800 1577       3       sun.awt.SunToolkit::getSystemEventQueueImpl (4 bytes)
Event: 591.894 Thread 0x00007fd8aa82d800 nmethod 1577 0x00000001160b4890 code [0x00000001160b4a20, 0x00000001160b4df8]
Event: 591.894 Thread 0x00007fd8aa82d800 1578       3       sun.awt.SunToolkit::getSystemEventQueueImplPP (7 bytes)
Event: 591.894 Thread 0x00007fd8aa82d800 nmethod 1578 0x00000001160b4f90 code [0x00000001160b5120, 0x00000001160b5498]

GC Heap History (6 events):
Event: 2.011 GC heap before
{Heap before GC invocations=1 (full 0):
 PSYoungGen      total 38400K, used 33280K [0x0000000795580000, 0x0000000798000000, 0x00000007c0000000)
  eden space 33280K, 100% used [0x0000000795580000,0x0000000797600000,0x0000000797600000)
  from space 5120K, 0% used [0x0000000797b00000,0x0000000797b00000,0x0000000798000000)
  to   space 5120K, 0% used [0x0000000797600000,0x0000000797600000,0x0000000797b00000)
 ParOldGen       total 87552K, used 0K [0x0000000740000000, 0x0000000745580000, 0x0000000795580000)
  object space 87552K, 0% used [0x0000000740000000,0x0000000740000000,0x0000000745580000)
 Metaspace       used 15902K, capacity 16231K, committed 16384K, reserved 1064960K
  class space    used 1639K, capacity 1728K, committed 1792K, reserved 1048576K
Event: 2.016 GC heap after
Heap after GC invocations=1 (full 0):
 PSYoungGen      total 38400K, used 4910K [0x0000000795580000, 0x0000000798000000, 0x00000007c0000000)
  eden space 33280K, 0% used [0x0000000795580000,0x0000000795580000,0x0000000797600000)
  from space 5120K, 95% used [0x0000000797600000,0x0000000797acbbb0,0x0000000797b00000)
  to   space 5120K, 0% used [0x0000000797b00000,0x0000000797b00000,0x0000000798000000)
 ParOldGen       total 87552K, used 16K [0x0000000740000000, 0x0000000745580000, 0x0000000795580000)
  object space 87552K, 0% used [0x0000000740000000,0x0000000740004000,0x0000000745580000)
 Metaspace       used 15902K, capacity 16231K, committed 16384K, reserved 1064960K
  class space    used 1639K, capacity 1728K, committed 1792K, reserved 1048576K
}
Event: 15.535 GC heap before
{Heap before GC invocations=2 (full 0):
 PSYoungGen      total 38400K, used 28726K [0x0000000795580000, 0x0000000798000000, 0x00000007c0000000)
  eden space 33280K, 71% used [0x0000000795580000,0x0000000796cc2008,0x0000000797600000)
  from space 5120K, 95% used [0x0000000797600000,0x0000000797acbbb0,0x0000000797b00000)
  to   space 5120K, 0% used [0x0000000797b00000,0x0000000797b00000,0x0000000798000000)
 ParOldGen       total 87552K, used 16K [0x0000000740000000, 0x0000000745580000, 0x0000000795580000)
  object space 87552K, 0% used [0x0000000740000000,0x0000000740004000,0x0000000745580000)
 Metaspace       used 20845K, capacity 21254K, committed 21296K, reserved 1069056K
  class space    used 2174K, capacity 2326K, committed 2352K, reserved 1048576K
Event: 15.547 GC heap after
Heap after GC invocations=2 (full 0):
 PSYoungGen      total 38400K, used 5091K [0x0000000795580000, 0x0000000798000000, 0x00000007c0000000)
  eden space 33280K, 0% used [0x0000000795580000,0x0000000795580000,0x0000000797600000)
  from space 5120K, 99% used [0x0000000797b00000,0x0000000797ff8e40,0x0000000798000000)
  to   space 5120K, 0% used [0x0000000797600000,0x0000000797600000,0x0000000797b00000)
 ParOldGen       total 87552K, used 3011K [0x0000000740000000, 0x0000000745580000, 0x0000000795580000)
  object space 87552K, 3% used [0x0000000740000000,0x00000007402f0f38,0x0000000745580000)
 Metaspace       used 20845K, capacity 21254K, committed 21296K, reserved 1069056K
  class space    used 2174K, capacity 2326K, committed 2352K, reserved 1048576K
}
Event: 15.547 GC heap before
{Heap before GC invocations=3 (full 1):
 PSYoungGen      total 38400K, used 5091K [0x0000000795580000, 0x0000000798000000, 0x00000007c0000000)
  eden space 33280K, 0% used [0x0000000795580000,0x0000000795580000,0x0000000797600000)
  from space 5120K, 99% used [0x0000000797b00000,0x0000000797ff8e40,0x0000000798000000)
  to   space 5120K, 0% used [0x0000000797600000,0x0000000797600000,0x0000000797b00000)
 ParOldGen       total 87552K, used 3011K [0x0000000740000000, 0x0000000745580000, 0x0000000795580000)
  object space 87552K, 3% used [0x0000000740000000,0x00000007402f0f38,0x0000000745580000)
 Metaspace       used 20845K, capacity 21254K, committed 21296K, reserved 1069056K
  class space    used 2174K, capacity 2326K, committed 2352K, reserved 1048576K
Event: 15.585 GC heap after
Heap after GC invocations=3 (full 1):
 PSYoungGen      total 38400K, used 0K [0x0000000795580000, 0x0000000798000000, 0x00000007c0000000)
  eden space 33280K, 0% used [0x0000000795580000,0x0000000795580000,0x0000000797600000)
  from space 5120K, 0% used [0x0000000797b00000,0x0000000797b00000,0x0000000798000000)
  to   space 5120K, 0% used [0x0000000797600000,0x0000000797600000,0x0000000797b00000)
 ParOldGen       total 45056K, used 7939K [0x0000000740000000, 0x0000000742c00000, 0x0000000795580000)
  object space 45056K, 17% used [0x0000000740000000,0x00000007407c0fb8,0x0000000742c00000)
 Metaspace       used 20845K, capacity 21254K, committed 21296K, reserved 1069056K
  class space    used 2174K, capacity 2326K, committed 2352K, reserved 1048576K
}

Deoptimization events (10 events):
Event: 2.797 Thread 0x00007fd8ab28f800 Uncommon trap: reason=unstable_if action=reinterpret pc=0x0000000115f243dc method=java.lang.CharacterDataLatin1.digit(II)I @ 82
Event: 15.591 Thread 0x00007fd8ab28f800 Uncommon trap: reason=class_check action=maybe_recompile pc=0x0000000115ff1f34 method=java.util.HashMap.putVal(ILjava/lang/Object;Ljava/lang/Object;ZZ)Ljava/lang/Object; @ 91
Event: 15.592 Thread 0x00007fd8ab28f800 Uncommon trap: reason=class_check action=maybe_recompile pc=0x0000000115ff1f34 method=java.util.HashMap.putVal(ILjava/lang/Object;Ljava/lang/Object;ZZ)Ljava/lang/Object; @ 91
Event: 591.825 Thread 0x00007fd8ab28f800 Uncommon trap: reason=unstable_if action=reinterpret pc=0x0000000116088794 method=jogamp.common.util.locks.RecursiveLockImpl01Unfairish$SingleThreadSync.isOwner(Ljava/lang/Thread;)Z @ 5
Event: 591.836 Thread 0x00007fd8ab28f800 Uncommon trap: reason=unstable_if action=reinterpret pc=0x000000011608a3bc method=jogamp.common.util.locks.RecursiveLockImpl01Unfairish$SingleThreadSync.isOwner(Ljava/lang/Thread;)Z @ 5
Event: 591.836 Thread 0x00007fd8ab04a000 Uncommon trap: reason=unstable_if action=reinterpret pc=0x000000011608b788 method=jogamp.opengl.macosx.cgl.MacOSXCGLContext$NSOpenGLImpl$AttachGLLayerCmd.run()V @ 41
Event: 591.850 Thread 0x00007fd8ab04a000 Uncommon trap: reason=class_check action=maybe_recompile pc=0x0000000116088024 method=com.jogamp.common.util.RunnableTask.run()V @ 24
Event: 591.882 Thread 0x00007fd8ab04a000 Uncommon trap: reason=class_check action=maybe_recompile pc=0x0000000116088024 method=com.jogamp.common.util.RunnableTask.run()V @ 24
Event: 591.882 Thread 0x00007fd8ab04a000 Uncommon trap: reason=class_check action=maybe_recompile pc=0x0000000116088024 method=com.jogamp.common.util.RunnableTask.run()V @ 24
Event: 591.905 Thread 0x00007fd8ab04a000 Uncommon trap: reason=class_check action=maybe_recompile pc=0x0000000116088024 method=com.jogamp.common.util.RunnableTask.run()V @ 24

Internal exceptions (10 events):
Event: 2.018 Thread 0x00007fd8ab828800 Exception <a 'java/lang/NullPointerException'> (0x00000007956a3168) thrown at [/Users/java_re/workspace/8-2-build-macosx-x86_64/jdk8u131/8869/hotspot/src/share/vm/interpreter/linkResolver.cpp, line 1197]
Event: 2.585 Thread 0x00007fd8ab28f800 Exception <a 'java/io/FileNotFoundException'> (0x00000007961b38d8) thrown at [/Users/java_re/workspace/8-2-build-macosx-x86_64/jdk8u131/8869/hotspot/src/share/vm/prims/jni.cpp, line 709]
Event: 2.585 Thread 0x00007fd8ab28f800 Exception <a 'java/io/FileNotFoundException'> (0x00000007961bab78) thrown at [/Users/java_re/workspace/8-2-build-macosx-x86_64/jdk8u131/8869/hotspot/src/share/vm/prims/jni.cpp, line 709]
Event: 2.585 Thread 0x00007fd8ab28f800 Implicit null exception at 0x0000000115d15574 to 0x0000000115d1596d
Event: 2.738 Thread 0x00007fd8ab28f800 Implicit null exception at 0x0000000115ef1846 to 0x0000000115ef1a8d
Event: 591.798 Thread 0x00007fd8ab28f800 Exception <a 'java/net/SocketException'> (0x0000000795a85548) thrown at [/Users/java_re/workspace/8-2-build-macosx-x86_64/jdk8u131/8869/hotspot/src/share/vm/prims/jni.cpp, line 709]
Event: 591.801 Thread 0x00007fd8ab28f800 Exception <a 'java/net/SocketException'> (0x0000000795a86458) thrown at [/Users/java_re/workspace/8-2-build-macosx-x86_64/jdk8u131/8869/hotspot/src/share/vm/prims/jni.cpp, line 709]
Event: 591.803 Thread 0x00007fd8ab28f800 Exception <a 'java/security/PrivilegedActionException'> (0x0000000795a874c0) thrown at [/Users/java_re/workspace/8-2-build-macosx-x86_64/jdk8u131/8869/hotspot/src/share/vm/prims/jvm.cpp, line 1390]
Event: 591.824 Thread 0x00007fd8ab28f800 Exception <a 'java/lang/NullPointerException'> (0x0000000795ef0f20) thrown at [/Users/java_re/workspace/8-2-build-macosx-x86_64/jdk8u131/8869/hotspot/src/share/vm/interpreter/linkResolver.cpp, line 1197]
Event: 591.824 Thread 0x00007fd8ab28f800 Exception <a 'java/lang/NullPointerException'> (0x0000000795efed38) thrown at [/Users/java_re/workspace/8-2-build-macosx-x86_64/jdk8u131/8869/hotspot/src/share/vm/interpreter/linkResolver.cpp, line 1197]

Events (10 events):
Event: 591.890 loading class java/awt/Toolkit$ToolkitEventMulticaster
Event: 591.891 loading class java/awt/Toolkit$ToolkitEventMulticaster done
Event: 591.892 Thread 0x00007fd8aa12a000 Thread exited: 0x00007fd8aa12a000
Event: 591.893 loading class java/awt/Window$1DisposeAction
Event: 591.893 loading class java/awt/Window$1DisposeAction done
Event: 591.894 Executing VM operation: BulkRevokeBias
Event: 591.894 Executing VM operation: BulkRevokeBias done
Event: 591.905 Thread 0x00007fd8ab04a000 Uncommon trap: trap_request=0xffffffde fr.pc=0x0000000116088024
Event: 591.905 Thread 0x00007fd8ab04a000 DEOPT PACKING pc=0x0000000116088024 sp=0x00007fff56503720
Event: 591.905 Thread 0x00007fd8ab04a000 DEOPT UNPACKING pc=0x0000000115b3d229 sp=0x00007fff565036c8 mode 2


Dynamic libraries:
0x0000000035e26000 	/System/Library/Frameworks/Cocoa.framework/Versions/A/Cocoa
0x0000000035e26000 	/System/Library/Frameworks/Security.framework/Versions/A/Security
0x0000000035e26000 	/System/Library/Frameworks/ApplicationServices.framework/Versions/A/ApplicationServices
0x0000000035e26000 	/usr/lib/libz.1.dylib
0x0000000035e26000 	/usr/lib/libSystem.B.dylib
0x0000000035e26000 	/usr/lib/libobjc.A.dylib
0x0000000035e26000 	/System/Library/Frameworks/CoreFoundation.framework/Versions/A/CoreFoundation
0x0000000035e26000 	/System/Library/Frameworks/Foundation.framework/Versions/C/Foundation
0x0000000035e26000 	/System/Library/Frameworks/AppKit.framework/Versions/C/AppKit
0x0000000035e26000 	/System/Library/Frameworks/CoreData.framework/Versions/A/CoreData
0x0000000035e26000 	/System/Library/PrivateFrameworks/RemoteViewServices.framework/Versions/A/RemoteViewServices
0x0000000035e26000 	/System/Library/PrivateFrameworks/UIFoundation.framework/Versions/A/UIFoundation
0x0000000035e26000 	/System/Library/PrivateFrameworks/DFRFoundation.framework/Versions/A/DFRFoundation
0x0000000035e26000 	/usr/lib/libenergytrace.dylib
0x0000000035e26000 	/System/Library/PrivateFrameworks/SkyLight.framework/Versions/A/SkyLight
0x0000000035e26000 	/System/Library/Frameworks/CoreGraphics.framework/Versions/A/CoreGraphics
0x0000000035e26000 	/usr/lib/libScreenReader.dylib
0x0000000035e26000 	/System/Library/Frameworks/Accelerate.framework/Versions/A/Accelerate
0x0000000035e26000 	/System/Library/Frameworks/IOSurface.framework/Versions/A/IOSurface
0x0000000035e26000 	/System/Library/Frameworks/AudioToolbox.framework/Versions/A/AudioToolbox
0x0000000035e26000 	/System/Library/Frameworks/AudioUnit.framework/Versions/A/AudioUnit
0x0000000035e26000 	/System/Library/PrivateFrameworks/DataDetectorsCore.framework/Versions/A/DataDetectorsCore
0x0000000035e26000 	/System/Library/PrivateFrameworks/DesktopServicesPriv.framework/Versions/A/DesktopServicesPriv
0x0000000035e26000 	/System/Library/Frameworks/Carbon.framework/Versions/A/Frameworks/HIToolbox.framework/Versions/A/HIToolbox
0x0000000035e26000 	/usr/lib/libicucore.A.dylib
0x0000000035e26000 	/System/Library/Frameworks/QuartzCore.framework/Versions/A/QuartzCore
0x0000000035e26000 	/System/Library/Frameworks/Carbon.framework/Versions/A/Frameworks/SpeechRecognition.framework/Versions/A/SpeechRecognition
0x0000000035e26000 	/usr/lib/libauto.dylib
0x0000000035e26000 	/usr/lib/libxml2.2.dylib
0x0000000035e26000 	/System/Library/PrivateFrameworks/CoreUI.framework/Versions/A/CoreUI
0x0000000035e26000 	/System/Library/Frameworks/CoreAudio.framework/Versions/A/CoreAudio
0x0000000035e26000 	/System/Library/Frameworks/DiskArbitration.framework/Versions/A/DiskArbitration
0x0000000035e26000 	/usr/lib/liblangid.dylib
0x0000000035e26000 	/System/Library/PrivateFrameworks/MultitouchSupport.framework/Versions/A/MultitouchSupport
0x0000000035e26000 	/System/Library/Frameworks/IOKit.framework/Versions/A/IOKit
0x0000000035e26000 	/usr/lib/libDiagnosticMessagesClient.dylib
0x0000000035e26000 	/System/Library/Frameworks/CoreServices.framework/Versions/A/CoreServices
0x0000000035e26000 	/System/Library/PrivateFrameworks/PerformanceAnalysis.framework/Versions/A/PerformanceAnalysis
0x0000000035e26000 	/System/Library/PrivateFrameworks/GenerationalStorage.framework/Versions/A/GenerationalStorage
0x0000000035e26000 	/System/Library/Frameworks/OpenGL.framework/Versions/A/OpenGL
0x0000000035e26000 	/System/Library/Frameworks/CoreImage.framework/Versions/A/CoreImage
0x0000000035e26000 	/System/Library/Frameworks/CoreText.framework/Versions/A/CoreText
0x0000000035e26000 	/System/Library/Frameworks/ImageIO.framework/Versions/A/ImageIO
0x0000000035e26000 	/System/Library/PrivateFrameworks/Backup.framework/Versions/A/Backup
0x0000000035e26000 	/usr/lib/libarchive.2.dylib
0x0000000035e26000 	/System/Library/Frameworks/CFNetwork.framework/Versions/A/CFNetwork
0x0000000035e26000 	/System/Library/Frameworks/SystemConfiguration.framework/Versions/A/SystemConfiguration
0x0000000035e26000 	/usr/lib/libCRFSuite.dylib
0x0000000035e26000 	/usr/lib/libc++.1.dylib
0x0000000035e26000 	/usr/lib/libc++abi.dylib
0x0000000035e26000 	/usr/lib/system/libcache.dylib
0x0000000035e26000 	/usr/lib/system/libcommonCrypto.dylib
0x0000000035e26000 	/usr/lib/system/libcompiler_rt.dylib
0x0000000035e26000 	/usr/lib/system/libcopyfile.dylib
0x0000000035e26000 	/usr/lib/system/libcorecrypto.dylib
0x0000000035e26000 	/usr/lib/system/libdispatch.dylib
0x0000000035e26000 	/usr/lib/system/libdyld.dylib
0x0000000035e26000 	/usr/lib/system/libkeymgr.dylib
0x0000000035e26000 	/usr/lib/system/liblaunch.dylib
0x0000000035e26000 	/usr/lib/system/libmacho.dylib
0x0000000035e26000 	/usr/lib/system/libquarantine.dylib
0x0000000035e26000 	/usr/lib/system/libremovefile.dylib
0x0000000035e26000 	/usr/lib/system/libsystem_asl.dylib
0x0000000035e26000 	/usr/lib/system/libsystem_blocks.dylib
0x0000000035e26000 	/usr/lib/system/libsystem_c.dylib
0x0000000035e26000 	/usr/lib/system/libsystem_configuration.dylib
0x0000000035e26000 	/usr/lib/system/libsystem_coreservices.dylib
0x0000000035e26000 	/usr/lib/system/libsystem_coretls.dylib
0x0000000035e26000 	/usr/lib/system/libsystem_dnssd.dylib
0x0000000035e26000 	/usr/lib/system/libsystem_info.dylib
0x0000000035e26000 	/usr/lib/system/libsystem_kernel.dylib
0x0000000035e26000 	/usr/lib/system/libsystem_m.dylib
0x0000000035e26000 	/usr/lib/system/libsystem_malloc.dylib
0x0000000035e26000 	/usr/lib/system/libsystem_network.dylib
0x0000000035e26000 	/usr/lib/system/libsystem_networkextension.dylib
0x0000000035e26000 	/usr/lib/system/libsystem_notify.dylib
0x0000000035e26000 	/usr/lib/system/libsystem_platform.dylib
0x0000000035e26000 	/usr/lib/system/libsystem_pthread.dylib
0x0000000035e26000 	/usr/lib/system/libsystem_sandbox.dylib
0x0000000035e26000 	/usr/lib/system/libsystem_secinit.dylib
0x0000000035e26000 	/usr/lib/system/libsystem_symptoms.dylib
0x0000000035e26000 	/usr/lib/system/libsystem_trace.dylib
0x0000000035e26000 	/usr/lib/system/libunwind.dylib
0x0000000035e26000 	/usr/lib/system/libxpc.dylib
0x0000000035e26000 	/usr/lib/libbsm.0.dylib
0x0000000035e26000 	/usr/lib/system/libkxld.dylib
0x0000000035e26000 	/usr/lib/libcoretls.dylib
0x0000000035e26000 	/usr/lib/libcoretls_cfhelpers.dylib
0x0000000035e26000 	/usr/lib/libOpenScriptingUtil.dylib
0x0000000035e26000 	/usr/lib/libpam.2.dylib
0x0000000035e26000 	/usr/lib/libsqlite3.dylib
0x0000000035e26000 	/usr/lib/libxar.1.dylib
0x0000000035e26000 	/usr/lib/libbz2.1.0.dylib
0x0000000035e26000 	/usr/lib/liblzma.5.dylib
0x0000000035e26000 	/usr/lib/libnetwork.dylib
0x0000000035e26000 	/usr/lib/libpcap.A.dylib
0x0000000035e26000 	/System/Library/Frameworks/CoreServices.framework/Versions/A/Frameworks/FSEvents.framework/Versions/A/FSEvents
0x0000000035e26000 	/System/Library/Frameworks/CoreServices.framework/Versions/A/Frameworks/CarbonCore.framework/Versions/A/CarbonCore
0x0000000035e26000 	/System/Library/Frameworks/CoreServices.framework/Versions/A/Frameworks/Metadata.framework/Versions/A/Metadata
0x0000000035e26000 	/System/Library/Frameworks/CoreServices.framework/Versions/A/Frameworks/OSServices.framework/Versions/A/OSServices
0x0000000035e26000 	/System/Library/Frameworks/CoreServices.framework/Versions/A/Frameworks/SearchKit.framework/Versions/A/SearchKit
0x0000000035e26000 	/System/Library/Frameworks/CoreServices.framework/Versions/A/Frameworks/AE.framework/Versions/A/AE
0x0000000035e26000 	/System/Library/Frameworks/CoreServices.framework/Versions/A/Frameworks/LaunchServices.framework/Versions/A/LaunchServices
0x0000000035e26000 	/System/Library/Frameworks/CoreServices.framework/Versions/A/Frameworks/DictionaryServices.framework/Versions/A/DictionaryServices
0x0000000035e26000 	/System/Library/Frameworks/CoreServices.framework/Versions/A/Frameworks/SharedFileList.framework/Versions/A/SharedFileList
0x0000000035e26000 	/System/Library/Frameworks/NetFS.framework/Versions/A/NetFS
0x0000000035e26000 	/System/Library/PrivateFrameworks/NetAuth.framework/Versions/A/NetAuth
0x0000000035e26000 	/System/Library/PrivateFrameworks/login.framework/Versions/A/Frameworks/loginsupport.framework/Versions/A/loginsupport
0x0000000035e26000 	/System/Library/PrivateFrameworks/TCC.framework/Versions/A/TCC
0x0000000035e26000 	/usr/lib/libmecabra.dylib
0x0000000035e26000 	/System/Library/Frameworks/ApplicationServices.framework/Versions/A/Frameworks/ATS.framework/Versions/A/ATS
0x0000000035e26000 	/System/Library/Frameworks/ApplicationServices.framework/Versions/A/Frameworks/ColorSync.framework/Versions/A/ColorSync
0x0000000035e26000 	/System/Library/Frameworks/ApplicationServices.framework/Versions/A/Frameworks/HIServices.framework/Versions/A/HIServices
0x0000000035e26000 	/System/Library/Frameworks/ApplicationServices.framework/Versions/A/Frameworks/LangAnalysis.framework/Versions/A/LangAnalysis
0x0000000035e26000 	/System/Library/Frameworks/ApplicationServices.framework/Versions/A/Frameworks/PrintCore.framework/Versions/A/PrintCore
0x0000000035e26000 	/System/Library/Frameworks/ApplicationServices.framework/Versions/A/Frameworks/QD.framework/Versions/A/QD
0x0000000035e26000 	/System/Library/Frameworks/ApplicationServices.framework/Versions/A/Frameworks/SpeechSynthesis.framework/Versions/A/SpeechSynthesis
0x0000000035e26000 	/System/Library/Frameworks/Accelerate.framework/Versions/A/Frameworks/vImage.framework/Versions/A/vImage
0x0000000035e26000 	/System/Library/Frameworks/Accelerate.framework/Versions/A/Frameworks/vecLib.framework/Versions/A/vecLib
0x0000000035e26000 	/System/Library/Frameworks/Accelerate.framework/Versions/A/Frameworks/vecLib.framework/Versions/A/libvDSP.dylib
0x0000000035e26000 	/System/Library/Frameworks/Accelerate.framework/Versions/A/Frameworks/vecLib.framework/Versions/A/libBNNS.dylib
0x0000000035e26000 	/System/Library/Frameworks/Accelerate.framework/Versions/A/Frameworks/vecLib.framework/Versions/A/libQuadrature.dylib
0x0000000035e26000 	/System/Library/Frameworks/Accelerate.framework/Versions/A/Frameworks/vecLib.framework/Versions/A/libvMisc.dylib
0x0000000035e26000 	/System/Library/Frameworks/Accelerate.framework/Versions/A/Frameworks/vecLib.framework/Versions/A/libLAPACK.dylib
0x0000000035e26000 	/System/Library/Frameworks/Accelerate.framework/Versions/A/Frameworks/vecLib.framework/Versions/A/libBLAS.dylib
0x0000000035e26000 	/System/Library/Frameworks/Accelerate.framework/Versions/A/Frameworks/vecLib.framework/Versions/A/libLinearAlgebra.dylib
0x0000000035e26000 	/System/Library/Frameworks/Accelerate.framework/Versions/A/Frameworks/vecLib.framework/Versions/A/libSparseBLAS.dylib
0x0000000035e26000 	/System/Library/Frameworks/ApplicationServices.framework/Versions/A/Frameworks/ATS.framework/Versions/A/Resources/libFontParser.dylib
0x0000000035e26000 	/System/Library/Frameworks/ApplicationServices.framework/Versions/A/Frameworks/ATS.framework/Versions/A/Resources/libFontRegistry.dylib
0x0000000035e26000 	/System/Library/Frameworks/ImageIO.framework/Versions/A/Resources/libJPEG.dylib
0x0000000035e26000 	/System/Library/Frameworks/ImageIO.framework/Versions/A/Resources/libTIFF.dylib
0x0000000035e26000 	/System/Library/Frameworks/ImageIO.framework/Versions/A/Resources/libPng.dylib
0x0000000035e26000 	/System/Library/Frameworks/ImageIO.framework/Versions/A/Resources/libGIF.dylib
0x0000000035e26000 	/System/Library/Frameworks/ImageIO.framework/Versions/A/Resources/libJP2.dylib
0x0000000035e26000 	/System/Library/Frameworks/ImageIO.framework/Versions/A/Resources/libRadiance.dylib
0x0000000035e26000 	/usr/lib/libcompression.dylib
0x0000000035e26000 	/System/Library/PrivateFrameworks/AppleJPEG.framework/Versions/A/AppleJPEG
0x0000000035e26000 	/usr/lib/libcups.2.dylib
0x0000000035e26000 	/System/Library/Frameworks/Kerberos.framework/Versions/A/Kerberos
0x0000000035e26000 	/System/Library/Frameworks/GSS.framework/Versions/A/GSS
0x0000000035e26000 	/usr/lib/libresolv.9.dylib
0x0000000035e26000 	/usr/lib/libiconv.2.dylib
0x0000000035e26000 	/System/Library/PrivateFrameworks/Heimdal.framework/Versions/A/Heimdal
0x0000000035e26000 	/usr/lib/libheimdal-asn1.dylib
0x0000000035e26000 	/System/Library/Frameworks/OpenDirectory.framework/Versions/A/OpenDirectory
0x0000000035e26000 	/System/Library/PrivateFrameworks/CommonAuth.framework/Versions/A/CommonAuth
0x0000000035e26000 	/System/Library/Frameworks/OpenDirectory.framework/Versions/A/Frameworks/CFOpenDirectory.framework/Versions/A/CFOpenDirectory
0x0000000035e26000 	/System/Library/Frameworks/SecurityFoundation.framework/Versions/A/SecurityFoundation
0x0000000035e26000 	/System/Library/PrivateFrameworks/LanguageModeling.framework/Versions/A/LanguageModeling
0x0000000035e26000 	/usr/lib/libmarisa.dylib
0x0000000035e26000 	/usr/lib/libChineseTokenizer.dylib
0x0000000035e26000 	/usr/lib/libcmph.dylib
0x0000000035e26000 	/System/Library/PrivateFrameworks/CoreEmoji.framework/Versions/A/CoreEmoji
0x0000000035e26000 	/System/Library/Frameworks/ServiceManagement.framework/Versions/A/ServiceManagement
0x0000000035e26000 	/usr/lib/libxslt.1.dylib
0x0000000035e26000 	/System/Library/Frameworks/Carbon.framework/Versions/A/Frameworks/Ink.framework/Versions/A/Ink
0x0000000035e26000 	/System/Library/PrivateFrameworks/TextureIO.framework/Versions/A/TextureIO
0x0000000035e26000 	/System/Library/Frameworks/Metal.framework/Versions/A/Metal
0x0000000035e26000 	/usr/lib/libate.dylib
0x0000000035e26000 	/System/Library/PrivateFrameworks/GPUCompiler.framework/libmetal_timestamp.dylib
0x0000000035e26000 	/System/Library/Frameworks/OpenGL.framework/Versions/A/Libraries/libCoreFSCache.dylib
0x0000000035e26000 	/System/Library/PrivateFrameworks/IOAccelerator.framework/Versions/A/IOAccelerator
0x0000000035e26000 	/System/Library/Frameworks/CoreVideo.framework/Versions/A/CoreVideo
0x0000000035e26000 	/usr/lib/libFosl_dynamic.dylib
0x0000000035e26000 	/System/Library/PrivateFrameworks/MetalPerformanceShaders.framework/Versions/A/MetalPerformanceShaders
0x0000000035e26000 	/System/Library/PrivateFrameworks/FaceCore.framework/Versions/A/FaceCore
0x0000000035e26000 	/System/Library/Frameworks/OpenCL.framework/Versions/A/OpenCL
0x0000000035e26000 	/System/Library/Frameworks/OpenGL.framework/Versions/A/Libraries/libGLU.dylib
0x0000000035e26000 	/System/Library/Frameworks/OpenGL.framework/Versions/A/Libraries/libGFXShared.dylib
0x0000000035e26000 	/System/Library/Frameworks/OpenGL.framework/Versions/A/Libraries/libGL.dylib
0x0000000035e26000 	/System/Library/Frameworks/OpenGL.framework/Versions/A/Libraries/libGLImage.dylib
0x0000000035e26000 	/System/Library/Frameworks/OpenGL.framework/Versions/A/Libraries/libCVMSPluginSupport.dylib
0x0000000035e26000 	/System/Library/Frameworks/OpenGL.framework/Versions/A/Libraries/libCoreVMClient.dylib
0x0000000035e26000 	/System/Library/PrivateFrameworks/CrashReporterSupport.framework/Versions/A/CrashReporterSupport
0x0000000035e26000 	/System/Library/PrivateFrameworks/Sharing.framework/Versions/A/Sharing
0x0000000035e26000 	/System/Library/PrivateFrameworks/IconServices.framework/Versions/A/IconServices
0x0000000035e26000 	/System/Library/PrivateFrameworks/ProtocolBuffer.framework/Versions/A/ProtocolBuffer
0x0000000035e26000 	/System/Library/PrivateFrameworks/Apple80211.framework/Versions/A/Apple80211
0x0000000035e26000 	/System/Library/Frameworks/CoreWLAN.framework/Versions/A/CoreWLAN
0x0000000035e26000 	/System/Library/PrivateFrameworks/CoreUtils.framework/Versions/A/CoreUtils
0x0000000035e26000 	/System/Library/Frameworks/IOBluetooth.framework/Versions/A/IOBluetooth
0x0000000035e26000 	/System/Library/PrivateFrameworks/CoreWiFi.framework/Versions/A/CoreWiFi
0x0000000035e26000 	/System/Library/Frameworks/CoreBluetooth.framework/Versions/A/CoreBluetooth
0x0000000035e26000 	/System/Library/Frameworks/CoreDisplay.framework/Versions/A/CoreDisplay
0x0000000035e26000 	/System/Library/PrivateFrameworks/IOPresentment.framework/Versions/A/IOPresentment
0x0000000035e26000 	/System/Library/PrivateFrameworks/DSExternalDisplay.framework/Versions/A/DSExternalDisplay
0x0000000035e26000 	/System/Library/PrivateFrameworks/DebugSymbols.framework/Versions/A/DebugSymbols
0x0000000035e26000 	/System/Library/PrivateFrameworks/CoreSymbolication.framework/Versions/A/CoreSymbolication
0x0000000035e26000 	/System/Library/PrivateFrameworks/Symbolication.framework/Versions/A/Symbolication
0x0000000035e26000 	/System/Library/PrivateFrameworks/AppleFSCompression.framework/Versions/A/AppleFSCompression
0x0000000035e26000 	/System/Library/PrivateFrameworks/SpeechRecognitionCore.framework/Versions/A/SpeechRecognitionCore
0x0000000035e26000 	/System/Library/PrivateFrameworks/ChunkingLibrary.framework/Versions/A/ChunkingLibrary
0x0000000109775000 	/Library/Java/JavaVirtualMachines/jdk1.8.0_131.jdk/Contents/Home/jre/lib/server/libjvm.dylib
0x0000000035e26000 	/usr/lib/libstdc++.6.dylib
0x000000010a718000 	/Library/Java/JavaVirtualMachines/jdk1.8.0_131.jdk/Contents/Home/jre/lib/libverify.dylib
0x000000010a726000 	/Library/Java/JavaVirtualMachines/jdk1.8.0_131.jdk/Contents/Home/jre/lib/libjava.dylib
0x000000010a765000 	/Library/Java/JavaVirtualMachines/jdk1.8.0_131.jdk/Contents/Home/jre/lib/libzip.dylib
0x00000001118d3000 	/System/Library/Frameworks/JavaVM.framework/Frameworks/JavaRuntimeSupport.framework/JavaRuntimeSupport
0x00000001118ed000 	/System/Library/Frameworks/JavaVM.framework/Versions/A/Frameworks/JavaNativeFoundation.framework/Versions/A/JavaNativeFoundation
0x0000000111902000 	/System/Library/Frameworks/JavaVM.framework/Versions/A/JavaVM
0x0000000035e26000 	/System/Library/Frameworks/Carbon.framework/Versions/A/Carbon
0x000000011190f000 	/System/Library/PrivateFrameworks/JavaLaunching.framework/Versions/A/JavaLaunching
0x0000000035e26000 	/System/Library/Frameworks/Carbon.framework/Versions/A/Frameworks/CommonPanels.framework/Versions/A/CommonPanels
0x0000000035e26000 	/System/Library/Frameworks/Carbon.framework/Versions/A/Frameworks/Help.framework/Versions/A/Help
0x0000000035e26000 	/System/Library/Frameworks/Carbon.framework/Versions/A/Frameworks/ImageCapture.framework/Versions/A/ImageCapture
0x0000000035e26000 	/System/Library/Frameworks/Carbon.framework/Versions/A/Frameworks/OpenScripting.framework/Versions/A/OpenScripting
0x0000000035e26000 	/System/Library/Frameworks/Carbon.framework/Versions/A/Frameworks/Print.framework/Versions/A/Print
0x0000000035e26000 	/System/Library/Frameworks/Carbon.framework/Versions/A/Frameworks/SecurityHI.framework/Versions/A/SecurityHI
0x0000000113257000 	/Library/Java/JavaVirtualMachines/jdk1.8.0_131.jdk/Contents/Home/jre/lib/libawt.dylib
0x00000001132ff000 	/Library/Java/JavaVirtualMachines/jdk1.8.0_131.jdk/Contents/Home/jre/lib/./libmlib_image.dylib
0x00000001133cb000 	/Library/Java/JavaVirtualMachines/jdk1.8.0_131.jdk/Contents/Home/jre/lib/libawt_lwawt.dylib
0x0000000113482000 	/Library/Java/JavaVirtualMachines/jdk1.8.0_131.jdk/Contents/Home/jre/lib/./libosxapp.dylib
0x0000000035e26000 	/System/Library/Frameworks/ExceptionHandling.framework/Versions/A/ExceptionHandling
0x0000000035e26000 	/System/Library/PrivateFrameworks/CoreServicesInternal.framework/Versions/A/CoreServicesInternal
0x0000000035e26000 	/System/Library/CoreServices/RawCamera.bundle/Contents/MacOS/RawCamera
0x0000000035e26000 	/System/Library/Frameworks/Accelerate.framework/Versions/A/Frameworks/vImage.framework/Versions/A/Libraries/libCGInterfaces.dylib
0x0000000035e26000 	/System/Library/Frameworks/ApplicationServices.framework/Versions/A/Frameworks/ATS.framework/Versions/A/Resources/libTrueTypeScaler.dylib
0x00000001151fc000 	/System/Library/Frameworks/OpenGL.framework/Resources/GLEngine.bundle/GLEngine
0x0000000035e26000 	/System/Library/Frameworks/OpenGL.framework/Versions/A/Libraries/libGLProgrammability.dylib
0x0000000124b38000 	/System/Library/Extensions/AppleIntelKBLGraphicsGLDriver.bundle/Contents/MacOS/AppleIntelKBLGraphicsGLDriver
0x0000000035e26000 	/System/Library/PrivateFrameworks/GPUSupport.framework/Versions/A/Libraries/libGPUSupportMercury.dylib
0x00000001153e1000 	/System/Library/Frameworks/OpenGL.framework/Resources//GLRendererFloat.bundle/GLRendererFloat
0x0000000035e26000 	/System/Library/Frameworks/OpenCL.framework/Versions/A/Libraries/libcldcpuengine.dylib
0x0000000035e26000 	/usr/lib/libcrypto.0.9.8.dylib
0x0000000035e26000 	/System/Library/PrivateFrameworks/TrustEvaluationAgent.framework/Versions/A/TrustEvaluationAgent
0x0000000115415000 	/System/Library/Extensions/AppleIntelKBLGraphicsMTLDriver.bundle/Contents/MacOS/AppleIntelKBLGraphicsMTLDriver
0x0000000035e26000 	/System/Library/PrivateFrameworks/FamilyControls.framework/Versions/A/FamilyControls
0x0000000035e26000 	/System/Library/PrivateFrameworks/CommerceKit.framework/Versions/A/Frameworks/CommerceCore.framework/Versions/A/CommerceCore
0x0000000035e26000 	/System/Library/PrivateFrameworks/SystemAdministration.framework/Versions/A/SystemAdministration
0x0000000035e26000 	/System/Library/PrivateFrameworks/AppContainer.framework/Versions/A/AppContainer
0x0000000035e26000 	/System/Library/PrivateFrameworks/SecCodeWrapper.framework/Versions/A/SecCodeWrapper
0x0000000035e26000 	/System/Library/Frameworks/DirectoryService.framework/Versions/A/DirectoryService
0x0000000035e26000 	/System/Library/PrivateFrameworks/DiskImages.framework/Versions/A/DiskImages
0x0000000035e26000 	/System/Library/PrivateFrameworks/LoginUIKit.framework/Versions/A/Frameworks/LoginUICore.framework/Versions/A/LoginUICore
0x0000000035e26000 	/usr/lib/libCoreStorage.dylib
0x0000000035e26000 	/usr/lib/libcsfde.dylib
0x0000000035e26000 	/usr/lib/libodfde.dylib
0x0000000035e26000 	/System/Library/Frameworks/DiscRecording.framework/Versions/A/DiscRecording
0x0000000035e26000 	/usr/lib/libcurl.4.dylib
0x0000000035e26000 	/System/Library/PrivateFrameworks/MediaKit.framework/Versions/A/MediaKit
0x0000000035e26000 	/System/Library/PrivateFrameworks/ProtectedCloudStorage.framework/Versions/A/ProtectedCloudStorage
0x0000000035e26000 	/System/Library/PrivateFrameworks/EFILogin.framework/Versions/A/EFILogin
0x0000000035e26000 	/usr/lib/libutil.dylib
0x0000000035e26000 	/System/Library/Frameworks/LDAP.framework/Versions/A/LDAP
0x0000000035e26000 	/usr/lib/libsasl2.2.dylib
0x0000000035e26000 	/System/Library/PrivateFrameworks/CoreDaemon.framework/Versions/B/CoreDaemon
0x0000000035e26000 	/System/Library/PrivateFrameworks/AppleSRP.framework/Versions/A/AppleSRP
0x0000000035e26000 	/System/Library/PrivateFrameworks/APFS.framework/Versions/A/APFS
0x00000001270f0000 	/Library/Java/JavaVirtualMachines/jdk1.8.0_131.jdk/Contents/Home/jre/lib/libfontmanager.dylib
0x00000001281b3000 	/Library/Java/JavaVirtualMachines/jdk1.8.0_131.jdk/Contents/Home/jre/lib/libosxui.dylib
0x0000000035e26000 	/System/Library/PrivateFrameworks/ViewBridge.framework/Versions/A/ViewBridge
0x0000000035e26000 	/System/Library/PrivateFrameworks/XPCService.framework/Versions/A/XPCService
0x0000000035e26000 	/System/Library/PrivateFrameworks/AppSandbox.framework/Versions/A/AppSandbox
0x0000000035e26000 	/usr/lib/libsandbox.1.dylib
0x0000000035e26000 	/usr/lib/libMatch.1.dylib
0x0000000129144000 	/Library/Java/JavaVirtualMachines/jdk1.8.0_131.jdk/Contents/Home/jre/lib/libnet.dylib
0x00000001290a1000 	/Library/Java/JavaVirtualMachines/jdk1.8.0_131.jdk/Contents/Home/jre/lib/libnio.dylib
0x0000000128240000 	/private/var/folders/jq/l0jglkhs1w1bwklv8c2_sz5w0000gn/T/jogamp_0000/file_cache/jln6723545914621491843/jln2501180807024205520/libgluegen-rt.jnilib
0x0000000128244000 	/private/var/folders/jq/l0jglkhs1w1bwklv8c2_sz5w0000gn/T/jogamp_0000/file_cache/jln6723545914621491843/jln2501180807024205520/libnativewindow_awt.jnilib
0x0000000128271000 	/Library/Java/JavaVirtualMachines/jdk1.8.0_131.jdk/Contents/Home/jre/lib/libjawt.dylib
0x0000000128274000 	/private/var/folders/jq/l0jglkhs1w1bwklv8c2_sz5w0000gn/T/jogamp_0000/file_cache/jln6723545914621491843/jln2501180807024205520/libnativewindow_macosx.jnilib
0x00000001919c3000 	/private/var/folders/jq/l0jglkhs1w1bwklv8c2_sz5w0000gn/T/jogamp_0000/file_cache/jln6723545914621491843/jln2501180807024205520/libjogl_desktop.jnilib
0x0000000191be3000 	/Library/Java/JavaVirtualMachines/jdk1.8.0_131.jdk/Contents/Home/jre/lib/libsunec.dylib

VM Arguments:
jvm_args: -Djava.security.policy=java.policy.applet -Dfile.encoding=UTF-8 
java_command: sun.applet.AppletViewer module3.EarthquakeCityMap1500502123223.html
java_class_path (initial): /Users/haeunkim/Documents/UCSDUnfoldingMaps/build:/Users/haeunkim/Documents/UCSDUnfoldingMaps/lib/core.jar:/Users/haeunkim/Documents/UCSDUnfoldingMaps/lib/gluegen-rt.jar:/Users/haeunkim/Documents/UCSDUnfoldingMaps/lib/jogl-all.jar:/Users/haeunkim/Documents/UCSDUnfoldingMaps/lib/log4j-1.2.15.jar:/Users/haeunkim/Documents/UCSDUnfoldingMaps/lib/sqlite-jdbc-3.7.2.jar:/Users/haeunkim/Documents/UCSDUnfoldingMaps/lib/json4processing.jar:/Users/haeunkim/Documents/UCSDUnfoldingMaps/lib/libTUIO.jar:/Users/haeunkim/Documents/UCSDUnfoldingMaps/lib/unfolding.0.9.7-uscd.jar
Launcher Type: SUN_STANDARD

Environment Variables:
PATH=/usr/bin:/bin:/usr/sbin:/sbin
SHELL=/bin/bash

Signal Handlers:
SIGSEGV: [libjvm.dylib+0x5b1eb1], sa_mask[0]=11111111011111110111111111111111, sa_flags=SA_ONSTACK|SA_RESTART|SA_SIGINFO
SIGBUS: [libjvm.dylib+0x5b1eb1], sa_mask[0]=11111111011111110111111111111111, sa_flags=SA_RESTART|SA_SIGINFO
SIGFPE: [libjvm.dylib+0x488988], sa_mask[0]=11111111011111110111111111111111, sa_flags=SA_RESTART|SA_SIGINFO
SIGPIPE: [libjvm.dylib+0x488988], sa_mask[0]=11111111011111110111111111111111, sa_flags=SA_RESTART|SA_SIGINFO
SIGXFSZ: [libjvm.dylib+0x488988], sa_mask[0]=11111111011111110111111111111111, sa_flags=SA_RESTART|SA_SIGINFO
SIGILL: [libjvm.dylib+0x488988], sa_mask[0]=11111111011111110111111111111111, sa_flags=SA_RESTART|SA_SIGINFO
SIGUSR1: SIG_DFL, sa_mask[0]=00000000000000000000000000000000, sa_flags=none
SIGUSR2: [libjvm.dylib+0x4884a6], sa_mask[0]=00100000000000000000000000000000, sa_flags=SA_RESTART|SA_SIGINFO
SIGHUP: [libjvm.dylib+0x486a7d], sa_mask[0]=11111111011111110111111111111111, sa_flags=SA_RESTART|SA_SIGINFO
SIGINT: [libjvm.dylib+0x486a7d], sa_mask[0]=11111111011111110111111111111111, sa_flags=SA_RESTART|SA_SIGINFO
SIGTERM: [libjvm.dylib+0x486a7d], sa_mask[0]=11111111011111110111111111111111, sa_flags=SA_RESTART|SA_SIGINFO
SIGQUIT: [libjvm.dylib+0x486a7d], sa_mask[0]=11111111011111110111111111111111, sa_flags=SA_RESTART|SA_SIGINFO


---------------  S Y S T E M  ---------------

OS:Bsduname:Darwin 16.6.0 Darwin Kernel Version 16.6.0: Fri Apr 14 16:13:31 PDT 2017; root:xnu-3789.60.24~4/RELEASE_X86_64 x86_64
rlimit: STACK 8192k, CORE 0k, NPROC 709, NOFILE 10240, AS infinity
load average:1.31 1.35 1.40

CPU:total 4 (initial active 4) (2 cores per cpu, 2 threads per core) family 6 model 142 stepping 9, cmov, cx8, fxsr, mmx, sse, sse2, sse3, ssse3, sse4.1, sse4.2, popcnt, avx, avx2, aes, clmul, erms, rtm, 3dnowpref, lzcnt, ht, tsc, tscinvbit, bmi1, bmi2, adx

Memory: 4k page, physical 8388608k(61136k free)

/proc/meminfo:


vm_info: Java HotSpot(TM) 64-Bit Server VM (25.131-b11) for bsd-amd64 JRE (1.8.0_131-b11), built on Mar 15 2017 01:32:22 by "java_re" with gcc 4.2.1 (Based on Apple Inc. build 5658) (LLVM build 2336.11.00)

time: Wed Jul 19 15:18:37 2017
elapsed time: 591 seconds (0d 0h 9m 51s)

