#
# A fatal error has been detected by the Java Runtime Environment:
#
#  SIGSEGV (0xb) at pc=0x00007fffc00aa05d, pid=7016, tid=0x0000000000000307
#
# JRE version: Java(TM) SE Runtime Environment (8.0_131-b11) (build 1.8.0_131-b11)
# Java VM: Java HotSpot(TM) 64-Bit Server VM (25.131-b11 mixed mode bsd-amd64 compressed oops)
# Problematic frame:
# C  [libobjc.A.dylib+0x705d]  objc_msgSend+0x1d
#
# Failed to write core dump. Core dumps have been disabled. To enable core dumping, try "ulimit -c unlimited" before starting Java again
#
# If you would like to submit a bug report, please visit:
#   http://bugreport.java.com/bugreport/crash.jsp
# The crash happened outside the Java Virtual Machine in native code.
# See problematic frame for where to report the bug.
#

---------------  T H R E A D  ---------------

Current thread (0x00007fb643895000):  JavaThread "AWT-AppKit" daemon [_thread_in_native, id=775, stack(0x00007fff59fa4000,0x00007fff5a7a4000)]

siginfo: si_signo: 11 (SIGSEGV), si_code: 1 (SEGV_MAPERR), si_addr: 0x0000000000000018

Registers:
RAX=0x00007fb642ed2850, RBX=0x000000018d694450, RCX=0x00007fb645200100, RDX=0x0000000000000000
RSP=0x00007fff5a79f3b8, RBP=0x00007fff5a79f470, RSI=0x00007fffa9944116, RDI=0x00007fb64898a3a0
R8 =0x0000000000000018, R9 =0x00007fb645200120, R10=0x0000000000000000, R11=0x00007fffa9944116
R12=0x0000000000000000, R13=0x0000000192694978, R14=0x000000018d694440, R15=0x00007fb643895000
RIP=0x00007fffc00aa05d, EFLAGS=0x0000000000010246, ERR=0x0000000000000004
  TRAPNO=0x000000000000000e

Top of Stack: (sp=0x00007fff5a79f3b8)
0x00007fff5a79f3b8:   000000018d692157 00007fff5a79f410
0x00007fff5a79f3c8:   0000000000000003 00007fff5a79f3f0
0x00007fff5a79f3d8:   0000000105ff36d2 0000000192694978
0x00007fff5a79f3e8:   0000000192694978 00007fb642ed2850
0x00007fff5a79f3f8:   000000018d6946a0 000000018d694710
0x00007fff5a79f408:   00007fffc610e6d0 00007fffc6d3e1e0
0x00007fff5a79f418:   000000018d694450 000000018d694690
0x00007fff5a79f428:   00007fb642ed2850 00007fb64898a3a0
0x00007fff5a79f438:   00007fb6489215e0 00007fb642ed2850
0x00007fff5a79f448:   00007fb64898a3a0 00007fff5a79f4f8
0x00007fff5a79f458:   00007fb6438951f8 0000000192694978
0x00007fff5a79f468:   00007fff5a79f520 00007fff5a79f4e8
0x00007fff5a79f478:   0000000109cb09f4 0000000192694978
0x00007fff5a79f488:   00007fff5a79f520 00007fff5a79f4e8
0x00007fff5a79f498:   0000000109cb0787 0000000109cb0742
0x00007fff5a79f4a8:   00007fff5a79f4a8 0000000192694978
0x00007fff5a79f4b8:   00007fff5a79f520 00000001926b8028
0x00007fff5a79f4c8:   0000000000000000 0000000192694978
0x00007fff5a79f4d8:   0000000000000000 00007fff5a79f508
0x00007fff5a79f4e8:   00007fff5a79f568 0000000109ca12bd
0x00007fff5a79f4f8:   0000000740407cd8 0000000109caa538
0x00007fff5a79f508:   00007fb642ed2850 00007fff5a79f568
0x00007fff5a79f518:   00007fb64898a3a0 0000000109cabe02
0x00007fff5a79f528:   00007fff5a79f528 0000000192694b42
0x00007fff5a79f538:   00007fff5a79f590 00000001926b8028
0x00007fff5a79f548:   0000000000000000 0000000192694b50
0x00007fff5a79f558:   00007fff5a79f508 00007fff5a79f578
0x00007fff5a79f568:   00007fff5a79f5d8 0000000109ca12bd
0x00007fff5a79f578:   00007fb642ed2850 00000007402b67d8
0x00007fff5a79f588:   00007fb64898a3a0 00000007402b67d8
0x00007fff5a79f598:   00007fff5a79f598 000000011fd02ab6
0x00007fff5a79f5a8:   00007fff5a79f5e8 000000011fd02b70 

Instructions: (pc=0x00007fffc00aa05d)
0x00007fffc00aa03d:   0f 1f 00 48 85 ff 2e 74 62 40 f6 c7 01 2e 75 66
0x00007fffc00aa04d:   49 ba f8 ff ff ff ff 7f 00 00 4c 23 17 49 89 f3
0x00007fffc00aa05d:   45 23 5a 18 49 c1 e3 04 4d 03 5a 10 49 3b 33 75
0x00007fffc00aa06d:   04 41 ff 63 08 49 83 3b 01 76 0d 49 83 c3 10 49 

Register to memory mapping:

RAX=0x00007fb642ed2850 is an unknown value
RBX=0x000000018d694450: Java_jogamp_nativewindow_macosx_OSXUtil_GetScreenRefreshRate0+0x1cf0 in /private/var/folders/jq/l0jglkhs1w1bwklv8c2_sz5w0000gn/T/jogamp_0000/file_cache/jln1724657712225472263/jln3901477222706993053/libnativewindow_macosx.jnilib at 0x000000018d68d000
RCX=0x00007fb645200100 is an unknown value
RDX=0x0000000000000000 is an unknown value
RSP=0x00007fff5a79f3b8 is pointing into the stack for thread: 0x00007fb643895000
RBP=0x00007fff5a79f470 is pointing into the stack for thread: 0x00007fb643895000
RSI=0x00007fffa9944116: __NSStyleNameIndexTable+0x7fd5e in /System/Library/Frameworks/AppKit.framework/Versions/C/AppKit at 0x00007fffa8cd7000
RDI=0x00007fb64898a3a0 is an unknown value
R8 =0x0000000000000018 is an unknown value
R9 =0x00007fb645200120 is an unknown value
R10=0x0000000000000000 is an unknown value
R11=0x00007fffa9944116: __NSStyleNameIndexTable+0x7fd5e in /System/Library/Frameworks/AppKit.framework/Versions/C/AppKit at 0x00007fffa8cd7000
R12=0x0000000000000000 is an unknown value
R13={method} {0x0000000192694978} 'UnsetJAWTRootSurfaceLayer0' '(JJ)V' in 'jogamp/nativewindow/jawt/macosx/MacOSXJAWTWindow'
R14=0x000000018d694440: Java_jogamp_nativewindow_macosx_OSXUtil_GetScreenRefreshRate0+0x1ce0 in /private/var/folders/jq/l0jglkhs1w1bwklv8c2_sz5w0000gn/T/jogamp_0000/file_cache/jln1724657712225472263/jln3901477222706993053/libnativewindow_macosx.jnilib at 0x000000018d68d000
R15=0x00007fb643895000 is a thread


Stack: [0x00007fff59fa4000,0x00007fff5a7a4000],  sp=0x00007fff5a79f3b8,  free space=8172k
Native frames: (J=compiled Java code, j=interpreted, Vv=VM code, C=native code)
C  [libobjc.A.dylib+0x705d]  objc_msgSend+0x1d
j  jogamp.nativewindow.jawt.macosx.MacOSXJAWTWindow.UnsetJAWTRootSurfaceLayer0(JJ)V+0
j  jogamp.nativewindow.jawt.macosx.MacOSXJAWTWindow.access$200(JJ)V+2
j  jogamp.nativewindow.jawt.macosx.MacOSXJAWTWindow$1.run()V+38
J 1522 C1 com.jogamp.common.util.RunnableTask.run()V (345 bytes) @ 0x000000010a1f17b4 [0x000000010a1f1620+0x194]
v  ~StubRoutines::call_stub
V  [libjvm.dylib+0x2ee5b6]  JavaCalls::call_helper(JavaValue*, methodHandle*, JavaCallArguments*, Thread*)+0x6ae
V  [libjvm.dylib+0x325765]  jni_invoke_nonstatic(JNIEnv_*, JavaValue*, _jobject*, JNICallType, _jmethodID*, JNI_ArgumentPusher*, Thread*)+0x2ec
V  [libjvm.dylib+0x317f33]  jni_CallVoidMethod+0x16b
C  [libnativewindow_macosx.jnilib+0x5326]  Java_jogamp_nativewindow_jawt_macosx_MacOSXJAWTWindow_UnsetJAWTRootSurfaceLayer0+0x2b6
C  [Foundation+0x717ba]  __NSThreadPerformPerform+0x146
C  [CoreFoundation+0xa7321]  __CFRUNLOOP_IS_CALLING_OUT_TO_A_SOURCE0_PERFORM_FUNCTION__+0x11
C  [CoreFoundation+0x8821d]  __CFRunLoopDoSources0+0x22d
C  [CoreFoundation+0x87716]  __CFRunLoopRun+0x3a6
C  [CoreFoundation+0x87114]  CFRunLoopRunSpecific+0x1a4
C  [HIToolbox+0x30ebc]  RunCurrentEventLoopInMode+0xf0
C  [HIToolbox+0x30bf9]  ReceiveNextEventCommon+0xb8
C  [HIToolbox+0x30b26]  _BlockUntilNextEventMatchingListInModeWithFilter+0x47
C  [AppKit+0x46a54]  _DPSNextEvent+0x460
C  [AppKit+0x7c27ee]  -[NSApplication(NSEvent) _nextEventMatchingEventMask:untilDate:inMode:dequeue:]+0xaec
C  [libosxapp.dylib+0x23aa]  -[NSApplicationAWT nextEventMatchingMask:untilDate:inMode:dequeue:]+0x7c
C  [AppKit+0x3b3db]  -[NSApplication run]+0x39e
C  [libosxapp.dylib+0x214d]  +[NSApplicationAWT runAWTLoopWithApp:]+0x9c
C  [libawt_lwawt.dylib+0x45edf]  -[AWTStarter starter:]+0x389
C  [Foundation+0x717ba]  __NSThreadPerformPerform+0x146
C  [CoreFoundation+0xa7321]  __CFRUNLOOP_IS_CALLING_OUT_TO_A_SOURCE0_PERFORM_FUNCTION__+0x11
C  [CoreFoundation+0x8821d]  __CFRunLoopDoSources0+0x22d
C  [CoreFoundation+0x87716]  __CFRunLoopRun+0x3a6
C  [CoreFoundation+0x87114]  CFRunLoopRunSpecific+0x1a4
C  [java+0x6465]  CreateExecutionEnvironment+0x367
C  [java+0x218c]  JLI_Launch+0x7a0
C  [java+0x84c2]  main+0x65
C  [java+0x19e4]  start+0x34
C  0x0000000000000007

Java frames: (J=compiled Java code, j=interpreted, Vv=VM code)
j  jogamp.nativewindow.jawt.macosx.MacOSXJAWTWindow.UnsetJAWTRootSurfaceLayer0(JJ)V+0
j  jogamp.nativewindow.jawt.macosx.MacOSXJAWTWindow.access$200(JJ)V+2
j  jogamp.nativewindow.jawt.macosx.MacOSXJAWTWindow$1.run()V+38
J 1522 C1 com.jogamp.common.util.RunnableTask.run()V (345 bytes) @ 0x000000010a1f17b4 [0x000000010a1f1620+0x194]
v  ~StubRoutines::call_stub

---------------  P R O C E S S  ---------------

Java Threads: ( => current thread )
  0x00007fb643b82000 JavaThread "Thread-19" [_thread_blocked, id=72239, stack(0x00007000086e5000,0x00007000087e5000)]
  0x00007fb6437eb000 JavaThread "Thread-18" [_thread_in_native, id=35503, stack(0x00007000067ff000,0x00007000068ff000)]
  0x00007fb6444ae000 JavaThread "Image Fetcher 1" daemon [_thread_blocked, id=24559, stack(0x00007000083dc000,0x00007000084dc000)]
  0x00007fb643da2000 JavaThread "Thread-16" [_thread_in_native, id=4659, stack(0x00007000080d3000,0x00007000081d3000)]
  0x00007fb64446c800 JavaThread "Thread-11" [_thread_in_native, id=35855, stack(0x00007000082d9000,0x00007000083d9000)]
  0x00007fb649096800 JavaThread "Image Fetcher 0" daemon [_thread_blocked, id=70659, stack(0x00007000085e2000,0x00007000086e2000)]
  0x00007fb6448d3800 JavaThread "Keep-Alive-Timer" daemon [_thread_blocked, id=70287, stack(0x00007000084df000,0x00007000085df000)]
  0x00007fb643b11800 JavaThread "Animation Thread" [_thread_blocked, id=65635, stack(0x0000700007e4a000,0x0000700007f4a000)]
  0x00007fb6441ce800 JavaThread "AWT-EventQueue-1" [_thread_in_native, id=66835, stack(0x0000700007f4d000,0x000070000804d000)]
  0x00007fb6441c1000 JavaThread "DestroyJavaVM" [_thread_blocked, id=7171, stack(0x0000700006905000,0x0000700006a05000)]
  0x00007fb643b55000 JavaThread "AWT-EventQueue-0" [_thread_blocked, id=59651, stack(0x0000700007cc4000,0x0000700007dc4000)]
  0x00007fb6448c5000 JavaThread "Java2D Disposer" daemon [_thread_blocked, id=56335, stack(0x0000700007a3b000,0x0000700007b3b000)]
  0x00007fb643ac1000 JavaThread "Java2D Queue Flusher" daemon [_thread_blocked, id=54279, stack(0x0000700007938000,0x0000700007a38000)]
  0x00007fb643898000 JavaThread "AWT-Shutdown" [_thread_blocked, id=29727, stack(0x00007000077b2000,0x00007000078b2000)]
=>0x00007fb643895000 JavaThread "AWT-AppKit" daemon [_thread_in_native, id=775, stack(0x00007fff59fa4000,0x00007fff5a7a4000)]
  0x00007fb64382b800 JavaThread "Service Thread" daemon [_thread_blocked, id=18435, stack(0x0000700007529000,0x0000700007629000)]
  0x00007fb644808800 JavaThread "C1 CompilerThread2" daemon [_thread_blocked, id=17923, stack(0x0000700007426000,0x0000700007526000)]
  0x00007fb64301e000 JavaThread "C2 CompilerThread1" daemon [_thread_blocked, id=17411, stack(0x0000700007323000,0x0000700007423000)]
  0x00007fb644800800 JavaThread "C2 CompilerThread0" daemon [_thread_blocked, id=16899, stack(0x0000700007220000,0x0000700007320000)]
  0x00007fb644014800 JavaThread "Signal Dispatcher" daemon [_thread_blocked, id=16387, stack(0x000070000711d000,0x000070000721d000)]
  0x00007fb644012800 JavaThread "Finalizer" daemon [_thread_blocked, id=12547, stack(0x000070000701a000,0x000070000711a000)]
  0x00007fb644804800 JavaThread "Reference Handler" daemon [_thread_blocked, id=12035, stack(0x0000700006f17000,0x0000700007017000)]

Other Threads:
  0x00007fb64301a000 VMThread [stack: 0x0000700006e14000,0x0000700006f14000] [id=11523]
  0x00007fb643034000 WatcherThread [stack: 0x000070000762c000,0x000070000772c000] [id=18947]

VM state:not at safepoint (normal execution)

VM Mutex/Monitor currently owned by a thread: None

Heap:
 PSYoungGen      total 38400K, used 31766K [0x0000000795580000, 0x0000000798000000, 0x00000007c0000000)
  eden space 33280K, 80% used [0x0000000795580000,0x0000000796f8c5e0,0x0000000797600000)
  from space 5120K, 99% used [0x0000000797600000,0x0000000797af94d0,0x0000000797b00000)
  to   space 5120K, 0% used [0x0000000797b00000,0x0000000797b00000,0x0000000798000000)
 ParOldGen       total 45056K, used 12276K [0x0000000740000000, 0x0000000742c00000, 0x0000000795580000)
  object space 45056K, 27% used [0x0000000740000000,0x0000000740bfd0c8,0x0000000742c00000)
 Metaspace       used 23912K, capacity 24313K, committed 24624K, reserved 1071104K
  class space    used 2420K, capacity 2553K, committed 2608K, reserved 1048576K

Card table byte_map: [0x0000000107163000,0x0000000107564000] byte_map_base: 0x0000000103763000

Marking Bits: (ParMarkBitMap*) 0x00000001066f1ea0
 Begin Bits: [0x0000000118c99000, 0x000000011ac99000)
 End Bits:   [0x000000011ac99000, 0x000000011cc99000)

Polling page: 0x000000010551c000

CodeCache: size=245760Kb used=8211Kb max_used=9083Kb free=237548Kb
 bounds [0x0000000109c99000, 0x000000010a589000, 0x0000000118c99000]
 total_blobs=3302 nmethods=2363 adapters=852
 compilation: enabled

Compilation events (10 events):
Event: 11.307 Thread 0x00007fb644808800 2628       3       com.jogamp.opengl.GLRendererQuirks::validateQuirk (51 bytes)
Event: 11.308 Thread 0x00007fb644808800 nmethod 2628 0x0000000109df2950 code [0x0000000109df2b80, 0x0000000109df3698]
Event: 11.327 Thread 0x00007fb644808800 2629       3       java.awt.geom.AffineTransform::getScaleY (5 bytes)
Event: 11.327 Thread 0x00007fb644808800 nmethod 2629 0x000000010a29bb50 code [0x000000010a29bca0, 0x000000010a29bdf0]
Event: 11.330 Thread 0x00007fb64301e000 2630  s    4       sun.misc.URLClassPath::getNextLoader (88 bytes)
Event: 11.337 Thread 0x00007fb64301e000 nmethod 2630 0x0000000109f9e590 code [0x0000000109f9e700, 0x0000000109f9ee78]
Event: 11.341 Thread 0x00007fb644808800 2631       3       sun.misc.URLClassPath$JarLoader$2::getCodeSigners (8 bytes)
Event: 11.341 Thread 0x00007fb644808800 nmethod 2631 0x000000010a16dc90 code [0x000000010a16de00, 0x000000010a16e028]
Event: 11.341 Thread 0x00007fb644808800 2632   !   3       java.util.jar.JarFile$JarFileEntry::getCodeSigners (78 bytes)
Event: 11.342 Thread 0x00007fb644808800 nmethod 2632 0x0000000109ea5790 code [0x0000000109ea5960, 0x0000000109ea5f78]

GC Heap History (8 events):
Event: 2.787 GC heap before
{Heap before GC invocations=1 (full 0):
 PSYoungGen      total 38400K, used 33280K [0x0000000795580000, 0x0000000798000000, 0x00000007c0000000)
  eden space 33280K, 100% used [0x0000000795580000,0x0000000797600000,0x0000000797600000)
  from space 5120K, 0% used [0x0000000797b00000,0x0000000797b00000,0x0000000798000000)
  to   space 5120K, 0% used [0x0000000797600000,0x0000000797600000,0x0000000797b00000)
 ParOldGen       total 87552K, used 0K [0x0000000740000000, 0x0000000745580000, 0x0000000795580000)
  object space 87552K, 0% used [0x0000000740000000,0x0000000740000000,0x0000000745580000)
 Metaspace       used 15981K, capacity 16323K, committed 16384K, reserved 1064960K
  class space    used 1647K, capacity 1760K, committed 1792K, reserved 1048576K
Event: 2.793 GC heap after
Heap after GC invocations=1 (full 0):
 PSYoungGen      total 38400K, used 5041K [0x0000000795580000, 0x0000000798000000, 0x00000007c0000000)
  eden space 33280K, 0% used [0x0000000795580000,0x0000000795580000,0x0000000797600000)
  from space 5120K, 98% used [0x0000000797600000,0x0000000797aec470,0x0000000797b00000)
  to   space 5120K, 0% used [0x0000000797b00000,0x0000000797b00000,0x0000000798000000)
 ParOldGen       total 87552K, used 8K [0x0000000740000000, 0x0000000745580000, 0x0000000795580000)
  object space 87552K, 0% used [0x0000000740000000,0x0000000740002000,0x0000000745580000)
 Metaspace       used 15981K, capacity 16323K, committed 16384K, reserved 1064960K
  class space    used 1647K, capacity 1760K, committed 1792K, reserved 1048576K
}
Event: 5.065 GC heap before
{Heap before GC invocations=2 (full 0):
 PSYoungGen      total 38400K, used 27791K [0x0000000795580000, 0x0000000798000000, 0x00000007c0000000)
  eden space 33280K, 68% used [0x0000000795580000,0x0000000796bb7808,0x0000000797600000)
  from space 5120K, 98% used [0x0000000797600000,0x0000000797aec470,0x0000000797b00000)
  to   space 5120K, 0% used [0x0000000797b00000,0x0000000797b00000,0x0000000798000000)
 ParOldGen       total 87552K, used 8K [0x0000000740000000, 0x0000000745580000, 0x0000000795580000)
  object space 87552K, 0% used [0x0000000740000000,0x0000000740002000,0x0000000745580000)
 Metaspace       used 20751K, capacity 21191K, committed 21296K, reserved 1069056K
  class space    used 2163K, capacity 2326K, committed 2352K, reserved 1048576K
Event: 5.075 GC heap after
Heap after GC invocations=2 (full 0):
 PSYoungGen      total 38400K, used 5092K [0x0000000795580000, 0x0000000798000000, 0x00000007c0000000)
  eden space 33280K, 0% used [0x0000000795580000,0x0000000795580000,0x0000000797600000)
  from space 5120K, 99% used [0x0000000797b00000,0x0000000797ff9080,0x0000000798000000)
  to   space 5120K, 0% used [0x0000000797600000,0x0000000797600000,0x0000000797b00000)
 ParOldGen       total 87552K, used 2846K [0x0000000740000000, 0x0000000745580000, 0x0000000795580000)
  object space 87552K, 3% used [0x0000000740000000,0x00000007402c79b0,0x0000000745580000)
 Metaspace       used 20751K, capacity 21191K, committed 21296K, reserved 1069056K
  class space    used 2163K, capacity 2326K, committed 2352K, reserved 1048576K
}
Event: 5.075 GC heap before
{Heap before GC invocations=3 (full 1):
 PSYoungGen      total 38400K, used 5092K [0x0000000795580000, 0x0000000798000000, 0x00000007c0000000)
  eden space 33280K, 0% used [0x0000000795580000,0x0000000795580000,0x0000000797600000)
  from space 5120K, 99% used [0x0000000797b00000,0x0000000797ff9080,0x0000000798000000)
  to   space 5120K, 0% used [0x0000000797600000,0x0000000797600000,0x0000000797b00000)
 ParOldGen       total 87552K, used 2846K [0x0000000740000000, 0x0000000745580000, 0x0000000795580000)
  object space 87552K, 3% used [0x0000000740000000,0x00000007402c79b0,0x0000000745580000)
 Metaspace       used 20751K, capacity 21191K, committed 21296K, reserved 1069056K
  class space    used 2163K, capacity 2326K, committed 2352K, reserved 1048576K
Event: 5.105 GC heap after
Heap after GC invocations=3 (full 1):
 PSYoungGen      total 38400K, used 0K [0x0000000795580000, 0x0000000798000000, 0x00000007c0000000)
  eden space 33280K, 0% used [0x0000000795580000,0x0000000795580000,0x0000000797600000)
  from space 5120K, 0% used [0x0000000797b00000,0x0000000797b00000,0x0000000798000000)
  to   space 5120K, 0% used [0x0000000797600000,0x0000000797600000,0x0000000797b00000)
 ParOldGen       total 45056K, used 7826K [0x0000000740000000, 0x0000000742c00000, 0x0000000795580000)
  object space 45056K, 17% used [0x0000000740000000,0x00000007407a4828,0x0000000742c00000)
 Metaspace       used 20751K, capacity 21191K, committed 21296K, reserved 1069056K
  class space    used 2163K, capacity 2326K, committed 2352K, reserved 1048576K
}
Event: 8.990 GC heap before
{Heap before GC invocations=4 (full 1):
 PSYoungGen      total 38400K, used 33280K [0x0000000795580000, 0x0000000798000000, 0x00000007c0000000)
  eden space 33280K, 100% used [0x0000000795580000,0x0000000797600000,0x0000000797600000)
  from space 5120K, 0% used [0x0000000797b00000,0x0000000797b00000,0x0000000798000000)
  to   space 5120K, 0% used [0x0000000797600000,0x0000000797600000,0x0000000797b00000)
 ParOldGen       total 45056K, used 7826K [0x0000000740000000, 0x0000000742c00000, 0x0000000795580000)
  object space 45056K, 17% used [0x0000000740000000,0x00000007407a4828,0x0000000742c00000)
 Metaspace       used 23578K, capacity 23929K, committed 24112K, reserved 1071104K
  class space    used 2412K, capacity 2553K, committed 2608K, reserved 1048576K
Event: 8.997 GC heap after
Heap after GC invocations=4 (full 1):
 PSYoungGen      total 38400K, used 5093K [0x0000000795580000, 0x0000000798000000, 0x00000007c0000000)
  eden space 33280K, 0% used [0x0000000795580000,0x0000000795580000,0x0000000797600000)
  from space 5120K, 99% used [0x0000000797600000,0x0000000797af94d0,0x0000000797b00000)
  to   space 5120K, 0% used [0x0000000797b00000,0x0000000797b00000,0x0000000798000000)
 ParOldGen       total 45056K, used 12276K [0x0000000740000000, 0x0000000742c00000, 0x0000000795580000)
  object space 45056K, 27% used [0x0000000740000000,0x0000000740bfd0c8,0x0000000742c00000)
 Metaspace       used 23578K, capacity 23929K, committed 24112K, reserved 1071104K
  class space    used 2412K, capacity 2553K, committed 2608K, reserved 1048576K
}

Deoptimization events (10 events):
Event: 7.488 Thread 0x00007fb6441ce800 Uncommon trap: reason=class_check action=maybe_recompile pc=0x000000010a16dc3c method=java.util.regex.Matcher.search(I)Z @ 86
Event: 7.488 Thread 0x00007fb6441ce800 Uncommon trap: reason=class_check action=maybe_recompile pc=0x000000010a16dc3c method=java.util.regex.Matcher.search(I)Z @ 86
Event: 7.488 Thread 0x00007fb6441ce800 Uncommon trap: reason=class_check action=maybe_recompile pc=0x000000010a16dc3c method=java.util.regex.Matcher.search(I)Z @ 86
Event: 7.488 Thread 0x00007fb6441ce800 Uncommon trap: reason=class_check action=maybe_recompile pc=0x000000010a16dc3c method=java.util.regex.Matcher.search(I)Z @ 86
Event: 8.890 Thread 0x00007fb6441ce800 Uncommon trap: reason=predicate action=maybe_recompile pc=0x000000010a45aca0 method=java.util.Vector.indexOf(Ljava/lang/Object;I)I @ 44
Event: 11.309 Thread 0x00007fb6441ce800 Uncommon trap: reason=unstable_if action=reinterpret pc=0x0000000109e8cda8 method=com.jogamp.common.util.VersionNumber.compareTo(Lcom/jogamp/common/util/VersionNumber;)I @ 21
Event: 11.325 Thread 0x00007fb64321b800 Uncommon trap: reason=class_check action=maybe_recompile pc=0x000000010a0e8b20 method=java.util.HashMap.putVal(ILjava/lang/Object;Ljava/lang/Object;ZZ)Ljava/lang/Object; @ 91
Event: 11.325 Thread 0x00007fb64321b800 Uncommon trap: reason=class_check action=maybe_recompile pc=0x000000010a0e8b20 method=java.util.HashMap.putVal(ILjava/lang/Object;Ljava/lang/Object;ZZ)Ljava/lang/Object; @ 91
Event: 11.325 Thread 0x00007fb64321b800 Uncommon trap: reason=class_check action=maybe_recompile pc=0x000000010a0ea494 method=java.util.HashMap.putVal(ILjava/lang/Object;Ljava/lang/Object;ZZ)Ljava/lang/Object; @ 91
Event: 11.343 Thread 0x00007fb6441ce800 Uncommon trap: reason=unstable_if action=reinterpret pc=0x000000010a081cb4 method=java.security.AccessControlContext.optimize()Ljava/security/AccessControlContext; @ 233

Internal exceptions (10 events):
Event: 0.285 Thread 0x00007fb643803000 Exception <a 'java/lang/NoSuchFieldError': method resolution failed> (0x00000007957e0ea8) thrown at [/Users/java_re/workspace/8-2-build-macosx-x86_64/jdk8u131/8869/hotspot/src/share/vm/prims/methodHandles.cpp, line 1146]
Event: 0.477 Thread 0x00007fb643803000 Exception <a 'java/io/FileNotFoundException'> (0x000000079585c3d0) thrown at [/Users/java_re/workspace/8-2-build-macosx-x86_64/jdk8u131/8869/hotspot/src/share/vm/prims/jni.cpp, line 709]
Event: 0.477 Thread 0x00007fb643803000 Exception <a 'java/io/FileNotFoundException'> (0x000000079585cf50) thrown at [/Users/java_re/workspace/8-2-build-macosx-x86_64/jdk8u131/8869/hotspot/src/share/vm/prims/jni.cpp, line 709]
Event: 0.604 Thread 0x00007fb643803000 Exception <a 'java/io/FileNotFoundException'> (0x0000000795a416e8) thrown at [/Users/java_re/workspace/8-2-build-macosx-x86_64/jdk8u131/8869/hotspot/src/share/vm/prims/jni.cpp, line 709]
Event: 2.581 Thread 0x00007fb643b11800 Exception <a 'java/lang/UnsatisfiedLinkError': com.jogamp.common.util.JarUtil.fixNativeLibAttribs(Ljava/lang/String;)Z> (0x0000000796ccb428) thrown at [/Users/java_re/workspace/8-2-build-macosx-x86_64/jdk8u131/8869/hotspot/src/share/vm/prims/nativeLookup.
Event: 2.794 Thread 0x00007fb644012800 Exception <a 'java/lang/NullPointerException'> (0x00000007956a4518) thrown at [/Users/java_re/workspace/8-2-build-macosx-x86_64/jdk8u131/8869/hotspot/src/share/vm/interpreter/linkResolver.cpp, line 1197]
Event: 3.404 Thread 0x00007fb6441ce800 Exception <a 'java/io/FileNotFoundException'> (0x0000000796116468) thrown at [/Users/java_re/workspace/8-2-build-macosx-x86_64/jdk8u131/8869/hotspot/src/share/vm/prims/jni.cpp, line 709]
Event: 3.404 Thread 0x00007fb6441ce800 Exception <a 'java/io/FileNotFoundException'> (0x000000079611d728) thrown at [/Users/java_re/workspace/8-2-build-macosx-x86_64/jdk8u131/8869/hotspot/src/share/vm/prims/jni.cpp, line 709]
Event: 3.404 Thread 0x00007fb6441ce800 Implicit null exception at 0x0000000109e821f6 to 0x0000000109e825c5
Event: 3.632 Thread 0x00007fb6441ce800 Implicit null exception at 0x000000010a06fec6 to 0x000000010a07010d

Events (10 events):
Event: 11.343 Thread 0x00007fb6441ce800 Uncommon trap: trap_request=0xffffff65 fr.pc=0x000000010a081cb4
Event: 11.343 Thread 0x00007fb6441ce800 DEOPT PACKING pc=0x000000010a081cb4 sp=0x000070000804a8b0
Event: 11.343 Thread 0x00007fb6441ce800 DEOPT UNPACKING pc=0x0000000109c9e229 sp=0x000070000804a880 mode 2
Event: 11.343 loading class java/awt/LightweightDispatcher$2
Event: 11.343 loading class java/awt/LightweightDispatcher$2 done
Event: 11.343 loading class java/awt/event/AWTEventListenerProxy
Event: 11.343 loading class java/awt/event/AWTEventListenerProxy done
Event: 11.343 loading class java/awt/Toolkit$ToolkitEventMulticaster
Event: 11.343 loading class java/awt/Toolkit$ToolkitEventMulticaster done
Event: 11.344 Thread 0x00007fb64321b800 Thread exited: 0x00007fb64321b800


Dynamic libraries:
0x0000000035e26000 	/System/Library/Frameworks/Cocoa.framework/Versions/A/Cocoa
0x0000000035e26000 	/System/Library/Frameworks/Security.framework/Versions/A/Security
0x0000000035e26000 	/System/Library/Frameworks/ApplicationServices.framework/Versions/A/ApplicationServices
0x0000000035e26000 	/usr/lib/libz.1.dylib
0x0000000035e26000 	/usr/lib/libSystem.B.dylib
0x0000000035e26000 	/usr/lib/libobjc.A.dylib
0x0000000035e26000 	/System/Library/Frameworks/CoreFoundation.framework/Versions/A/CoreFoundation
0x0000000035e26000 	/System/Library/Frameworks/Foundation.framework/Versions/C/Foundation
0x0000000035e26000 	/System/Library/Frameworks/AppKit.framework/Versions/C/AppKit
0x0000000035e26000 	/System/Library/Frameworks/CoreData.framework/Versions/A/CoreData
0x0000000035e26000 	/System/Library/PrivateFrameworks/RemoteViewServices.framework/Versions/A/RemoteViewServices
0x0000000035e26000 	/System/Library/PrivateFrameworks/UIFoundation.framework/Versions/A/UIFoundation
0x0000000035e26000 	/System/Library/PrivateFrameworks/DFRFoundation.framework/Versions/A/DFRFoundation
0x0000000035e26000 	/usr/lib/libenergytrace.dylib
0x0000000035e26000 	/System/Library/PrivateFrameworks/SkyLight.framework/Versions/A/SkyLight
0x0000000035e26000 	/System/Library/Frameworks/CoreGraphics.framework/Versions/A/CoreGraphics
0x0000000035e26000 	/usr/lib/libScreenReader.dylib
0x0000000035e26000 	/System/Library/Frameworks/Accelerate.framework/Versions/A/Accelerate
0x0000000035e26000 	/System/Library/Frameworks/IOSurface.framework/Versions/A/IOSurface
0x0000000035e26000 	/System/Library/Frameworks/AudioToolbox.framework/Versions/A/AudioToolbox
0x0000000035e26000 	/System/Library/Frameworks/AudioUnit.framework/Versions/A/AudioUnit
0x0000000035e26000 	/System/Library/PrivateFrameworks/DataDetectorsCore.framework/Versions/A/DataDetectorsCore
0x0000000035e26000 	/System/Library/PrivateFrameworks/DesktopServicesPriv.framework/Versions/A/DesktopServicesPriv
0x0000000035e26000 	/System/Library/Frameworks/Carbon.framework/Versions/A/Frameworks/HIToolbox.framework/Versions/A/HIToolbox
0x0000000035e26000 	/usr/lib/libicucore.A.dylib
0x0000000035e26000 	/System/Library/Frameworks/QuartzCore.framework/Versions/A/QuartzCore
0x0000000035e26000 	/System/Library/Frameworks/Carbon.framework/Versions/A/Frameworks/SpeechRecognition.framework/Versions/A/SpeechRecognition
0x0000000035e26000 	/usr/lib/libauto.dylib
0x0000000035e26000 	/usr/lib/libxml2.2.dylib
0x0000000035e26000 	/System/Library/PrivateFrameworks/CoreUI.framework/Versions/A/CoreUI
0x0000000035e26000 	/System/Library/Frameworks/CoreAudio.framework/Versions/A/CoreAudio
0x0000000035e26000 	/System/Library/Frameworks/DiskArbitration.framework/Versions/A/DiskArbitration
0x0000000035e26000 	/usr/lib/liblangid.dylib
0x0000000035e26000 	/System/Library/PrivateFrameworks/MultitouchSupport.framework/Versions/A/MultitouchSupport
0x0000000035e26000 	/System/Library/Frameworks/IOKit.framework/Versions/A/IOKit
0x0000000035e26000 	/usr/lib/libDiagnosticMessagesClient.dylib
0x0000000035e26000 	/System/Library/Frameworks/CoreServices.framework/Versions/A/CoreServices
0x0000000035e26000 	/System/Library/PrivateFrameworks/PerformanceAnalysis.framework/Versions/A/PerformanceAnalysis
0x0000000035e26000 	/System/Library/PrivateFrameworks/GenerationalStorage.framework/Versions/A/GenerationalStorage
0x0000000035e26000 	/System/Library/Frameworks/OpenGL.framework/Versions/A/OpenGL
0x0000000035e26000 	/System/Library/Frameworks/CoreImage.framework/Versions/A/CoreImage
0x0000000035e26000 	/System/Library/Frameworks/CoreText.framework/Versions/A/CoreText
0x0000000035e26000 	/System/Library/Frameworks/ImageIO.framework/Versions/A/ImageIO
0x0000000035e26000 	/System/Library/PrivateFrameworks/Backup.framework/Versions/A/Backup
0x0000000035e26000 	/usr/lib/libarchive.2.dylib
0x0000000035e26000 	/System/Library/Frameworks/CFNetwork.framework/Versions/A/CFNetwork
0x0000000035e26000 	/System/Library/Frameworks/SystemConfiguration.framework/Versions/A/SystemConfiguration
0x0000000035e26000 	/usr/lib/libCRFSuite.dylib
0x0000000035e26000 	/usr/lib/libc++.1.dylib
0x0000000035e26000 	/usr/lib/libc++abi.dylib
0x0000000035e26000 	/usr/lib/system/libcache.dylib
0x0000000035e26000 	/usr/lib/system/libcommonCrypto.dylib
0x0000000035e26000 	/usr/lib/system/libcompiler_rt.dylib
0x0000000035e26000 	/usr/lib/system/libcopyfile.dylib
0x0000000035e26000 	/usr/lib/system/libcorecrypto.dylib
0x0000000035e26000 	/usr/lib/system/libdispatch.dylib
0x0000000035e26000 	/usr/lib/system/libdyld.dylib
0x0000000035e26000 	/usr/lib/system/libkeymgr.dylib
0x0000000035e26000 	/usr/lib/system/liblaunch.dylib
0x0000000035e26000 	/usr/lib/system/libmacho.dylib
0x0000000035e26000 	/usr/lib/system/libquarantine.dylib
0x0000000035e26000 	/usr/lib/system/libremovefile.dylib
0x0000000035e26000 	/usr/lib/system/libsystem_asl.dylib
0x0000000035e26000 	/usr/lib/system/libsystem_blocks.dylib
0x0000000035e26000 	/usr/lib/system/libsystem_c.dylib
0x0000000035e26000 	/usr/lib/system/libsystem_configuration.dylib
0x0000000035e26000 	/usr/lib/system/libsystem_coreservices.dylib
0x0000000035e26000 	/usr/lib/system/libsystem_coretls.dylib
0x0000000035e26000 	/usr/lib/system/libsystem_dnssd.dylib
0x0000000035e26000 	/usr/lib/system/libsystem_info.dylib
0x0000000035e26000 	/usr/lib/system/libsystem_kernel.dylib
0x0000000035e26000 	/usr/lib/system/libsystem_m.dylib
0x0000000035e26000 	/usr/lib/system/libsystem_malloc.dylib
0x0000000035e26000 	/usr/lib/system/libsystem_network.dylib
0x0000000035e26000 	/usr/lib/system/libsystem_networkextension.dylib
0x0000000035e26000 	/usr/lib/system/libsystem_notify.dylib
0x0000000035e26000 	/usr/lib/system/libsystem_platform.dylib
0x0000000035e26000 	/usr/lib/system/libsystem_pthread.dylib
0x0000000035e26000 	/usr/lib/system/libsystem_sandbox.dylib
0x0000000035e26000 	/usr/lib/system/libsystem_secinit.dylib
0x0000000035e26000 	/usr/lib/system/libsystem_symptoms.dylib
0x0000000035e26000 	/usr/lib/system/libsystem_trace.dylib
0x0000000035e26000 	/usr/lib/system/libunwind.dylib
0x0000000035e26000 	/usr/lib/system/libxpc.dylib
0x0000000035e26000 	/usr/lib/libbsm.0.dylib
0x0000000035e26000 	/usr/lib/system/libkxld.dylib
0x0000000035e26000 	/usr/lib/libcoretls.dylib
0x0000000035e26000 	/usr/lib/libcoretls_cfhelpers.dylib
0x0000000035e26000 	/usr/lib/libOpenScriptingUtil.dylib
0x0000000035e26000 	/usr/lib/libpam.2.dylib
0x0000000035e26000 	/usr/lib/libsqlite3.dylib
0x0000000035e26000 	/usr/lib/libxar.1.dylib
0x0000000035e26000 	/usr/lib/libbz2.1.0.dylib
0x0000000035e26000 	/usr/lib/liblzma.5.dylib
0x0000000035e26000 	/usr/lib/libnetwork.dylib
0x0000000035e26000 	/usr/lib/libpcap.A.dylib
0x0000000035e26000 	/System/Library/Frameworks/CoreServices.framework/Versions/A/Frameworks/FSEvents.framework/Versions/A/FSEvents
0x0000000035e26000 	/System/Library/Frameworks/CoreServices.framework/Versions/A/Frameworks/CarbonCore.framework/Versions/A/CarbonCore
0x0000000035e26000 	/System/Library/Frameworks/CoreServices.framework/Versions/A/Frameworks/Metadata.framework/Versions/A/Metadata
0x0000000035e26000 	/System/Library/Frameworks/CoreServices.framework/Versions/A/Frameworks/OSServices.framework/Versions/A/OSServices
0x0000000035e26000 	/System/Library/Frameworks/CoreServices.framework/Versions/A/Frameworks/SearchKit.framework/Versions/A/SearchKit
0x0000000035e26000 	/System/Library/Frameworks/CoreServices.framework/Versions/A/Frameworks/AE.framework/Versions/A/AE
0x0000000035e26000 	/System/Library/Frameworks/CoreServices.framework/Versions/A/Frameworks/LaunchServices.framework/Versions/A/LaunchServices
0x0000000035e26000 	/System/Library/Frameworks/CoreServices.framework/Versions/A/Frameworks/DictionaryServices.framework/Versions/A/DictionaryServices
0x0000000035e26000 	/System/Library/Frameworks/CoreServices.framework/Versions/A/Frameworks/SharedFileList.framework/Versions/A/SharedFileList
0x0000000035e26000 	/System/Library/Frameworks/NetFS.framework/Versions/A/NetFS
0x0000000035e26000 	/System/Library/PrivateFrameworks/NetAuth.framework/Versions/A/NetAuth
0x0000000035e26000 	/System/Library/PrivateFrameworks/login.framework/Versions/A/Frameworks/loginsupport.framework/Versions/A/loginsupport
0x0000000035e26000 	/System/Library/PrivateFrameworks/TCC.framework/Versions/A/TCC
0x0000000035e26000 	/usr/lib/libmecabra.dylib
0x0000000035e26000 	/System/Library/Frameworks/ApplicationServices.framework/Versions/A/Frameworks/ATS.framework/Versions/A/ATS
0x0000000035e26000 	/System/Library/Frameworks/ApplicationServices.framework/Versions/A/Frameworks/ColorSync.framework/Versions/A/ColorSync
0x0000000035e26000 	/System/Library/Frameworks/ApplicationServices.framework/Versions/A/Frameworks/HIServices.framework/Versions/A/HIServices
0x0000000035e26000 	/System/Library/Frameworks/ApplicationServices.framework/Versions/A/Frameworks/LangAnalysis.framework/Versions/A/LangAnalysis
0x0000000035e26000 	/System/Library/Frameworks/ApplicationServices.framework/Versions/A/Frameworks/PrintCore.framework/Versions/A/PrintCore
0x0000000035e26000 	/System/Library/Frameworks/ApplicationServices.framework/Versions/A/Frameworks/QD.framework/Versions/A/QD
0x0000000035e26000 	/System/Library/Frameworks/ApplicationServices.framework/Versions/A/Frameworks/SpeechSynthesis.framework/Versions/A/SpeechSynthesis
0x0000000035e26000 	/System/Library/Frameworks/Accelerate.framework/Versions/A/Frameworks/vImage.framework/Versions/A/vImage
0x0000000035e26000 	/System/Library/Frameworks/Accelerate.framework/Versions/A/Frameworks/vecLib.framework/Versions/A/vecLib
0x0000000035e26000 	/System/Library/Frameworks/Accelerate.framework/Versions/A/Frameworks/vecLib.framework/Versions/A/libvDSP.dylib
0x0000000035e26000 	/System/Library/Frameworks/Accelerate.framework/Versions/A/Frameworks/vecLib.framework/Versions/A/libBNNS.dylib
0x0000000035e26000 	/System/Library/Frameworks/Accelerate.framework/Versions/A/Frameworks/vecLib.framework/Versions/A/libQuadrature.dylib
0x0000000035e26000 	/System/Library/Frameworks/Accelerate.framework/Versions/A/Frameworks/vecLib.framework/Versions/A/libvMisc.dylib
0x0000000035e26000 	/System/Library/Frameworks/Accelerate.framework/Versions/A/Frameworks/vecLib.framework/Versions/A/libLAPACK.dylib
0x0000000035e26000 	/System/Library/Frameworks/Accelerate.framework/Versions/A/Frameworks/vecLib.framework/Versions/A/libBLAS.dylib
0x0000000035e26000 	/System/Library/Frameworks/Accelerate.framework/Versions/A/Frameworks/vecLib.framework/Versions/A/libLinearAlgebra.dylib
0x0000000035e26000 	/System/Library/Frameworks/Accelerate.framework/Versions/A/Frameworks/vecLib.framework/Versions/A/libSparseBLAS.dylib
0x0000000035e26000 	/System/Library/Frameworks/ApplicationServices.framework/Versions/A/Frameworks/ATS.framework/Versions/A/Resources/libFontParser.dylib
0x0000000035e26000 	/System/Library/Frameworks/ApplicationServices.framework/Versions/A/Frameworks/ATS.framework/Versions/A/Resources/libFontRegistry.dylib
0x0000000035e26000 	/System/Library/Frameworks/ImageIO.framework/Versions/A/Resources/libJPEG.dylib
0x0000000035e26000 	/System/Library/Frameworks/ImageIO.framework/Versions/A/Resources/libTIFF.dylib
0x0000000035e26000 	/System/Library/Frameworks/ImageIO.framework/Versions/A/Resources/libPng.dylib
0x0000000035e26000 	/System/Library/Frameworks/ImageIO.framework/Versions/A/Resources/libGIF.dylib
0x0000000035e26000 	/System/Library/Frameworks/ImageIO.framework/Versions/A/Resources/libJP2.dylib
0x0000000035e26000 	/System/Library/Frameworks/ImageIO.framework/Versions/A/Resources/libRadiance.dylib
0x0000000035e26000 	/usr/lib/libcompression.dylib
0x0000000035e26000 	/System/Library/PrivateFrameworks/AppleJPEG.framework/Versions/A/AppleJPEG
0x0000000035e26000 	/usr/lib/libcups.2.dylib
0x0000000035e26000 	/System/Library/Frameworks/Kerberos.framework/Versions/A/Kerberos
0x0000000035e26000 	/System/Library/Frameworks/GSS.framework/Versions/A/GSS
0x0000000035e26000 	/usr/lib/libresolv.9.dylib
0x0000000035e26000 	/usr/lib/libiconv.2.dylib
0x0000000035e26000 	/System/Library/PrivateFrameworks/Heimdal.framework/Versions/A/Heimdal
0x0000000035e26000 	/usr/lib/libheimdal-asn1.dylib
0x0000000035e26000 	/System/Library/Frameworks/OpenDirectory.framework/Versions/A/OpenDirectory
0x0000000035e26000 	/System/Library/PrivateFrameworks/CommonAuth.framework/Versions/A/CommonAuth
0x0000000035e26000 	/System/Library/Frameworks/OpenDirectory.framework/Versions/A/Frameworks/CFOpenDirectory.framework/Versions/A/CFOpenDirectory
0x0000000035e26000 	/System/Library/Frameworks/SecurityFoundation.framework/Versions/A/SecurityFoundation
0x0000000035e26000 	/System/Library/PrivateFrameworks/LanguageModeling.framework/Versions/A/LanguageModeling
0x0000000035e26000 	/usr/lib/libmarisa.dylib
0x0000000035e26000 	/usr/lib/libChineseTokenizer.dylib
0x0000000035e26000 	/usr/lib/libcmph.dylib
0x0000000035e26000 	/System/Library/PrivateFrameworks/CoreEmoji.framework/Versions/A/CoreEmoji
0x0000000035e26000 	/System/Library/Frameworks/ServiceManagement.framework/Versions/A/ServiceManagement
0x0000000035e26000 	/usr/lib/libxslt.1.dylib
0x0000000035e26000 	/System/Library/Frameworks/Carbon.framework/Versions/A/Frameworks/Ink.framework/Versions/A/Ink
0x0000000035e26000 	/System/Library/PrivateFrameworks/TextureIO.framework/Versions/A/TextureIO
0x0000000035e26000 	/System/Library/Frameworks/Metal.framework/Versions/A/Metal
0x0000000035e26000 	/usr/lib/libate.dylib
0x0000000035e26000 	/System/Library/PrivateFrameworks/GPUCompiler.framework/libmetal_timestamp.dylib
0x0000000035e26000 	/System/Library/Frameworks/OpenGL.framework/Versions/A/Libraries/libCoreFSCache.dylib
0x0000000035e26000 	/System/Library/PrivateFrameworks/IOAccelerator.framework/Versions/A/IOAccelerator
0x0000000035e26000 	/System/Library/Frameworks/CoreVideo.framework/Versions/A/CoreVideo
0x0000000035e26000 	/usr/lib/libFosl_dynamic.dylib
0x0000000035e26000 	/System/Library/PrivateFrameworks/MetalPerformanceShaders.framework/Versions/A/MetalPerformanceShaders
0x0000000035e26000 	/System/Library/PrivateFrameworks/FaceCore.framework/Versions/A/FaceCore
0x0000000035e26000 	/System/Library/Frameworks/OpenCL.framework/Versions/A/OpenCL
0x0000000035e26000 	/System/Library/Frameworks/OpenGL.framework/Versions/A/Libraries/libGLU.dylib
0x0000000035e26000 	/System/Library/Frameworks/OpenGL.framework/Versions/A/Libraries/libGFXShared.dylib
0x0000000035e26000 	/System/Library/Frameworks/OpenGL.framework/Versions/A/Libraries/libGL.dylib
0x0000000035e26000 	/System/Library/Frameworks/OpenGL.framework/Versions/A/Libraries/libGLImage.dylib
0x0000000035e26000 	/System/Library/Frameworks/OpenGL.framework/Versions/A/Libraries/libCVMSPluginSupport.dylib
0x0000000035e26000 	/System/Library/Frameworks/OpenGL.framework/Versions/A/Libraries/libCoreVMClient.dylib
0x0000000035e26000 	/System/Library/PrivateFrameworks/CrashReporterSupport.framework/Versions/A/CrashReporterSupport
0x0000000035e26000 	/System/Library/PrivateFrameworks/Sharing.framework/Versions/A/Sharing
0x0000000035e26000 	/System/Library/PrivateFrameworks/IconServices.framework/Versions/A/IconServices
0x0000000035e26000 	/System/Library/PrivateFrameworks/ProtocolBuffer.framework/Versions/A/ProtocolBuffer
0x0000000035e26000 	/System/Library/PrivateFrameworks/Apple80211.framework/Versions/A/Apple80211
0x0000000035e26000 	/System/Library/Frameworks/CoreWLAN.framework/Versions/A/CoreWLAN
0x0000000035e26000 	/System/Library/PrivateFrameworks/CoreUtils.framework/Versions/A/CoreUtils
0x0000000035e26000 	/System/Library/Frameworks/IOBluetooth.framework/Versions/A/IOBluetooth
0x0000000035e26000 	/System/Library/PrivateFrameworks/CoreWiFi.framework/Versions/A/CoreWiFi
0x0000000035e26000 	/System/Library/Frameworks/CoreBluetooth.framework/Versions/A/CoreBluetooth
0x0000000035e26000 	/System/Library/Frameworks/CoreDisplay.framework/Versions/A/CoreDisplay
0x0000000035e26000 	/System/Library/PrivateFrameworks/IOPresentment.framework/Versions/A/IOPresentment
0x0000000035e26000 	/System/Library/PrivateFrameworks/DSExternalDisplay.framework/Versions/A/DSExternalDisplay
0x0000000035e26000 	/System/Library/PrivateFrameworks/DebugSymbols.framework/Versions/A/DebugSymbols
0x0000000035e26000 	/System/Library/PrivateFrameworks/CoreSymbolication.framework/Versions/A/CoreSymbolication
0x0000000035e26000 	/System/Library/PrivateFrameworks/Symbolication.framework/Versions/A/Symbolication
0x0000000035e26000 	/System/Library/PrivateFrameworks/AppleFSCompression.framework/Versions/A/AppleFSCompression
0x0000000035e26000 	/System/Library/PrivateFrameworks/SpeechRecognitionCore.framework/Versions/A/SpeechRecognitionCore
0x0000000035e26000 	/System/Library/PrivateFrameworks/ChunkingLibrary.framework/Versions/A/ChunkingLibrary
0x0000000105e00000 	/Library/Java/JavaVirtualMachines/jdk1.8.0_131.jdk/Contents/Home/jre/lib/server/libjvm.dylib
0x0000000035e26000 	/usr/lib/libstdc++.6.dylib
0x00000001054d9000 	/Library/Java/JavaVirtualMachines/jdk1.8.0_131.jdk/Contents/Home/jre/lib/libverify.dylib
0x00000001054e7000 	/Library/Java/JavaVirtualMachines/jdk1.8.0_131.jdk/Contents/Home/jre/lib/libjava.dylib
0x0000000105526000 	/Library/Java/JavaVirtualMachines/jdk1.8.0_131.jdk/Contents/Home/jre/lib/libzip.dylib
0x000000010963b000 	/System/Library/Frameworks/JavaVM.framework/Frameworks/JavaRuntimeSupport.framework/JavaRuntimeSupport
0x0000000109655000 	/System/Library/Frameworks/JavaVM.framework/Versions/A/Frameworks/JavaNativeFoundation.framework/Versions/A/JavaNativeFoundation
0x000000010966a000 	/System/Library/Frameworks/JavaVM.framework/Versions/A/JavaVM
0x0000000035e26000 	/System/Library/Frameworks/Carbon.framework/Versions/A/Carbon
0x0000000109677000 	/System/Library/PrivateFrameworks/JavaLaunching.framework/Versions/A/JavaLaunching
0x0000000035e26000 	/System/Library/Frameworks/Carbon.framework/Versions/A/Frameworks/CommonPanels.framework/Versions/A/CommonPanels
0x0000000035e26000 	/System/Library/Frameworks/Carbon.framework/Versions/A/Frameworks/Help.framework/Versions/A/Help
0x0000000035e26000 	/System/Library/Frameworks/Carbon.framework/Versions/A/Frameworks/ImageCapture.framework/Versions/A/ImageCapture
0x0000000035e26000 	/System/Library/Frameworks/Carbon.framework/Versions/A/Frameworks/OpenScripting.framework/Versions/A/OpenScripting
0x0000000035e26000 	/System/Library/Frameworks/Carbon.framework/Versions/A/Frameworks/Print.framework/Versions/A/Print
0x0000000035e26000 	/System/Library/Frameworks/Carbon.framework/Versions/A/Frameworks/SecurityHI.framework/Versions/A/SecurityHI
0x0000000109702000 	/Library/Java/JavaVirtualMachines/jdk1.8.0_131.jdk/Contents/Home/jre/lib/libawt.dylib
0x00000001097aa000 	/Library/Java/JavaVirtualMachines/jdk1.8.0_131.jdk/Contents/Home/jre/lib/./libmlib_image.dylib
0x0000000109876000 	/Library/Java/JavaVirtualMachines/jdk1.8.0_131.jdk/Contents/Home/jre/lib/libawt_lwawt.dylib
0x000000010992d000 	/Library/Java/JavaVirtualMachines/jdk1.8.0_131.jdk/Contents/Home/jre/lib/./libosxapp.dylib
0x0000000035e26000 	/System/Library/Frameworks/ExceptionHandling.framework/Versions/A/ExceptionHandling
0x0000000035e26000 	/System/Library/PrivateFrameworks/CoreServicesInternal.framework/Versions/A/CoreServicesInternal
0x0000000035e26000 	/System/Library/CoreServices/RawCamera.bundle/Contents/MacOS/RawCamera
0x0000000035e26000 	/System/Library/Frameworks/Accelerate.framework/Versions/A/Frameworks/vImage.framework/Versions/A/Libraries/libCGInterfaces.dylib
0x0000000035e26000 	/System/Library/Frameworks/ApplicationServices.framework/Versions/A/Frameworks/ATS.framework/Versions/A/Resources/libTrueTypeScaler.dylib
0x000000011ffec000 	/System/Library/Frameworks/OpenGL.framework/Resources/GLEngine.bundle/GLEngine
0x0000000035e26000 	/System/Library/Frameworks/OpenGL.framework/Versions/A/Libraries/libGLProgrammability.dylib
0x00000001201d1000 	/System/Library/Extensions/AppleIntelKBLGraphicsGLDriver.bundle/Contents/MacOS/AppleIntelKBLGraphicsGLDriver
0x0000000035e26000 	/System/Library/PrivateFrameworks/GPUSupport.framework/Versions/A/Libraries/libGPUSupportMercury.dylib
0x0000000120f54000 	/System/Library/Frameworks/OpenGL.framework/Resources//GLRendererFloat.bundle/GLRendererFloat
0x0000000035e26000 	/System/Library/Frameworks/OpenCL.framework/Versions/A/Libraries/libcldcpuengine.dylib
0x0000000035e26000 	/usr/lib/libcrypto.0.9.8.dylib
0x0000000035e26000 	/System/Library/PrivateFrameworks/TrustEvaluationAgent.framework/Versions/A/TrustEvaluationAgent
0x0000000120f88000 	/System/Library/Extensions/AppleIntelKBLGraphicsMTLDriver.bundle/Contents/MacOS/AppleIntelKBLGraphicsMTLDriver
0x0000000035e26000 	/System/Library/PrivateFrameworks/FamilyControls.framework/Versions/A/FamilyControls
0x0000000035e26000 	/System/Library/PrivateFrameworks/CommerceKit.framework/Versions/A/Frameworks/CommerceCore.framework/Versions/A/CommerceCore
0x0000000035e26000 	/System/Library/PrivateFrameworks/SystemAdministration.framework/Versions/A/SystemAdministration
0x0000000035e26000 	/System/Library/PrivateFrameworks/AppContainer.framework/Versions/A/AppContainer
0x0000000035e26000 	/System/Library/PrivateFrameworks/SecCodeWrapper.framework/Versions/A/SecCodeWrapper
0x0000000035e26000 	/System/Library/Frameworks/DirectoryService.framework/Versions/A/DirectoryService
0x0000000035e26000 	/System/Library/PrivateFrameworks/DiskImages.framework/Versions/A/DiskImages
0x0000000035e26000 	/System/Library/PrivateFrameworks/LoginUIKit.framework/Versions/A/Frameworks/LoginUICore.framework/Versions/A/LoginUICore
0x0000000035e26000 	/usr/lib/libCoreStorage.dylib
0x0000000035e26000 	/usr/lib/libcsfde.dylib
0x0000000035e26000 	/usr/lib/libodfde.dylib
0x0000000035e26000 	/System/Library/Frameworks/DiscRecording.framework/Versions/A/DiscRecording
0x0000000035e26000 	/usr/lib/libcurl.4.dylib
0x0000000035e26000 	/System/Library/PrivateFrameworks/MediaKit.framework/Versions/A/MediaKit
0x0000000035e26000 	/System/Library/PrivateFrameworks/ProtectedCloudStorage.framework/Versions/A/ProtectedCloudStorage
0x0000000035e26000 	/System/Library/PrivateFrameworks/EFILogin.framework/Versions/A/EFILogin
0x0000000035e26000 	/usr/lib/libutil.dylib
0x0000000035e26000 	/System/Library/Frameworks/LDAP.framework/Versions/A/LDAP
0x0000000035e26000 	/usr/lib/libsasl2.2.dylib
0x0000000035e26000 	/System/Library/PrivateFrameworks/CoreDaemon.framework/Versions/B/CoreDaemon
0x0000000035e26000 	/System/Library/PrivateFrameworks/AppleSRP.framework/Versions/A/AppleSRP
0x0000000035e26000 	/System/Library/PrivateFrameworks/APFS.framework/Versions/A/APFS
0x0000000122e6a000 	/Library/Java/JavaVirtualMachines/jdk1.8.0_131.jdk/Contents/Home/jre/lib/libfontmanager.dylib
0x0000000123f39000 	/Library/Java/JavaVirtualMachines/jdk1.8.0_131.jdk/Contents/Home/jre/lib/libosxui.dylib
0x0000000035e26000 	/System/Library/PrivateFrameworks/ViewBridge.framework/Versions/A/ViewBridge
0x0000000035e26000 	/System/Library/PrivateFrameworks/XPCService.framework/Versions/A/XPCService
0x0000000035e26000 	/System/Library/PrivateFrameworks/AppSandbox.framework/Versions/A/AppSandbox
0x0000000035e26000 	/usr/lib/libsandbox.1.dylib
0x0000000035e26000 	/usr/lib/libMatch.1.dylib
0x0000000124eb4000 	/Library/Java/JavaVirtualMachines/jdk1.8.0_131.jdk/Contents/Home/jre/lib/libnet.dylib
0x00000001250b6000 	/Library/Java/JavaVirtualMachines/jdk1.8.0_131.jdk/Contents/Home/jre/lib/libnio.dylib
0x0000000123fc8000 	/private/var/folders/jq/l0jglkhs1w1bwklv8c2_sz5w0000gn/T/jogamp_0000/file_cache/jln1724657712225472263/jln3901477222706993053/libgluegen-rt.jnilib
0x0000000123ff7000 	/private/var/folders/jq/l0jglkhs1w1bwklv8c2_sz5w0000gn/T/jogamp_0000/file_cache/jln1724657712225472263/jln3901477222706993053/libnativewindow_awt.jnilib
0x0000000123ffa000 	/Library/Java/JavaVirtualMachines/jdk1.8.0_131.jdk/Contents/Home/jre/lib/libjawt.dylib
0x000000018d68d000 	/private/var/folders/jq/l0jglkhs1w1bwklv8c2_sz5w0000gn/T/jogamp_0000/file_cache/jln1724657712225472263/jln3901477222706993053/libnativewindow_macosx.jnilib
0x000000018d748000 	/private/var/folders/jq/l0jglkhs1w1bwklv8c2_sz5w0000gn/T/jogamp_0000/file_cache/jln1724657712225472263/jln3901477222706993053/libjogl_desktop.jnilib
0x000000018d925000 	/Library/Java/JavaVirtualMachines/jdk1.8.0_131.jdk/Contents/Home/jre/lib/libsunec.dylib

VM Arguments:
jvm_args: -Djava.security.policy=java.policy.applet -Dfile.encoding=UTF-8 
java_command: sun.applet.AppletViewer module3.EarthquakeCityMap1500351862086.html
java_class_path (initial): /Users/haeunkim/Documents/UCSDUnfoldingMaps/build:/Users/haeunkim/Documents/UCSDUnfoldingMaps/lib/core.jar:/Users/haeunkim/Documents/UCSDUnfoldingMaps/lib/gluegen-rt.jar:/Users/haeunkim/Documents/UCSDUnfoldingMaps/lib/jogl-all.jar:/Users/haeunkim/Documents/UCSDUnfoldingMaps/lib/log4j-1.2.15.jar:/Users/haeunkim/Documents/UCSDUnfoldingMaps/lib/sqlite-jdbc-3.7.2.jar:/Users/haeunkim/Documents/UCSDUnfoldingMaps/lib/json4processing.jar:/Users/haeunkim/Documents/UCSDUnfoldingMaps/lib/libTUIO.jar:/Users/haeunkim/Documents/UCSDUnfoldingMaps/lib/unfolding.0.9.7-uscd.jar
Launcher Type: SUN_STANDARD

Environment Variables:
PATH=/usr/bin:/bin:/usr/sbin:/sbin
SHELL=/bin/bash

Signal Handlers:
SIGSEGV: [libjvm.dylib+0x5b1eb1], sa_mask[0]=11111111011111110111111111111111, sa_flags=SA_ONSTACK|SA_RESTART|SA_SIGINFO
SIGBUS: [libjvm.dylib+0x5b1eb1], sa_mask[0]=11111111011111110111111111111111, sa_flags=SA_RESTART|SA_SIGINFO
SIGFPE: [libjvm.dylib+0x488988], sa_mask[0]=11111111011111110111111111111111, sa_flags=SA_RESTART|SA_SIGINFO
SIGPIPE: [libjvm.dylib+0x488988], sa_mask[0]=11111111011111110111111111111111, sa_flags=SA_RESTART|SA_SIGINFO
SIGXFSZ: [libjvm.dylib+0x488988], sa_mask[0]=11111111011111110111111111111111, sa_flags=SA_RESTART|SA_SIGINFO
SIGILL: [libjvm.dylib+0x488988], sa_mask[0]=11111111011111110111111111111111, sa_flags=SA_RESTART|SA_SIGINFO
SIGUSR1: SIG_DFL, sa_mask[0]=00000000000000000000000000000000, sa_flags=none
SIGUSR2: [libjvm.dylib+0x4884a6], sa_mask[0]=00100000000000000000000000000000, sa_flags=SA_RESTART|SA_SIGINFO
SIGHUP: [libjvm.dylib+0x486a7d], sa_mask[0]=11111111011111110111111111111111, sa_flags=SA_RESTART|SA_SIGINFO
SIGINT: [libjvm.dylib+0x486a7d], sa_mask[0]=11111111011111110111111111111111, sa_flags=SA_RESTART|SA_SIGINFO
SIGTERM: [libjvm.dylib+0x486a7d], sa_mask[0]=11111111011111110111111111111111, sa_flags=SA_RESTART|SA_SIGINFO
SIGQUIT: [libjvm.dylib+0x486a7d], sa_mask[0]=11111111011111110111111111111111, sa_flags=SA_RESTART|SA_SIGINFO


---------------  S Y S T E M  ---------------

OS:Bsduname:Darwin 16.6.0 Darwin Kernel Version 16.6.0: Fri Apr 14 16:13:31 PDT 2017; root:xnu-3789.60.24~4/RELEASE_X86_64 x86_64
rlimit: STACK 8192k, CORE 0k, NPROC 709, NOFILE 10240, AS infinity
load average:1.40 1.53 1.56

CPU:total 4 (initial active 4) (2 cores per cpu, 2 threads per core) family 6 model 142 stepping 9, cmov, cx8, fxsr, mmx, sse, sse2, sse3, ssse3, sse4.1, sse4.2, popcnt, avx, avx2, aes, clmul, erms, rtm, 3dnowpref, lzcnt, ht, tsc, tscinvbit, bmi1, bmi2, adx

Memory: 4k page, physical 8388608k(30312k free)

/proc/meminfo:


vm_info: Java HotSpot(TM) 64-Bit Server VM (25.131-b11) for bsd-amd64 JRE (1.8.0_131-b11), built on Mar 15 2017 01:32:22 by "java_re" with gcc 4.2.1 (Based on Apple Inc. build 5658) (LLVM build 2336.11.00)

time: Mon Jul 17 21:24:33 2017
elapsed time: 11 seconds (0d 0h 0m 11s)

