#
# A fatal error has been detected by the Java Runtime Environment:
#
#  SIGSEGV (0xb) at pc=0x00007fffc00aa05d, pid=7953, tid=0x0000000000000307
#
# JRE version: Java(TM) SE Runtime Environment (8.0_131-b11) (build 1.8.0_131-b11)
# Java VM: Java HotSpot(TM) 64-Bit Server VM (25.131-b11 mixed mode bsd-amd64 compressed oops)
# Problematic frame:
# C  [libobjc.A.dylib+0x705d]  objc_msgSend+0x1d
#
# Failed to write core dump. Core dumps have been disabled. To enable core dumping, try "ulimit -c unlimited" before starting Java again
#
# If you would like to submit a bug report, please visit:
#   http://bugreport.java.com/bugreport/crash.jsp
# The crash happened outside the Java Virtual Machine in native code.
# See problematic frame for where to report the bug.
#

---------------  T H R E A D  ---------------

Current thread (0x00007faac28f5800):  JavaThread "AWT-AppKit" daemon [_thread_in_native, id=775, stack(0x00007fff5e380000,0x00007fff5eb80000)]

siginfo: si_signo: 11 (SIGSEGV), si_code: 1 (SEGV_MAPERR), si_addr: 0x0000000000000018

Registers:
RAX=0x000000018920b710, RBX=0x000000018920b450, RCX=0x00007faac64594e0, RDX=0x0000000000000000
RSP=0x00007fff5eb7b4b8, RBP=0x00007fff5eb7b570, RSI=0x00007fffa9944116, RDI=0x00007faac64594e0
R8 =0x0000000000000018, R9 =0x00007faac3501a60, R10=0x0000000000000000, R11=0x00007fffa9944116
R12=0x0000000000000000, R13=0x000000018e245028, R14=0x000000018920b440, R15=0x00007faac28f5800
RIP=0x00007fffc00aa05d, EFLAGS=0x0000000000010246, ERR=0x0000000000000004
  TRAPNO=0x000000000000000e

Top of Stack: (sp=0x00007fff5eb7b4b8)
0x00007fff5eb7b4b8:   0000000189209194 00007fff5eb7b510
0x00007fff5eb7b4c8:   0000000000000003 00007fff5eb7b4f0
0x00007fff5eb7b4d8:   00000001012f06d2 0000000189209fb4
0x00007fff5eb7b4e8:   00007faac28f59f8 00007faac6184a10
0x00007fff5eb7b4f8:   000000018920b6a0 000000018920b710
0x00007fff5eb7b508:   00007fffc610e6d0 00007fffc6d3e1e0
0x00007fff5eb7b518:   000000018920b450 000000018920b690
0x00007fff5eb7b528:   00007faac6184a10 00007faac64594e0
0x00007fff5eb7b538:   00007faac0d8bf10 00007faac6184a10
0x00007fff5eb7b548:   00007faac64594e0 00007fff5eb7b5f0
0x00007fff5eb7b558:   00007faac28f59f8 000000018e245028
0x00007fff5eb7b568:   00007fff5eb7b618 00007fff5eb7b5e0
0x00007fff5eb7b578:   00000001078e79f4 00007fff5eb7b5e0
0x00007fff5eb7b588:   00000001078e7779 00000001078f39a3
0x00007fff5eb7b598:   00000001078e7742 00007fff5eb7b5a0
0x00007fff5eb7b5a8:   000000018e245028 00007fff5eb7b618
0x00007fff5eb7b5b8:   000000018e247c60 0000000000000000
0x00007fff5eb7b5c8:   000000018e245028 0000000000000000
0x00007fff5eb7b5d8:   00007fff5eb7b600 00007fff5eb7b660
0x00007fff5eb7b5e8:   00000001078d82bd 0000000740516168
0x00007fff5eb7b5f8:   00000001078e1538 00007faac6184a10
0x00007fff5eb7b608:   00000001078e2e39 00007faac64594e0
0x00007fff5eb7b618:   00000001078e2e02 00007fff5eb7b620
0x00007fff5eb7b628:   000000018e2451f2 00007fff5eb7b688
0x00007fff5eb7b638:   000000018e247c60 0000000000000000
0x00007fff5eb7b648:   000000018e245200 00007fff5eb7b600
0x00007fff5eb7b658:   00007fff5eb7b670 00007fff5eb7b6d0
0x00007fff5eb7b668:   00000001078d82bd 00007faac6184a10
0x00007fff5eb7b678:   00000007402df6d8 00007faac64594e0
0x00007fff5eb7b688:   00000007402df6d8 00007fff5eb7b690
0x00007fff5eb7b698:   00000001903713ce 00007fff5eb7b6e0
0x00007fff5eb7b6a8:   0000000190371488 0000000000000000 

Instructions: (pc=0x00007fffc00aa05d)
0x00007fffc00aa03d:   0f 1f 00 48 85 ff 2e 74 62 40 f6 c7 01 2e 75 66
0x00007fffc00aa04d:   49 ba f8 ff ff ff ff 7f 00 00 4c 23 17 49 89 f3
0x00007fffc00aa05d:   45 23 5a 18 49 c1 e3 04 4d 03 5a 10 49 3b 33 75
0x00007fffc00aa06d:   04 41 ff 63 08 49 83 3b 01 76 0d 49 83 c3 10 49 

Register to memory mapping:

RAX=0x000000018920b710: Java_jogamp_nativewindow_macosx_OSXUtil_GetScreenRefreshRate0+0x1fb0 in /private/var/folders/jq/l0jglkhs1w1bwklv8c2_sz5w0000gn/T/jogamp_0000/file_cache/jln1799107378193713520/jln4289179181206159230/libnativewindow_macosx.jnilib at 0x0000000189204000
RBX=0x000000018920b450: Java_jogamp_nativewindow_macosx_OSXUtil_GetScreenRefreshRate0+0x1cf0 in /private/var/folders/jq/l0jglkhs1w1bwklv8c2_sz5w0000gn/T/jogamp_0000/file_cache/jln1799107378193713520/jln4289179181206159230/libnativewindow_macosx.jnilib at 0x0000000189204000
RCX=0x00007faac64594e0 is an unknown value
RDX=0x0000000000000000 is an unknown value
RSP=0x00007fff5eb7b4b8 is pointing into the stack for thread: 0x00007faac28f5800
RBP=0x00007fff5eb7b570 is pointing into the stack for thread: 0x00007faac28f5800
RSI=0x00007fffa9944116: __NSStyleNameIndexTable+0x7fd5e in /System/Library/Frameworks/AppKit.framework/Versions/C/AppKit at 0x00007fffa8cd7000
RDI=0x00007faac64594e0 is an unknown value
R8 =0x0000000000000018 is an unknown value
R9 =0x00007faac3501a60 is an unknown value
R10=0x0000000000000000 is an unknown value
R11=0x00007fffa9944116: __NSStyleNameIndexTable+0x7fd5e in /System/Library/Frameworks/AppKit.framework/Versions/C/AppKit at 0x00007fffa8cd7000
R12=0x0000000000000000 is an unknown value
R13={method} {0x000000018e245028} 'UnsetJAWTRootSurfaceLayer0' '(JJ)V' in 'jogamp/nativewindow/jawt/macosx/MacOSXJAWTWindow'
R14=0x000000018920b440: Java_jogamp_nativewindow_macosx_OSXUtil_GetScreenRefreshRate0+0x1ce0 in /private/var/folders/jq/l0jglkhs1w1bwklv8c2_sz5w0000gn/T/jogamp_0000/file_cache/jln1799107378193713520/jln4289179181206159230/libnativewindow_macosx.jnilib at 0x0000000189204000
R15=0x00007faac28f5800 is a thread


Stack: [0x00007fff5e380000,0x00007fff5eb80000],  sp=0x00007fff5eb7b4b8,  free space=8173k
Native frames: (J=compiled Java code, j=interpreted, Vv=VM code, C=native code)
C  [libobjc.A.dylib+0x705d]  objc_msgSend+0x1d
j  jogamp.nativewindow.jawt.macosx.MacOSXJAWTWindow.UnsetJAWTRootSurfaceLayer0(JJ)V+0
j  jogamp.nativewindow.jawt.macosx.MacOSXJAWTWindow.access$200(JJ)V+2
j  jogamp.nativewindow.jawt.macosx.MacOSXJAWTWindow$1.run()V+38
j  com.jogamp.common.util.RunnableTask.run()V+24
v  ~StubRoutines::call_stub
V  [libjvm.dylib+0x2ee5b6]  JavaCalls::call_helper(JavaValue*, methodHandle*, JavaCallArguments*, Thread*)+0x6ae
V  [libjvm.dylib+0x325765]  jni_invoke_nonstatic(JNIEnv_*, JavaValue*, _jobject*, JNICallType, _jmethodID*, JNI_ArgumentPusher*, Thread*)+0x2ec
V  [libjvm.dylib+0x317f33]  jni_CallVoidMethod+0x16b
C  [libnativewindow_macosx.jnilib+0x5326]  Java_jogamp_nativewindow_jawt_macosx_MacOSXJAWTWindow_UnsetJAWTRootSurfaceLayer0+0x2b6
C  [Foundation+0x717ba]  __NSThreadPerformPerform+0x146
C  [CoreFoundation+0xa7321]  __CFRUNLOOP_IS_CALLING_OUT_TO_A_SOURCE0_PERFORM_FUNCTION__+0x11
C  [CoreFoundation+0x88197]  __CFRunLoopDoSources0+0x1a7
C  [CoreFoundation+0x87716]  __CFRunLoopRun+0x3a6
C  [CoreFoundation+0x87114]  CFRunLoopRunSpecific+0x1a4
C  [HIToolbox+0x30ebc]  RunCurrentEventLoopInMode+0xf0
C  [HIToolbox+0x30bf9]  ReceiveNextEventCommon+0xb8
C  [HIToolbox+0x30b26]  _BlockUntilNextEventMatchingListInModeWithFilter+0x47
C  [AppKit+0x46a54]  _DPSNextEvent+0x460
C  [AppKit+0x7c27ee]  -[NSApplication(NSEvent) _nextEventMatchingEventMask:untilDate:inMode:dequeue:]+0xaec
C  [libosxapp.dylib+0x23aa]  -[NSApplicationAWT nextEventMatchingMask:untilDate:inMode:dequeue:]+0x7c
C  [AppKit+0x3b3db]  -[NSApplication run]+0x39e
C  [libosxapp.dylib+0x214d]  +[NSApplicationAWT runAWTLoopWithApp:]+0x9c
C  [libawt_lwawt.dylib+0x45edf]  -[AWTStarter starter:]+0x389
C  [Foundation+0x717ba]  __NSThreadPerformPerform+0x146
C  [CoreFoundation+0xa7321]  __CFRUNLOOP_IS_CALLING_OUT_TO_A_SOURCE0_PERFORM_FUNCTION__+0x11
C  [CoreFoundation+0x8821d]  __CFRunLoopDoSources0+0x22d
C  [CoreFoundation+0x87716]  __CFRunLoopRun+0x3a6
C  [CoreFoundation+0x87114]  CFRunLoopRunSpecific+0x1a4
C  [java+0x6465]  CreateExecutionEnvironment+0x367
C  [java+0x218c]  JLI_Launch+0x7a0
C  [java+0x84c2]  main+0x65
C  [java+0x19e4]  start+0x34
C  0x0000000000000007

Java frames: (J=compiled Java code, j=interpreted, Vv=VM code)
j  jogamp.nativewindow.jawt.macosx.MacOSXJAWTWindow.UnsetJAWTRootSurfaceLayer0(JJ)V+0
j  jogamp.nativewindow.jawt.macosx.MacOSXJAWTWindow.access$200(JJ)V+2
j  jogamp.nativewindow.jawt.macosx.MacOSXJAWTWindow$1.run()V+38
j  com.jogamp.common.util.RunnableTask.run()V+24
v  ~StubRoutines::call_stub

---------------  P R O C E S S  ---------------

Java Threads: ( => current thread )
  0x00007faac128b000 JavaThread "Thread-32" [_thread_blocked, id=72327, stack(0x000070000aeac000,0x000070000afac000)]
  0x00007faac2aff000 JavaThread "Thread-31" [_thread_blocked, id=68871, stack(0x000070000ada9000,0x000070000aea9000)]
  0x00007faac2afe000 JavaThread "Thread-30" [_thread_blocked, id=67599, stack(0x000070000aca6000,0x000070000ada6000)]
  0x00007faac2a4f000 JavaThread "Thread-29" [_thread_blocked, id=67351, stack(0x0000700009f7c000,0x000070000a07c000)]
  0x00007faac14fb800 JavaThread "Thread-28" [_thread_blocked, id=71187, stack(0x000070000aba3000,0x000070000aca3000)]
  0x00007faac146a000 JavaThread "Thread-27" [_thread_blocked, id=70675, stack(0x000070000aaa0000,0x000070000aba0000)]
  0x00007faac1722800 JavaThread "Thread-26" [_thread_blocked, id=71699, stack(0x000070000a99d000,0x000070000aa9d000)]
  0x00007faac1716800 JavaThread "Thread-25" [_thread_blocked, id=25867, stack(0x000070000a89a000,0x000070000a99a000)]
  0x00007faac19fe000 JavaThread "Thread-24" [_thread_blocked, id=39431, stack(0x000070000a797000,0x000070000a897000)]
  0x00007faac19fd800 JavaThread "Thread-23" [_thread_blocked, id=39175, stack(0x000070000a694000,0x000070000a794000)]
  0x00007faac1867800 JavaThread "Thread-22" [_thread_blocked, id=5591, stack(0x000070000a591000,0x000070000a691000)]
  0x00007faac2782800 JavaThread "Thread-21" [_thread_blocked, id=66387, stack(0x000070000a48e000,0x000070000a58e000)]
  0x00007faac2709800 JavaThread "Thread-20" [_thread_blocked, id=4359, stack(0x000070000a38b000,0x000070000a48b000)]
  0x00007faac28c1000 JavaThread "Thread-19" [_thread_blocked, id=73911, stack(0x000070000a288000,0x000070000a388000)]
  0x00007faac19ff800 JavaThread "AWT-EventQueue-1" [_thread_in_native, id=66139, stack(0x000070000a102000,0x000070000a202000)]
  0x00007faac1807800 JavaThread "DestroyJavaVM" [_thread_blocked, id=7171, stack(0x0000700008a37000,0x0000700008b37000)]
  0x00007faac19aa800 JavaThread "AWT-EventQueue-0" [_thread_blocked, id=60163, stack(0x0000700009e79000,0x0000700009f79000)]
  0x00007faac217b000 JavaThread "Java2D Disposer" daemon [_thread_blocked, id=56847, stack(0x0000700009bf0000,0x0000700009cf0000)]
  0x00007faac297e800 JavaThread "Java2D Queue Flusher" daemon [_thread_blocked, id=54791, stack(0x0000700009aed000,0x0000700009bed000)]
  0x00007faac11a4000 JavaThread "AWT-Shutdown" [_thread_blocked, id=29471, stack(0x00007000098e4000,0x00007000099e4000)]
=>0x00007faac28f5800 JavaThread "AWT-AppKit" daemon [_thread_in_native, id=775, stack(0x00007fff5e380000,0x00007fff5eb80000)]
  0x00007faac2837800 JavaThread "Service Thread" daemon [_thread_blocked, id=18435, stack(0x000070000965b000,0x000070000975b000)]
  0x00007faac1803000 JavaThread "C1 CompilerThread2" daemon [_thread_blocked, id=17923, stack(0x0000700009558000,0x0000700009658000)]
  0x00007faac1034800 JavaThread "C2 CompilerThread1" daemon [_thread_blocked, id=17411, stack(0x0000700009455000,0x0000700009555000)]
  0x00007faac1027000 JavaThread "C2 CompilerThread0" daemon [_thread_blocked, id=16899, stack(0x0000700009352000,0x0000700009452000)]
  0x00007faac1032800 JavaThread "Signal Dispatcher" daemon [_thread_blocked, id=16387, stack(0x000070000924f000,0x000070000934f000)]
  0x00007faac2836000 JavaThread "Finalizer" daemon [_thread_blocked, id=12547, stack(0x000070000914c000,0x000070000924c000)]
  0x00007faac2801000 JavaThread "Reference Handler" daemon [_thread_blocked, id=12035, stack(0x0000700009049000,0x0000700009149000)]

Other Threads:
  0x00007faac1015000 VMThread [stack: 0x0000700008f46000,0x0000700009046000] [id=11523]
  0x00007faac2000800 WatcherThread [stack: 0x000070000975e000,0x000070000985e000] [id=18947]

VM state:not at safepoint (normal execution)

VM Mutex/Monitor currently owned by a thread: None

Heap:
 PSYoungGen      total 102912K, used 24808K [0x0000000795580000, 0x000000079c780000, 0x00000007c0000000)
  eden space 91136K, 14% used [0x0000000795580000,0x00000007962c6b00,0x000000079ae80000)
  from space 11776K, 95% used [0x000000079bb00000,0x000000079c5f35d0,0x000000079c680000)
  to   space 12800K, 0% used [0x000000079ae80000,0x000000079ae80000,0x000000079bb00000)
 ParOldGen       total 65024K, used 20738K [0x0000000740000000, 0x0000000743f80000, 0x0000000795580000)
  object space 65024K, 31% used [0x0000000740000000,0x0000000741440880,0x0000000743f80000)
 Metaspace       used 23644K, capacity 23986K, committed 24112K, reserved 1071104K
  class space    used 2417K, capacity 2552K, committed 2608K, reserved 1048576K

Card table byte_map: [0x0000000102dc0000,0x00000001031c1000] byte_map_base: 0x00000000ff3c0000

Marking Bits: (ParMarkBitMap*) 0x00000001019eeea0
 Begin Bits: [0x000000010346c000, 0x000000010546c000)
 End Bits:   [0x000000010546c000, 0x000000010746c000)

Polling page: 0x00000001020e3000

CodeCache: size=245760Kb used=7428Kb max_used=8490Kb free=238331Kb
 bounds [0x00000001078d0000, 0x0000000108130000, 0x00000001168d0000]
 total_blobs=3047 nmethods=2108 adapters=852
 compilation: enabled

Compilation events (10 events):
Event: 25.680 Thread 0x00007faac1803000 2389   !   3       java.util.jar.JarFile$JarFileEntry::getCodeSigners (78 bytes)
Event: 25.681 Thread 0x00007faac1803000 nmethod 2389 0x00000001079f6710 code [0x00000001079f68e0, 0x00000001079f6ef8]
Event: 25.689 Thread 0x00007faac1803000 2390       3       sun.java2d.pipe.Region::getInstanceXYXY (12 bytes)
Event: 25.689 Thread 0x00007faac1803000 nmethod 2390 0x0000000107cbe990 code [0x0000000107cbeb00, 0x0000000107cbed50]
Event: 25.689 Thread 0x00007faac1803000 2391       3       sun.awt.EventQueueItem::<init> (10 bytes)
Event: 25.689 Thread 0x00007faac1803000 nmethod 2391 0x00000001079e6550 code [0x00000001079e66c0, 0x00000001079e6890]
Event: 25.690 Thread 0x00007faac1803000 2393       3       java.awt.Toolkit::getEventQueue (7 bytes)
Event: 25.690 Thread 0x00007faac1803000 nmethod 2393 0x00000001079e8750 code [0x00000001079e8900, 0x00000001079e8ea8]
Event: 25.690 Thread 0x00007faac1803000 2392       1       java.awt.Component::isCoalescingEnabled (5 bytes)
Event: 25.690 Thread 0x00007faac1803000 nmethod 2392 0x0000000107e22b10 code [0x0000000107e22c60, 0x0000000107e22d70]

GC Heap History (10 events):
Event: 9.568 GC heap before
{Heap before GC invocations=7 (full 1):
 PSYoungGen      total 52736K, used 52594K [0x0000000795580000, 0x000000079ad00000, 0x00000007c0000000)
  eden space 47616K, 100% used [0x0000000795580000,0x0000000798400000,0x0000000798400000)
  from space 5120K, 97% used [0x0000000798400000,0x00000007988dcb20,0x0000000798900000)
  to   space 13312K, 0% used [0x000000079a000000,0x000000079a000000,0x000000079ad00000)
 ParOldGen       total 65024K, used 20730K [0x0000000740000000, 0x0000000743f80000, 0x0000000795580000)
  object space 65024K, 31% used [0x0000000740000000,0x000000074143e880,0x0000000743f80000)
 Metaspace       used 23582K, capacity 23980K, committed 24112K, reserved 1071104K
  class space    used 2408K, capacity 2551K, committed 2608K, reserved 1048576K
Event: 9.575 GC heap after
Heap after GC invocations=7 (full 1):
 PSYoungGen      total 74240K, used 7057K [0x0000000795580000, 0x000000079ab00000, 0x00000007c0000000)
  eden space 62976K, 0% used [0x0000000795580000,0x0000000795580000,0x0000000799300000)
  from space 11264K, 62% used [0x000000079a000000,0x000000079a6e4418,0x000000079ab00000)
  to   space 12288K, 0% used [0x0000000799300000,0x0000000799300000,0x0000000799f00000)
 ParOldGen       total 65024K, used 20730K [0x0000000740000000, 0x0000000743f80000, 0x0000000795580000)
  object space 65024K, 31% used [0x0000000740000000,0x000000074143e880,0x0000000743f80000)
 Metaspace       used 23582K, capacity 23980K, committed 24112K, reserved 1071104K
  class space    used 2408K, capacity 2551K, committed 2608K, reserved 1048576K
}
Event: 13.054 GC heap before
{Heap before GC invocations=8 (full 1):
 PSYoungGen      total 74240K, used 68086K [0x0000000795580000, 0x000000079ab00000, 0x00000007c0000000)
  eden space 62976K, 96% used [0x0000000795580000,0x00000007991194d0,0x0000000799300000)
  from space 11264K, 62% used [0x000000079a000000,0x000000079a6e4418,0x000000079ab00000)
  to   space 12288K, 0% used [0x0000000799300000,0x0000000799300000,0x0000000799f00000)
 ParOldGen       total 65024K, used 20730K [0x0000000740000000, 0x0000000743f80000, 0x0000000795580000)
  object space 65024K, 31% used [0x0000000740000000,0x000000074143e880,0x0000000743f80000)
 Metaspace       used 23582K, capacity 23980K, committed 24112K, reserved 1071104K
  class space    used 2408K, capacity 2551K, committed 2608K, reserved 1048576K
Event: 13.064 GC heap after
Heap after GC invocations=8 (full 1):
 PSYoungGen      total 75264K, used 9167K [0x0000000795580000, 0x000000079be80000, 0x00000007c0000000)
  eden space 62976K, 0% used [0x0000000795580000,0x0000000795580000,0x0000000799300000)
  from space 12288K, 74% used [0x0000000799300000,0x0000000799bf3d10,0x0000000799f00000)
  to   space 12800K, 0% used [0x000000079b200000,0x000000079b200000,0x000000079be80000)
 ParOldGen       total 65024K, used 20730K [0x0000000740000000, 0x0000000743f80000, 0x0000000795580000)
  object space 65024K, 31% used [0x0000000740000000,0x000000074143e880,0x0000000743f80000)
 Metaspace       used 23582K, capacity 23980K, committed 24112K, reserved 1071104K
  class space    used 2408K, capacity 2551K, committed 2608K, reserved 1048576K
}
Event: 16.474 GC heap before
{Heap before GC invocations=9 (full 1):
 PSYoungGen      total 75264K, used 72143K [0x0000000795580000, 0x000000079be80000, 0x00000007c0000000)
  eden space 62976K, 100% used [0x0000000795580000,0x0000000799300000,0x0000000799300000)
  from space 12288K, 74% used [0x0000000799300000,0x0000000799bf3d10,0x0000000799f00000)
  to   space 12800K, 0% used [0x000000079b200000,0x000000079b200000,0x000000079be80000)
 ParOldGen       total 65024K, used 20730K [0x0000000740000000, 0x0000000743f80000, 0x0000000795580000)
  object space 65024K, 31% used [0x0000000740000000,0x000000074143e880,0x0000000743f80000)
 Metaspace       used 23588K, capacity 23980K, committed 24112K, reserved 1071104K
  class space    used 2408K, capacity 2551K, committed 2608K, reserved 1048576K
Event: 16.481 GC heap after
Heap after GC invocations=9 (full 1):
 PSYoungGen      total 90624K, used 8048K [0x0000000795580000, 0x000000079bc00000, 0x00000007c0000000)
  eden space 80384K, 0% used [0x0000000795580000,0x0000000795580000,0x000000079a400000)
  from space 10240K, 78% used [0x000000079b200000,0x000000079b9dc068,0x000000079bc00000)
  to   space 12288K, 0% used [0x000000079a400000,0x000000079a400000,0x000000079b000000)
 ParOldGen       total 65024K, used 20730K [0x0000000740000000, 0x0000000743f80000, 0x0000000795580000)
  object space 65024K, 31% used [0x0000000740000000,0x000000074143e880,0x0000000743f80000)
 Metaspace       used 23588K, capacity 23980K, committed 24112K, reserved 1071104K
  class space    used 2408K, capacity 2551K, committed 2608K, reserved 1048576K
}
Event: 21.105 GC heap before
{Heap before GC invocations=10 (full 1):
 PSYoungGen      total 90624K, used 88432K [0x0000000795580000, 0x000000079bc00000, 0x00000007c0000000)
  eden space 80384K, 100% used [0x0000000795580000,0x000000079a400000,0x000000079a400000)
  from space 10240K, 78% used [0x000000079b200000,0x000000079b9dc068,0x000000079bc00000)
  to   space 12288K, 0% used [0x000000079a400000,0x000000079a400000,0x000000079b000000)
 ParOldGen       total 65024K, used 20730K [0x0000000740000000, 0x0000000743f80000, 0x0000000795580000)
  object space 65024K, 31% used [0x0000000740000000,0x000000074143e880,0x0000000743f80000)
 Metaspace       used 23596K, capacity 23980K, committed 24112K, reserved 1071104K
  class space    used 2409K, capacity 2551K, committed 2608K, reserved 1048576K
Event: 21.111 GC heap after
Heap after GC invocations=10 (full 1):
 PSYoungGen      total 92672K, used 8016K [0x0000000795580000, 0x000000079c680000, 0x00000007c0000000)
  eden space 80384K, 0% used [0x0000000795580000,0x0000000795580000,0x000000079a400000)
  from space 12288K, 65% used [0x000000079a400000,0x000000079abd4068,0x000000079b000000)
  to   space 11776K, 0% used [0x000000079bb00000,0x000000079bb00000,0x000000079c680000)
 ParOldGen       total 65024K, used 20730K [0x0000000740000000, 0x0000000743f80000, 0x0000000795580000)
  object space 65024K, 31% used [0x0000000740000000,0x000000074143e880,0x0000000743f80000)
 Metaspace       used 23596K, capacity 23980K, committed 24112K, reserved 1071104K
  class space    used 2409K, capacity 2551K, committed 2608K, reserved 1048576K
}
Event: 25.630 GC heap before
{Heap before GC invocations=11 (full 1):
 PSYoungGen      total 92672K, used 88400K [0x0000000795580000, 0x000000079c680000, 0x00000007c0000000)
  eden space 80384K, 100% used [0x0000000795580000,0x000000079a400000,0x000000079a400000)
  from space 12288K, 65% used [0x000000079a400000,0x000000079abd4068,0x000000079b000000)
  to   space 11776K, 0% used [0x000000079bb00000,0x000000079bb00000,0x000000079c680000)
 ParOldGen       total 65024K, used 20730K [0x0000000740000000, 0x0000000743f80000, 0x0000000795580000)
  object space 65024K, 31% used [0x0000000740000000,0x000000074143e880,0x0000000743f80000)
 Metaspace       used 23611K, capacity 23980K, committed 24112K, reserved 1071104K
  class space    used 2410K, capacity 2551K, committed 2608K, reserved 1048576K
Event: 25.638 GC heap after
Heap after GC invocations=11 (full 1):
 PSYoungGen      total 102912K, used 11213K [0x0000000795580000, 0x000000079c780000, 0x00000007c0000000)
  eden space 91136K, 0% used [0x0000000795580000,0x0000000795580000,0x000000079ae80000)
  from space 11776K, 95% used [0x000000079bb00000,0x000000079c5f35d0,0x000000079c680000)
  to   space 12800K, 0% used [0x000000079ae80000,0x000000079ae80000,0x000000079bb00000)
 ParOldGen       total 65024K, used 20738K [0x0000000740000000, 0x0000000743f80000, 0x0000000795580000)
  object space 65024K, 31% used [0x0000000740000000,0x0000000741440880,0x0000000743f80000)
 Metaspace       used 23611K, capacity 23980K, committed 24112K, reserved 1071104K
  class space    used 2410K, capacity 2551K, committed 2608K, reserved 1048576K
}

Deoptimization events (10 events):
Event: 3.414 Thread 0x00007faac19ff800 Uncommon trap: reason=class_check action=maybe_recompile pc=0x0000000107d8437c method=java.util.regex.Matcher.search(I)Z @ 86
Event: 3.414 Thread 0x00007faac19ff800 Uncommon trap: reason=class_check action=maybe_recompile pc=0x0000000107d8437c method=java.util.regex.Matcher.search(I)Z @ 86
Event: 3.414 Thread 0x00007faac19ff800 Uncommon trap: reason=class_check action=maybe_recompile pc=0x0000000107d8437c method=java.util.regex.Matcher.search(I)Z @ 86
Event: 3.414 Thread 0x00007faac19ff800 Uncommon trap: reason=class_check action=maybe_recompile pc=0x0000000107d8437c method=java.util.regex.Matcher.search(I)Z @ 86
Event: 3.462 Thread 0x00007faac19ff800 Uncommon trap: reason=unstable_if action=reinterpret pc=0x0000000107f5e568 method=processing.opengl.PGraphicsOpenGL$InGeometry.addVertex(FFFIFFFFFIFIIIFIZ)I @ 218
Event: 3.500 Thread 0x00007faac19ff800 Uncommon trap: reason=unstable_if action=reinterpret pc=0x0000000107f7ba4c method=processing.opengl.PGraphicsOpenGL$Tessellator.addLineSegment3D(III[SZ)I @ 67
Event: 21.994 Thread 0x00007faac19ff800 Uncommon trap: reason=unstable_if action=reinterpret pc=0x00000001080cd628 method=com.jogamp.common.util.VersionNumber.compareTo(Lcom/jogamp/common/util/VersionNumber;)I @ 21
Event: 25.674 Thread 0x00007faac2180000 Uncommon trap: reason=class_check action=maybe_recompile pc=0x0000000107d832f0 method=java.util.HashMap.putVal(ILjava/lang/Object;Ljava/lang/Object;ZZ)Ljava/lang/Object; @ 91
Event: 25.674 Thread 0x00007faac2180000 Uncommon trap: reason=class_check action=maybe_recompile pc=0x0000000107d832f0 method=java.util.HashMap.putVal(ILjava/lang/Object;Ljava/lang/Object;ZZ)Ljava/lang/Object; @ 91
Event: 25.675 Thread 0x00007faac2180000 Uncommon trap: reason=class_check action=maybe_recompile pc=0x0000000107d13bb0 method=java.util.HashMap.putVal(ILjava/lang/Object;Ljava/lang/Object;ZZ)Ljava/lang/Object; @ 91

Internal exceptions (10 events):
Event: 0.156 Thread 0x00007faac1807800 Exception <a 'java/lang/NoSuchFieldError': method resolution failed> (0x00000007957e0ea8) thrown at [/Users/java_re/workspace/8-2-build-macosx-x86_64/jdk8u131/8869/hotspot/src/share/vm/prims/methodHandles.cpp, line 1146]
Event: 0.304 Thread 0x00007faac1807800 Exception <a 'java/io/FileNotFoundException'> (0x000000079585c3d0) thrown at [/Users/java_re/workspace/8-2-build-macosx-x86_64/jdk8u131/8869/hotspot/src/share/vm/prims/jni.cpp, line 709]
Event: 0.305 Thread 0x00007faac1807800 Exception <a 'java/io/FileNotFoundException'> (0x000000079585cf50) thrown at [/Users/java_re/workspace/8-2-build-macosx-x86_64/jdk8u131/8869/hotspot/src/share/vm/prims/jni.cpp, line 709]
Event: 0.401 Thread 0x00007faac1807800 Exception <a 'java/io/FileNotFoundException'> (0x0000000795a416e8) thrown at [/Users/java_re/workspace/8-2-build-macosx-x86_64/jdk8u131/8869/hotspot/src/share/vm/prims/jni.cpp, line 709]
Event: 1.867 Thread 0x00007faac12a9800 Exception <a 'java/lang/UnsatisfiedLinkError': com.jogamp.common.util.JarUtil.fixNativeLibAttribs(Ljava/lang/String;)Z> (0x0000000796cc4dc0) thrown at [/Users/java_re/workspace/8-2-build-macosx-x86_64/jdk8u131/8869/hotspot/src/share/vm/prims/nativeLookup.
Event: 2.038 Thread 0x00007faac2836000 Exception <a 'java/lang/NullPointerException'> (0x00000007956a2fe0) thrown at [/Users/java_re/workspace/8-2-build-macosx-x86_64/jdk8u131/8869/hotspot/src/share/vm/interpreter/linkResolver.cpp, line 1197]
Event: 2.643 Thread 0x00007faac19ff800 Exception <a 'java/io/FileNotFoundException'> (0x00000007961aa148) thrown at [/Users/java_re/workspace/8-2-build-macosx-x86_64/jdk8u131/8869/hotspot/src/share/vm/prims/jni.cpp, line 709]
Event: 2.643 Thread 0x00007faac19ff800 Exception <a 'java/io/FileNotFoundException'> (0x00000007961b13f8) thrown at [/Users/java_re/workspace/8-2-build-macosx-x86_64/jdk8u131/8869/hotspot/src/share/vm/prims/jni.cpp, line 709]
Event: 2.644 Thread 0x00007faac19ff800 Implicit null exception at 0x0000000107aaa876 to 0x0000000107aaac41
Event: 2.772 Thread 0x00007faac19ff800 Implicit null exception at 0x0000000107c8fd06 to 0x0000000107c8ff4d

Events (10 events):
Event: 25.690 Thread 0x00007faac1803000 flushing nmethod 0x0000000107fd41d0
Event: 25.690 Thread 0x00007faac1803000 flushing nmethod 0x0000000107fd4550
Event: 25.690 Thread 0x00007faac1803000 flushing nmethod 0x0000000107fd48d0
Event: 25.690 Thread 0x00007faac1803000 flushing nmethod 0x0000000107fdea90
Event: 25.690 Thread 0x00007faac1803000 flushing nmethod 0x0000000107fdee50
Event: 25.690 Thread 0x00007faac1803000 flushing nmethod 0x0000000107fdf490
Event: 25.690 Thread 0x00007faac1803000 flushing nmethod 0x0000000107fdfd50
Event: 25.690 Thread 0x00007faac1803000 flushing nmethod 0x0000000107fe0390
Event: 25.690 Thread 0x00007faac1803000 flushing nmethod 0x0000000107fe27d0
Event: 25.690 Thread 0x00007faac1803000 flushing nmethod 0x0000000107ff8a90


Dynamic libraries:
0x0000000035e26000 	/System/Library/Frameworks/Cocoa.framework/Versions/A/Cocoa
0x0000000035e26000 	/System/Library/Frameworks/Security.framework/Versions/A/Security
0x0000000035e26000 	/System/Library/Frameworks/ApplicationServices.framework/Versions/A/ApplicationServices
0x0000000035e26000 	/usr/lib/libz.1.dylib
0x0000000035e26000 	/usr/lib/libSystem.B.dylib
0x0000000035e26000 	/usr/lib/libobjc.A.dylib
0x0000000035e26000 	/System/Library/Frameworks/CoreFoundation.framework/Versions/A/CoreFoundation
0x0000000035e26000 	/System/Library/Frameworks/Foundation.framework/Versions/C/Foundation
0x0000000035e26000 	/System/Library/Frameworks/AppKit.framework/Versions/C/AppKit
0x0000000035e26000 	/System/Library/Frameworks/CoreData.framework/Versions/A/CoreData
0x0000000035e26000 	/System/Library/PrivateFrameworks/RemoteViewServices.framework/Versions/A/RemoteViewServices
0x0000000035e26000 	/System/Library/PrivateFrameworks/UIFoundation.framework/Versions/A/UIFoundation
0x0000000035e26000 	/System/Library/PrivateFrameworks/DFRFoundation.framework/Versions/A/DFRFoundation
0x0000000035e26000 	/usr/lib/libenergytrace.dylib
0x0000000035e26000 	/System/Library/PrivateFrameworks/SkyLight.framework/Versions/A/SkyLight
0x0000000035e26000 	/System/Library/Frameworks/CoreGraphics.framework/Versions/A/CoreGraphics
0x0000000035e26000 	/usr/lib/libScreenReader.dylib
0x0000000035e26000 	/System/Library/Frameworks/Accelerate.framework/Versions/A/Accelerate
0x0000000035e26000 	/System/Library/Frameworks/IOSurface.framework/Versions/A/IOSurface
0x0000000035e26000 	/System/Library/Frameworks/AudioToolbox.framework/Versions/A/AudioToolbox
0x0000000035e26000 	/System/Library/Frameworks/AudioUnit.framework/Versions/A/AudioUnit
0x0000000035e26000 	/System/Library/PrivateFrameworks/DataDetectorsCore.framework/Versions/A/DataDetectorsCore
0x0000000035e26000 	/System/Library/PrivateFrameworks/DesktopServicesPriv.framework/Versions/A/DesktopServicesPriv
0x0000000035e26000 	/System/Library/Frameworks/Carbon.framework/Versions/A/Frameworks/HIToolbox.framework/Versions/A/HIToolbox
0x0000000035e26000 	/usr/lib/libicucore.A.dylib
0x0000000035e26000 	/System/Library/Frameworks/QuartzCore.framework/Versions/A/QuartzCore
0x0000000035e26000 	/System/Library/Frameworks/Carbon.framework/Versions/A/Frameworks/SpeechRecognition.framework/Versions/A/SpeechRecognition
0x0000000035e26000 	/usr/lib/libauto.dylib
0x0000000035e26000 	/usr/lib/libxml2.2.dylib
0x0000000035e26000 	/System/Library/PrivateFrameworks/CoreUI.framework/Versions/A/CoreUI
0x0000000035e26000 	/System/Library/Frameworks/CoreAudio.framework/Versions/A/CoreAudio
0x0000000035e26000 	/System/Library/Frameworks/DiskArbitration.framework/Versions/A/DiskArbitration
0x0000000035e26000 	/usr/lib/liblangid.dylib
0x0000000035e26000 	/System/Library/PrivateFrameworks/MultitouchSupport.framework/Versions/A/MultitouchSupport
0x0000000035e26000 	/System/Library/Frameworks/IOKit.framework/Versions/A/IOKit
0x0000000035e26000 	/usr/lib/libDiagnosticMessagesClient.dylib
0x0000000035e26000 	/System/Library/Frameworks/CoreServices.framework/Versions/A/CoreServices
0x0000000035e26000 	/System/Library/PrivateFrameworks/PerformanceAnalysis.framework/Versions/A/PerformanceAnalysis
0x0000000035e26000 	/System/Library/PrivateFrameworks/GenerationalStorage.framework/Versions/A/GenerationalStorage
0x0000000035e26000 	/System/Library/Frameworks/OpenGL.framework/Versions/A/OpenGL
0x0000000035e26000 	/System/Library/Frameworks/CoreImage.framework/Versions/A/CoreImage
0x0000000035e26000 	/System/Library/Frameworks/CoreText.framework/Versions/A/CoreText
0x0000000035e26000 	/System/Library/Frameworks/ImageIO.framework/Versions/A/ImageIO
0x0000000035e26000 	/System/Library/PrivateFrameworks/Backup.framework/Versions/A/Backup
0x0000000035e26000 	/usr/lib/libarchive.2.dylib
0x0000000035e26000 	/System/Library/Frameworks/CFNetwork.framework/Versions/A/CFNetwork
0x0000000035e26000 	/System/Library/Frameworks/SystemConfiguration.framework/Versions/A/SystemConfiguration
0x0000000035e26000 	/usr/lib/libCRFSuite.dylib
0x0000000035e26000 	/usr/lib/libc++.1.dylib
0x0000000035e26000 	/usr/lib/libc++abi.dylib
0x0000000035e26000 	/usr/lib/system/libcache.dylib
0x0000000035e26000 	/usr/lib/system/libcommonCrypto.dylib
0x0000000035e26000 	/usr/lib/system/libcompiler_rt.dylib
0x0000000035e26000 	/usr/lib/system/libcopyfile.dylib
0x0000000035e26000 	/usr/lib/system/libcorecrypto.dylib
0x0000000035e26000 	/usr/lib/system/libdispatch.dylib
0x0000000035e26000 	/usr/lib/system/libdyld.dylib
0x0000000035e26000 	/usr/lib/system/libkeymgr.dylib
0x0000000035e26000 	/usr/lib/system/liblaunch.dylib
0x0000000035e26000 	/usr/lib/system/libmacho.dylib
0x0000000035e26000 	/usr/lib/system/libquarantine.dylib
0x0000000035e26000 	/usr/lib/system/libremovefile.dylib
0x0000000035e26000 	/usr/lib/system/libsystem_asl.dylib
0x0000000035e26000 	/usr/lib/system/libsystem_blocks.dylib
0x0000000035e26000 	/usr/lib/system/libsystem_c.dylib
0x0000000035e26000 	/usr/lib/system/libsystem_configuration.dylib
0x0000000035e26000 	/usr/lib/system/libsystem_coreservices.dylib
0x0000000035e26000 	/usr/lib/system/libsystem_coretls.dylib
0x0000000035e26000 	/usr/lib/system/libsystem_dnssd.dylib
0x0000000035e26000 	/usr/lib/system/libsystem_info.dylib
0x0000000035e26000 	/usr/lib/system/libsystem_kernel.dylib
0x0000000035e26000 	/usr/lib/system/libsystem_m.dylib
0x0000000035e26000 	/usr/lib/system/libsystem_malloc.dylib
0x0000000035e26000 	/usr/lib/system/libsystem_network.dylib
0x0000000035e26000 	/usr/lib/system/libsystem_networkextension.dylib
0x0000000035e26000 	/usr/lib/system/libsystem_notify.dylib
0x0000000035e26000 	/usr/lib/system/libsystem_platform.dylib
0x0000000035e26000 	/usr/lib/system/libsystem_pthread.dylib
0x0000000035e26000 	/usr/lib/system/libsystem_sandbox.dylib
0x0000000035e26000 	/usr/lib/system/libsystem_secinit.dylib
0x0000000035e26000 	/usr/lib/system/libsystem_symptoms.dylib
0x0000000035e26000 	/usr/lib/system/libsystem_trace.dylib
0x0000000035e26000 	/usr/lib/system/libunwind.dylib
0x0000000035e26000 	/usr/lib/system/libxpc.dylib
0x0000000035e26000 	/usr/lib/libbsm.0.dylib
0x0000000035e26000 	/usr/lib/system/libkxld.dylib
0x0000000035e26000 	/usr/lib/libcoretls.dylib
0x0000000035e26000 	/usr/lib/libcoretls_cfhelpers.dylib
0x0000000035e26000 	/usr/lib/libOpenScriptingUtil.dylib
0x0000000035e26000 	/usr/lib/libpam.2.dylib
0x0000000035e26000 	/usr/lib/libsqlite3.dylib
0x0000000035e26000 	/usr/lib/libxar.1.dylib
0x0000000035e26000 	/usr/lib/libbz2.1.0.dylib
0x0000000035e26000 	/usr/lib/liblzma.5.dylib
0x0000000035e26000 	/usr/lib/libnetwork.dylib
0x0000000035e26000 	/usr/lib/libpcap.A.dylib
0x0000000035e26000 	/System/Library/Frameworks/CoreServices.framework/Versions/A/Frameworks/FSEvents.framework/Versions/A/FSEvents
0x0000000035e26000 	/System/Library/Frameworks/CoreServices.framework/Versions/A/Frameworks/CarbonCore.framework/Versions/A/CarbonCore
0x0000000035e26000 	/System/Library/Frameworks/CoreServices.framework/Versions/A/Frameworks/Metadata.framework/Versions/A/Metadata
0x0000000035e26000 	/System/Library/Frameworks/CoreServices.framework/Versions/A/Frameworks/OSServices.framework/Versions/A/OSServices
0x0000000035e26000 	/System/Library/Frameworks/CoreServices.framework/Versions/A/Frameworks/SearchKit.framework/Versions/A/SearchKit
0x0000000035e26000 	/System/Library/Frameworks/CoreServices.framework/Versions/A/Frameworks/AE.framework/Versions/A/AE
0x0000000035e26000 	/System/Library/Frameworks/CoreServices.framework/Versions/A/Frameworks/LaunchServices.framework/Versions/A/LaunchServices
0x0000000035e26000 	/System/Library/Frameworks/CoreServices.framework/Versions/A/Frameworks/DictionaryServices.framework/Versions/A/DictionaryServices
0x0000000035e26000 	/System/Library/Frameworks/CoreServices.framework/Versions/A/Frameworks/SharedFileList.framework/Versions/A/SharedFileList
0x0000000035e26000 	/System/Library/Frameworks/NetFS.framework/Versions/A/NetFS
0x0000000035e26000 	/System/Library/PrivateFrameworks/NetAuth.framework/Versions/A/NetAuth
0x0000000035e26000 	/System/Library/PrivateFrameworks/login.framework/Versions/A/Frameworks/loginsupport.framework/Versions/A/loginsupport
0x0000000035e26000 	/System/Library/PrivateFrameworks/TCC.framework/Versions/A/TCC
0x0000000035e26000 	/usr/lib/libmecabra.dylib
0x0000000035e26000 	/System/Library/Frameworks/ApplicationServices.framework/Versions/A/Frameworks/ATS.framework/Versions/A/ATS
0x0000000035e26000 	/System/Library/Frameworks/ApplicationServices.framework/Versions/A/Frameworks/ColorSync.framework/Versions/A/ColorSync
0x0000000035e26000 	/System/Library/Frameworks/ApplicationServices.framework/Versions/A/Frameworks/HIServices.framework/Versions/A/HIServices
0x0000000035e26000 	/System/Library/Frameworks/ApplicationServices.framework/Versions/A/Frameworks/LangAnalysis.framework/Versions/A/LangAnalysis
0x0000000035e26000 	/System/Library/Frameworks/ApplicationServices.framework/Versions/A/Frameworks/PrintCore.framework/Versions/A/PrintCore
0x0000000035e26000 	/System/Library/Frameworks/ApplicationServices.framework/Versions/A/Frameworks/QD.framework/Versions/A/QD
0x0000000035e26000 	/System/Library/Frameworks/ApplicationServices.framework/Versions/A/Frameworks/SpeechSynthesis.framework/Versions/A/SpeechSynthesis
0x0000000035e26000 	/System/Library/Frameworks/Accelerate.framework/Versions/A/Frameworks/vImage.framework/Versions/A/vImage
0x0000000035e26000 	/System/Library/Frameworks/Accelerate.framework/Versions/A/Frameworks/vecLib.framework/Versions/A/vecLib
0x0000000035e26000 	/System/Library/Frameworks/Accelerate.framework/Versions/A/Frameworks/vecLib.framework/Versions/A/libvDSP.dylib
0x0000000035e26000 	/System/Library/Frameworks/Accelerate.framework/Versions/A/Frameworks/vecLib.framework/Versions/A/libBNNS.dylib
0x0000000035e26000 	/System/Library/Frameworks/Accelerate.framework/Versions/A/Frameworks/vecLib.framework/Versions/A/libQuadrature.dylib
0x0000000035e26000 	/System/Library/Frameworks/Accelerate.framework/Versions/A/Frameworks/vecLib.framework/Versions/A/libvMisc.dylib
0x0000000035e26000 	/System/Library/Frameworks/Accelerate.framework/Versions/A/Frameworks/vecLib.framework/Versions/A/libLAPACK.dylib
0x0000000035e26000 	/System/Library/Frameworks/Accelerate.framework/Versions/A/Frameworks/vecLib.framework/Versions/A/libBLAS.dylib
0x0000000035e26000 	/System/Library/Frameworks/Accelerate.framework/Versions/A/Frameworks/vecLib.framework/Versions/A/libLinearAlgebra.dylib
0x0000000035e26000 	/System/Library/Frameworks/Accelerate.framework/Versions/A/Frameworks/vecLib.framework/Versions/A/libSparseBLAS.dylib
0x0000000035e26000 	/System/Library/Frameworks/ApplicationServices.framework/Versions/A/Frameworks/ATS.framework/Versions/A/Resources/libFontParser.dylib
0x0000000035e26000 	/System/Library/Frameworks/ApplicationServices.framework/Versions/A/Frameworks/ATS.framework/Versions/A/Resources/libFontRegistry.dylib
0x0000000035e26000 	/System/Library/Frameworks/ImageIO.framework/Versions/A/Resources/libJPEG.dylib
0x0000000035e26000 	/System/Library/Frameworks/ImageIO.framework/Versions/A/Resources/libTIFF.dylib
0x0000000035e26000 	/System/Library/Frameworks/ImageIO.framework/Versions/A/Resources/libPng.dylib
0x0000000035e26000 	/System/Library/Frameworks/ImageIO.framework/Versions/A/Resources/libGIF.dylib
0x0000000035e26000 	/System/Library/Frameworks/ImageIO.framework/Versions/A/Resources/libJP2.dylib
0x0000000035e26000 	/System/Library/Frameworks/ImageIO.framework/Versions/A/Resources/libRadiance.dylib
0x0000000035e26000 	/usr/lib/libcompression.dylib
0x0000000035e26000 	/System/Library/PrivateFrameworks/AppleJPEG.framework/Versions/A/AppleJPEG
0x0000000035e26000 	/usr/lib/libcups.2.dylib
0x0000000035e26000 	/System/Library/Frameworks/Kerberos.framework/Versions/A/Kerberos
0x0000000035e26000 	/System/Library/Frameworks/GSS.framework/Versions/A/GSS
0x0000000035e26000 	/usr/lib/libresolv.9.dylib
0x0000000035e26000 	/usr/lib/libiconv.2.dylib
0x0000000035e26000 	/System/Library/PrivateFrameworks/Heimdal.framework/Versions/A/Heimdal
0x0000000035e26000 	/usr/lib/libheimdal-asn1.dylib
0x0000000035e26000 	/System/Library/Frameworks/OpenDirectory.framework/Versions/A/OpenDirectory
0x0000000035e26000 	/System/Library/PrivateFrameworks/CommonAuth.framework/Versions/A/CommonAuth
0x0000000035e26000 	/System/Library/Frameworks/OpenDirectory.framework/Versions/A/Frameworks/CFOpenDirectory.framework/Versions/A/CFOpenDirectory
0x0000000035e26000 	/System/Library/Frameworks/SecurityFoundation.framework/Versions/A/SecurityFoundation
0x0000000035e26000 	/System/Library/PrivateFrameworks/LanguageModeling.framework/Versions/A/LanguageModeling
0x0000000035e26000 	/usr/lib/libmarisa.dylib
0x0000000035e26000 	/usr/lib/libChineseTokenizer.dylib
0x0000000035e26000 	/usr/lib/libcmph.dylib
0x0000000035e26000 	/System/Library/PrivateFrameworks/CoreEmoji.framework/Versions/A/CoreEmoji
0x0000000035e26000 	/System/Library/Frameworks/ServiceManagement.framework/Versions/A/ServiceManagement
0x0000000035e26000 	/usr/lib/libxslt.1.dylib
0x0000000035e26000 	/System/Library/Frameworks/Carbon.framework/Versions/A/Frameworks/Ink.framework/Versions/A/Ink
0x0000000035e26000 	/System/Library/PrivateFrameworks/TextureIO.framework/Versions/A/TextureIO
0x0000000035e26000 	/System/Library/Frameworks/Metal.framework/Versions/A/Metal
0x0000000035e26000 	/usr/lib/libate.dylib
0x0000000035e26000 	/System/Library/PrivateFrameworks/GPUCompiler.framework/libmetal_timestamp.dylib
0x0000000035e26000 	/System/Library/Frameworks/OpenGL.framework/Versions/A/Libraries/libCoreFSCache.dylib
0x0000000035e26000 	/System/Library/PrivateFrameworks/IOAccelerator.framework/Versions/A/IOAccelerator
0x0000000035e26000 	/System/Library/Frameworks/CoreVideo.framework/Versions/A/CoreVideo
0x0000000035e26000 	/usr/lib/libFosl_dynamic.dylib
0x0000000035e26000 	/System/Library/PrivateFrameworks/MetalPerformanceShaders.framework/Versions/A/MetalPerformanceShaders
0x0000000035e26000 	/System/Library/PrivateFrameworks/FaceCore.framework/Versions/A/FaceCore
0x0000000035e26000 	/System/Library/Frameworks/OpenCL.framework/Versions/A/OpenCL
0x0000000035e26000 	/System/Library/Frameworks/OpenGL.framework/Versions/A/Libraries/libGLU.dylib
0x0000000035e26000 	/System/Library/Frameworks/OpenGL.framework/Versions/A/Libraries/libGFXShared.dylib
0x0000000035e26000 	/System/Library/Frameworks/OpenGL.framework/Versions/A/Libraries/libGL.dylib
0x0000000035e26000 	/System/Library/Frameworks/OpenGL.framework/Versions/A/Libraries/libGLImage.dylib
0x0000000035e26000 	/System/Library/Frameworks/OpenGL.framework/Versions/A/Libraries/libCVMSPluginSupport.dylib
0x0000000035e26000 	/System/Library/Frameworks/OpenGL.framework/Versions/A/Libraries/libCoreVMClient.dylib
0x0000000035e26000 	/System/Library/PrivateFrameworks/CrashReporterSupport.framework/Versions/A/CrashReporterSupport
0x0000000035e26000 	/System/Library/PrivateFrameworks/Sharing.framework/Versions/A/Sharing
0x0000000035e26000 	/System/Library/PrivateFrameworks/IconServices.framework/Versions/A/IconServices
0x0000000035e26000 	/System/Library/PrivateFrameworks/ProtocolBuffer.framework/Versions/A/ProtocolBuffer
0x0000000035e26000 	/System/Library/PrivateFrameworks/Apple80211.framework/Versions/A/Apple80211
0x0000000035e26000 	/System/Library/Frameworks/CoreWLAN.framework/Versions/A/CoreWLAN
0x0000000035e26000 	/System/Library/PrivateFrameworks/CoreUtils.framework/Versions/A/CoreUtils
0x0000000035e26000 	/System/Library/Frameworks/IOBluetooth.framework/Versions/A/IOBluetooth
0x0000000035e26000 	/System/Library/PrivateFrameworks/CoreWiFi.framework/Versions/A/CoreWiFi
0x0000000035e26000 	/System/Library/Frameworks/CoreBluetooth.framework/Versions/A/CoreBluetooth
0x0000000035e26000 	/System/Library/Frameworks/CoreDisplay.framework/Versions/A/CoreDisplay
0x0000000035e26000 	/System/Library/PrivateFrameworks/IOPresentment.framework/Versions/A/IOPresentment
0x0000000035e26000 	/System/Library/PrivateFrameworks/DSExternalDisplay.framework/Versions/A/DSExternalDisplay
0x0000000035e26000 	/System/Library/PrivateFrameworks/DebugSymbols.framework/Versions/A/DebugSymbols
0x0000000035e26000 	/System/Library/PrivateFrameworks/CoreSymbolication.framework/Versions/A/CoreSymbolication
0x0000000035e26000 	/System/Library/PrivateFrameworks/Symbolication.framework/Versions/A/Symbolication
0x0000000035e26000 	/System/Library/PrivateFrameworks/AppleFSCompression.framework/Versions/A/AppleFSCompression
0x0000000035e26000 	/System/Library/PrivateFrameworks/SpeechRecognitionCore.framework/Versions/A/SpeechRecognitionCore
0x0000000035e26000 	/System/Library/PrivateFrameworks/ChunkingLibrary.framework/Versions/A/ChunkingLibrary
0x00000001010fd000 	/Library/Java/JavaVirtualMachines/jdk1.8.0_131.jdk/Contents/Home/jre/lib/server/libjvm.dylib
0x0000000035e26000 	/usr/lib/libstdc++.6.dylib
0x00000001020a0000 	/Library/Java/JavaVirtualMachines/jdk1.8.0_131.jdk/Contents/Home/jre/lib/libverify.dylib
0x00000001020ae000 	/Library/Java/JavaVirtualMachines/jdk1.8.0_131.jdk/Contents/Home/jre/lib/libjava.dylib
0x00000001020ed000 	/Library/Java/JavaVirtualMachines/jdk1.8.0_131.jdk/Contents/Home/jre/lib/libzip.dylib
0x0000000107827000 	/System/Library/Frameworks/JavaVM.framework/Frameworks/JavaRuntimeSupport.framework/JavaRuntimeSupport
0x0000000118310000 	/System/Library/Frameworks/JavaVM.framework/Versions/A/Frameworks/JavaNativeFoundation.framework/Versions/A/JavaNativeFoundation
0x00000001021f3000 	/System/Library/Frameworks/JavaVM.framework/Versions/A/JavaVM
0x0000000035e26000 	/System/Library/Frameworks/Carbon.framework/Versions/A/Carbon
0x0000000118325000 	/System/Library/PrivateFrameworks/JavaLaunching.framework/Versions/A/JavaLaunching
0x0000000035e26000 	/System/Library/Frameworks/Carbon.framework/Versions/A/Frameworks/CommonPanels.framework/Versions/A/CommonPanels
0x0000000035e26000 	/System/Library/Frameworks/Carbon.framework/Versions/A/Frameworks/Help.framework/Versions/A/Help
0x0000000035e26000 	/System/Library/Frameworks/Carbon.framework/Versions/A/Frameworks/ImageCapture.framework/Versions/A/ImageCapture
0x0000000035e26000 	/System/Library/Frameworks/Carbon.framework/Versions/A/Frameworks/OpenScripting.framework/Versions/A/OpenScripting
0x0000000035e26000 	/System/Library/Frameworks/Carbon.framework/Versions/A/Frameworks/Print.framework/Versions/A/Print
0x0000000035e26000 	/System/Library/Frameworks/Carbon.framework/Versions/A/Frameworks/SecurityHI.framework/Versions/A/SecurityHI
0x0000000119c6a000 	/Library/Java/JavaVirtualMachines/jdk1.8.0_131.jdk/Contents/Home/jre/lib/libawt.dylib
0x0000000119d12000 	/Library/Java/JavaVirtualMachines/jdk1.8.0_131.jdk/Contents/Home/jre/lib/./libmlib_image.dylib
0x0000000119dde000 	/Library/Java/JavaVirtualMachines/jdk1.8.0_131.jdk/Contents/Home/jre/lib/libawt_lwawt.dylib
0x0000000119e95000 	/Library/Java/JavaVirtualMachines/jdk1.8.0_131.jdk/Contents/Home/jre/lib/./libosxapp.dylib
0x0000000035e26000 	/System/Library/Frameworks/ExceptionHandling.framework/Versions/A/ExceptionHandling
0x0000000035e26000 	/System/Library/PrivateFrameworks/CoreServicesInternal.framework/Versions/A/CoreServicesInternal
0x0000000035e26000 	/System/Library/CoreServices/RawCamera.bundle/Contents/MacOS/RawCamera
0x0000000035e26000 	/System/Library/Frameworks/Accelerate.framework/Versions/A/Frameworks/vImage.framework/Versions/A/Libraries/libCGInterfaces.dylib
0x0000000035e26000 	/System/Library/Frameworks/ApplicationServices.framework/Versions/A/Frameworks/ATS.framework/Versions/A/Resources/libTrueTypeScaler.dylib
0x000000011bc0f000 	/System/Library/Frameworks/OpenGL.framework/Resources/GLEngine.bundle/GLEngine
0x0000000035e26000 	/System/Library/Frameworks/OpenGL.framework/Versions/A/Libraries/libGLProgrammability.dylib
0x000000011bdf4000 	/System/Library/Extensions/AppleIntelKBLGraphicsGLDriver.bundle/Contents/MacOS/AppleIntelKBLGraphicsGLDriver
0x0000000035e26000 	/System/Library/PrivateFrameworks/GPUSupport.framework/Versions/A/Libraries/libGPUSupportMercury.dylib
0x000000011cb77000 	/System/Library/Frameworks/OpenGL.framework/Resources//GLRendererFloat.bundle/GLRendererFloat
0x0000000035e26000 	/System/Library/Frameworks/OpenCL.framework/Versions/A/Libraries/libcldcpuengine.dylib
0x0000000035e26000 	/usr/lib/libcrypto.0.9.8.dylib
0x0000000035e26000 	/System/Library/PrivateFrameworks/TrustEvaluationAgent.framework/Versions/A/TrustEvaluationAgent
0x000000011cbab000 	/System/Library/Extensions/AppleIntelKBLGraphicsMTLDriver.bundle/Contents/MacOS/AppleIntelKBLGraphicsMTLDriver
0x0000000035e26000 	/System/Library/PrivateFrameworks/FamilyControls.framework/Versions/A/FamilyControls
0x0000000035e26000 	/System/Library/PrivateFrameworks/CommerceKit.framework/Versions/A/Frameworks/CommerceCore.framework/Versions/A/CommerceCore
0x0000000035e26000 	/System/Library/PrivateFrameworks/SystemAdministration.framework/Versions/A/SystemAdministration
0x0000000035e26000 	/System/Library/PrivateFrameworks/AppContainer.framework/Versions/A/AppContainer
0x0000000035e26000 	/System/Library/PrivateFrameworks/SecCodeWrapper.framework/Versions/A/SecCodeWrapper
0x0000000035e26000 	/System/Library/Frameworks/DirectoryService.framework/Versions/A/DirectoryService
0x0000000035e26000 	/System/Library/PrivateFrameworks/DiskImages.framework/Versions/A/DiskImages
0x0000000035e26000 	/System/Library/PrivateFrameworks/LoginUIKit.framework/Versions/A/Frameworks/LoginUICore.framework/Versions/A/LoginUICore
0x0000000035e26000 	/usr/lib/libCoreStorage.dylib
0x0000000035e26000 	/usr/lib/libcsfde.dylib
0x0000000035e26000 	/usr/lib/libodfde.dylib
0x0000000035e26000 	/System/Library/Frameworks/DiscRecording.framework/Versions/A/DiscRecording
0x0000000035e26000 	/usr/lib/libcurl.4.dylib
0x0000000035e26000 	/System/Library/PrivateFrameworks/MediaKit.framework/Versions/A/MediaKit
0x0000000035e26000 	/System/Library/PrivateFrameworks/ProtectedCloudStorage.framework/Versions/A/ProtectedCloudStorage
0x0000000035e26000 	/System/Library/PrivateFrameworks/EFILogin.framework/Versions/A/EFILogin
0x0000000035e26000 	/usr/lib/libutil.dylib
0x0000000035e26000 	/System/Library/Frameworks/LDAP.framework/Versions/A/LDAP
0x0000000035e26000 	/usr/lib/libsasl2.2.dylib
0x0000000035e26000 	/System/Library/PrivateFrameworks/CoreDaemon.framework/Versions/B/CoreDaemon
0x0000000035e26000 	/System/Library/PrivateFrameworks/AppleSRP.framework/Versions/A/AppleSRP
0x0000000035e26000 	/System/Library/PrivateFrameworks/APFS.framework/Versions/A/APFS
0x000000011ea6c000 	/Library/Java/JavaVirtualMachines/jdk1.8.0_131.jdk/Contents/Home/jre/lib/libfontmanager.dylib
0x000000011fb3b000 	/Library/Java/JavaVirtualMachines/jdk1.8.0_131.jdk/Contents/Home/jre/lib/libosxui.dylib
0x0000000035e26000 	/System/Library/PrivateFrameworks/ViewBridge.framework/Versions/A/ViewBridge
0x0000000035e26000 	/System/Library/PrivateFrameworks/XPCService.framework/Versions/A/XPCService
0x0000000035e26000 	/System/Library/PrivateFrameworks/AppSandbox.framework/Versions/A/AppSandbox
0x0000000035e26000 	/usr/lib/libsandbox.1.dylib
0x0000000035e26000 	/usr/lib/libMatch.1.dylib
0x0000000120a36000 	/Library/Java/JavaVirtualMachines/jdk1.8.0_131.jdk/Contents/Home/jre/lib/libnet.dylib
0x0000000120995000 	/Library/Java/JavaVirtualMachines/jdk1.8.0_131.jdk/Contents/Home/jre/lib/libnio.dylib
0x000000011fbcb000 	/private/var/folders/jq/l0jglkhs1w1bwklv8c2_sz5w0000gn/T/jogamp_0000/file_cache/jln1799107378193713520/jln4289179181206159230/libgluegen-rt.jnilib
0x000000011fbf9000 	/private/var/folders/jq/l0jglkhs1w1bwklv8c2_sz5w0000gn/T/jogamp_0000/file_cache/jln1799107378193713520/jln4289179181206159230/libnativewindow_awt.jnilib
0x000000011fbfc000 	/Library/Java/JavaVirtualMachines/jdk1.8.0_131.jdk/Contents/Home/jre/lib/libjawt.dylib
0x0000000189204000 	/private/var/folders/jq/l0jglkhs1w1bwklv8c2_sz5w0000gn/T/jogamp_0000/file_cache/jln1799107378193713520/jln4289179181206159230/libnativewindow_macosx.jnilib
0x00000001892bf000 	/private/var/folders/jq/l0jglkhs1w1bwklv8c2_sz5w0000gn/T/jogamp_0000/file_cache/jln1799107378193713520/jln4289179181206159230/libjogl_desktop.jnilib
0x00000001894dc000 	/Library/Java/JavaVirtualMachines/jdk1.8.0_131.jdk/Contents/Home/jre/lib/libsunec.dylib
0x0000000192bbe000 	/Library/Java/JavaVirtualMachines/jdk1.8.0_131.jdk/Contents/Home/jre/lib/libjpeg.dylib

VM Arguments:
jvm_args: -Djava.security.policy=java.policy.applet -Dfile.encoding=UTF-8 
java_command: sun.applet.AppletViewer module3.EarthquakeCityMap1500452654492.html
java_class_path (initial): /Users/haeunkim/Documents/UCSDUnfoldingMaps/build:/Users/haeunkim/Documents/UCSDUnfoldingMaps/lib/core.jar:/Users/haeunkim/Documents/UCSDUnfoldingMaps/lib/gluegen-rt.jar:/Users/haeunkim/Documents/UCSDUnfoldingMaps/lib/jogl-all.jar:/Users/haeunkim/Documents/UCSDUnfoldingMaps/lib/log4j-1.2.15.jar:/Users/haeunkim/Documents/UCSDUnfoldingMaps/lib/sqlite-jdbc-3.7.2.jar:/Users/haeunkim/Documents/UCSDUnfoldingMaps/lib/json4processing.jar:/Users/haeunkim/Documents/UCSDUnfoldingMaps/lib/libTUIO.jar:/Users/haeunkim/Documents/UCSDUnfoldingMaps/lib/unfolding.0.9.7-uscd.jar
Launcher Type: SUN_STANDARD

Environment Variables:
PATH=/usr/bin:/bin:/usr/sbin:/sbin
SHELL=/bin/bash

Signal Handlers:
SIGSEGV: [libjvm.dylib+0x5b1eb1], sa_mask[0]=11111111011111110111111111111111, sa_flags=SA_ONSTACK|SA_RESTART|SA_SIGINFO
SIGBUS: [libjvm.dylib+0x5b1eb1], sa_mask[0]=11111111011111110111111111111111, sa_flags=SA_RESTART|SA_SIGINFO
SIGFPE: [libjvm.dylib+0x488988], sa_mask[0]=11111111011111110111111111111111, sa_flags=SA_RESTART|SA_SIGINFO
SIGPIPE: [libjvm.dylib+0x488988], sa_mask[0]=11111111011111110111111111111111, sa_flags=SA_RESTART|SA_SIGINFO
SIGXFSZ: [libjvm.dylib+0x488988], sa_mask[0]=11111111011111110111111111111111, sa_flags=SA_RESTART|SA_SIGINFO
SIGILL: [libjvm.dylib+0x488988], sa_mask[0]=11111111011111110111111111111111, sa_flags=SA_RESTART|SA_SIGINFO
SIGUSR1: SIG_DFL, sa_mask[0]=00000000000000000000000000000000, sa_flags=none
SIGUSR2: [libjvm.dylib+0x4884a6], sa_mask[0]=00100000000000000000000000000000, sa_flags=SA_RESTART|SA_SIGINFO
SIGHUP: [libjvm.dylib+0x486a7d], sa_mask[0]=11111111011111110111111111111111, sa_flags=SA_RESTART|SA_SIGINFO
SIGINT: [libjvm.dylib+0x486a7d], sa_mask[0]=11111111011111110111111111111111, sa_flags=SA_RESTART|SA_SIGINFO
SIGTERM: [libjvm.dylib+0x486a7d], sa_mask[0]=11111111011111110111111111111111, sa_flags=SA_RESTART|SA_SIGINFO
SIGQUIT: [libjvm.dylib+0x486a7d], sa_mask[0]=11111111011111110111111111111111, sa_flags=SA_RESTART|SA_SIGINFO


---------------  S Y S T E M  ---------------

OS:Bsduname:Darwin 16.6.0 Darwin Kernel Version 16.6.0: Fri Apr 14 16:13:31 PDT 2017; root:xnu-3789.60.24~4/RELEASE_X86_64 x86_64
rlimit: STACK 8192k, CORE 0k, NPROC 709, NOFILE 10240, AS infinity
load average:6.02 3.10 2.27

CPU:total 4 (initial active 4) (2 cores per cpu, 2 threads per core) family 6 model 142 stepping 9, cmov, cx8, fxsr, mmx, sse, sse2, sse3, ssse3, sse4.1, sse4.2, popcnt, avx, avx2, aes, clmul, erms, rtm, 3dnowpref, lzcnt, ht, tsc, tscinvbit, bmi1, bmi2, adx

Memory: 4k page, physical 8388608k(132980k free)

/proc/meminfo:


vm_info: Java HotSpot(TM) 64-Bit Server VM (25.131-b11) for bsd-amd64 JRE (1.8.0_131-b11), built on Mar 15 2017 01:32:22 by "java_re" with gcc 4.2.1 (Based on Apple Inc. build 5658) (LLVM build 2336.11.00)

time: Wed Jul 19 01:24:40 2017
elapsed time: 25 seconds (0d 0h 0m 25s)

