#
# A fatal error has been detected by the Java Runtime Environment:
#
#  SIGSEGV (0xb) at pc=0x00007fffc00aa05d, pid=8082, tid=0x0000000000000307
#
# JRE version: Java(TM) SE Runtime Environment (8.0_131-b11) (build 1.8.0_131-b11)
# Java VM: Java HotSpot(TM) 64-Bit Server VM (25.131-b11 mixed mode bsd-amd64 compressed oops)
# Problematic frame:
# C  [libobjc.A.dylib+0x705d]  objc_msgSend+0x1d
#
# Failed to write core dump. Core dumps have been disabled. To enable core dumping, try "ulimit -c unlimited" before starting Java again
#
# If you would like to submit a bug report, please visit:
#   http://bugreport.java.com/bugreport/crash.jsp
# The crash happened outside the Java Virtual Machine in native code.
# See problematic frame for where to report the bug.
#

---------------  T H R E A D  ---------------

Current thread (0x00007fcedb928000):  JavaThread "AWT-AppKit" daemon [_thread_in_native, id=775, stack(0x00007fff576e7000,0x00007fff57ee7000)]

siginfo: si_signo: 11 (SIGSEGV), si_code: 1 (SEGV_MAPERR), si_addr: 0x0000000000000018

Registers:
RAX=0x00007fcedfc61170, RBX=0x0000000126859450, RCX=0x00007fcedc601820, RDX=0x0000000000000000
RSP=0x00007fff57ee23b8, RBP=0x00007fff57ee2470, RSI=0x00007fffa9944116, RDI=0x00007fcedfc5fbc0
R8 =0x0000000000000018, R9 =0x00007fcedc602130, R10=0x0000000000000000, R11=0x00007fffa9944116
R12=0x0000000000000000, R13=0x0000000195801ee8, R14=0x0000000126859440, R15=0x00007fcedb928000
RIP=0x00007fffc00aa05d, EFLAGS=0x0000000000010246, ERR=0x0000000000000004
  TRAPNO=0x000000000000000e

Top of Stack: (sp=0x00007fff57ee23b8)
0x00007fff57ee23b8:   0000000126857157 00007fff57ee2410
0x00007fff57ee23c8:   0000000000000003 00007fff57ee23f0
0x00007fff57ee23d8:   00000001087f36d2 0000000195801ee8
0x00007fff57ee23e8:   0000000195801ee8 00007fcedfc61170
0x00007fff57ee23f8:   00000001268596a0 0000000126859710
0x00007fff57ee2408:   00007fffc610e6d0 00007fffc6d3e1e0
0x00007fff57ee2418:   0000000126859450 0000000126859690
0x00007fff57ee2428:   00007fcedfc61170 00007fcedfc5fbc0
0x00007fff57ee2438:   00007fced9e73ed0 00007fcedfc61170
0x00007fff57ee2448:   00007fcedfc5fbc0 00007fff57ee24f8
0x00007fff57ee2458:   00007fcedb9281f8 0000000195801ee8
0x00007fff57ee2468:   00007fff57ee2520 00007fff57ee24e8
0x00007fff57ee2478:   00000001168ec9f4 0000000195801ee8
0x00007fff57ee2488:   00007fff57ee2520 00007fff57ee24e8
0x00007fff57ee2498:   00000001168ec787 00000001168ec742
0x00007fff57ee24a8:   00007fff57ee24a8 0000000195801ee8
0x00007fff57ee24b8:   00007fff57ee2520 0000000195804b20
0x00007fff57ee24c8:   0000000000000000 0000000195801ee8
0x00007fff57ee24d8:   0000000000000000 00007fff57ee2508
0x00007fff57ee24e8:   00007fff57ee2568 00000001168dd2bd
0x00007fff57ee24f8:   000000074045ab40 00000001168e6538
0x00007fff57ee2508:   00007fcedfc61170 00007fff57ee2568
0x00007fff57ee2518:   00007fcedfc5fbc0 00000001168e7e02
0x00007fff57ee2528:   00007fff57ee2528 00000001958020b2
0x00007fff57ee2538:   00007fff57ee2590 0000000195804b20
0x00007fff57ee2548:   0000000000000000 00000001958020c0
0x00007fff57ee2558:   00007fff57ee2508 00007fff57ee2578
0x00007fff57ee2568:   00007fff57ee25d8 00000001168dd2bd
0x00007fff57ee2578:   00007fcedfc61170 00000007402d8220
0x00007fff57ee2588:   00007fcedfc5fbc0 00000007402d8220
0x00007fff57ee2598:   00007fff57ee2598 000000019717825e
0x00007fff57ee25a8:   00007fff57ee25e8 0000000197178318 

Instructions: (pc=0x00007fffc00aa05d)
0x00007fffc00aa03d:   0f 1f 00 48 85 ff 2e 74 62 40 f6 c7 01 2e 75 66
0x00007fffc00aa04d:   49 ba f8 ff ff ff ff 7f 00 00 4c 23 17 49 89 f3
0x00007fffc00aa05d:   45 23 5a 18 49 c1 e3 04 4d 03 5a 10 49 3b 33 75
0x00007fffc00aa06d:   04 41 ff 63 08 49 83 3b 01 76 0d 49 83 c3 10 49 

Register to memory mapping:

RAX=0x00007fcedfc61170 is an unknown value
RBX=0x0000000126859450: Java_jogamp_nativewindow_macosx_OSXUtil_GetScreenRefreshRate0+0x1cf0 in /private/var/folders/jq/l0jglkhs1w1bwklv8c2_sz5w0000gn/T/jogamp_0000/file_cache/jln8308898418729707940/jln8324755175730501740/libnativewindow_macosx.jnilib at 0x0000000126852000
RCX=0x00007fcedc601820 is an unknown value
RDX=0x0000000000000000 is an unknown value
RSP=0x00007fff57ee23b8 is pointing into the stack for thread: 0x00007fcedb928000
RBP=0x00007fff57ee2470 is pointing into the stack for thread: 0x00007fcedb928000
RSI=0x00007fffa9944116: __NSStyleNameIndexTable+0x7fd5e in /System/Library/Frameworks/AppKit.framework/Versions/C/AppKit at 0x00007fffa8cd7000
RDI=0x00007fcedfc5fbc0 is an unknown value
R8 =0x0000000000000018 is an unknown value
R9 =0x00007fcedc602130 is an unknown value
R10=0x0000000000000000 is an unknown value
R11=0x00007fffa9944116: __NSStyleNameIndexTable+0x7fd5e in /System/Library/Frameworks/AppKit.framework/Versions/C/AppKit at 0x00007fffa8cd7000
R12=0x0000000000000000 is an unknown value
R13={method} {0x0000000195801ee8} 'UnsetJAWTRootSurfaceLayer0' '(JJ)V' in 'jogamp/nativewindow/jawt/macosx/MacOSXJAWTWindow'
R14=0x0000000126859440: Java_jogamp_nativewindow_macosx_OSXUtil_GetScreenRefreshRate0+0x1ce0 in /private/var/folders/jq/l0jglkhs1w1bwklv8c2_sz5w0000gn/T/jogamp_0000/file_cache/jln8308898418729707940/jln8324755175730501740/libnativewindow_macosx.jnilib at 0x0000000126852000
R15=0x00007fcedb928000 is a thread


Stack: [0x00007fff576e7000,0x00007fff57ee7000],  sp=0x00007fff57ee23b8,  free space=8172k
Native frames: (J=compiled Java code, j=interpreted, Vv=VM code, C=native code)
C  [libobjc.A.dylib+0x705d]  objc_msgSend+0x1d
j  jogamp.nativewindow.jawt.macosx.MacOSXJAWTWindow.UnsetJAWTRootSurfaceLayer0(JJ)V+0
j  jogamp.nativewindow.jawt.macosx.MacOSXJAWTWindow.access$200(JJ)V+2
j  jogamp.nativewindow.jawt.macosx.MacOSXJAWTWindow$1.run()V+38
J 2633 C1 com.jogamp.common.util.RunnableTask.run()V (345 bytes) @ 0x00000001171d0ab4 [0x00000001171d0920+0x194]
v  ~StubRoutines::call_stub
V  [libjvm.dylib+0x2ee5b6]  JavaCalls::call_helper(JavaValue*, methodHandle*, JavaCallArguments*, Thread*)+0x6ae
V  [libjvm.dylib+0x325765]  jni_invoke_nonstatic(JNIEnv_*, JavaValue*, _jobject*, JNICallType, _jmethodID*, JNI_ArgumentPusher*, Thread*)+0x2ec
V  [libjvm.dylib+0x317f33]  jni_CallVoidMethod+0x16b
C  [libnativewindow_macosx.jnilib+0x5326]  Java_jogamp_nativewindow_jawt_macosx_MacOSXJAWTWindow_UnsetJAWTRootSurfaceLayer0+0x2b6
C  [Foundation+0x717ba]  __NSThreadPerformPerform+0x146
C  [CoreFoundation+0xa7321]  __CFRUNLOOP_IS_CALLING_OUT_TO_A_SOURCE0_PERFORM_FUNCTION__+0x11
C  [CoreFoundation+0x8821d]  __CFRunLoopDoSources0+0x22d
C  [CoreFoundation+0x87716]  __CFRunLoopRun+0x3a6
C  [CoreFoundation+0x87114]  CFRunLoopRunSpecific+0x1a4
C  [HIToolbox+0x30ebc]  RunCurrentEventLoopInMode+0xf0
C  [HIToolbox+0x30bf9]  ReceiveNextEventCommon+0xb8
C  [HIToolbox+0x30b26]  _BlockUntilNextEventMatchingListInModeWithFilter+0x47
C  [AppKit+0x46a54]  _DPSNextEvent+0x460
C  [AppKit+0x7c27ee]  -[NSApplication(NSEvent) _nextEventMatchingEventMask:untilDate:inMode:dequeue:]+0xaec
C  [libosxapp.dylib+0x23aa]  -[NSApplicationAWT nextEventMatchingMask:untilDate:inMode:dequeue:]+0x7c
C  [AppKit+0x3b3db]  -[NSApplication run]+0x39e
C  [libosxapp.dylib+0x214d]  +[NSApplicationAWT runAWTLoopWithApp:]+0x9c
C  [libawt_lwawt.dylib+0x45edf]  -[AWTStarter starter:]+0x389
C  [Foundation+0x717ba]  __NSThreadPerformPerform+0x146
C  [CoreFoundation+0xa7321]  __CFRUNLOOP_IS_CALLING_OUT_TO_A_SOURCE0_PERFORM_FUNCTION__+0x11
C  [CoreFoundation+0x8821d]  __CFRunLoopDoSources0+0x22d
C  [CoreFoundation+0x87716]  __CFRunLoopRun+0x3a6
C  [CoreFoundation+0x87114]  CFRunLoopRunSpecific+0x1a4
C  [java+0x6465]  CreateExecutionEnvironment+0x367
C  [java+0x218c]  JLI_Launch+0x7a0
C  [java+0x84c2]  main+0x65
C  [java+0x19e4]  start+0x34
C  0x0000000000000007

Java frames: (J=compiled Java code, j=interpreted, Vv=VM code)
j  jogamp.nativewindow.jawt.macosx.MacOSXJAWTWindow.UnsetJAWTRootSurfaceLayer0(JJ)V+0
j  jogamp.nativewindow.jawt.macosx.MacOSXJAWTWindow.access$200(JJ)V+2
j  jogamp.nativewindow.jawt.macosx.MacOSXJAWTWindow$1.run()V+38
J 2633 C1 com.jogamp.common.util.RunnableTask.run()V (345 bytes) @ 0x00000001171d0ab4 [0x00000001171d0920+0x194]
v  ~StubRoutines::call_stub

---------------  P R O C E S S  ---------------

Java Threads: ( => current thread )
  0x00007fceda700800 JavaThread "Thread-19" [_thread_blocked, id=71779, stack(0x000070000d540000,0x000070000d640000)]
  0x00007fceda9a0000 JavaThread "AWT-EventQueue-1" [_thread_in_native, id=65639, stack(0x000070000d3ba000,0x000070000d4ba000)]
  0x00007fceda948800 JavaThread "DestroyJavaVM" [_thread_blocked, id=7171, stack(0x000070000bdf5000,0x000070000bef5000)]
  0x00007fceda953800 JavaThread "AWT-EventQueue-0" [_thread_blocked, id=59651, stack(0x000070000d1b4000,0x000070000d2b4000)]
  0x00007fceda2c8000 JavaThread "Java2D Disposer" daemon [_thread_blocked, id=56335, stack(0x000070000cf2b000,0x000070000d02b000)]
  0x00007fceda925000 JavaThread "Java2D Queue Flusher" daemon [_thread_blocked, id=54279, stack(0x000070000ce28000,0x000070000cf28000)]
  0x00007fcedb93f800 JavaThread "AWT-Shutdown" [_thread_blocked, id=29727, stack(0x000070000cca2000,0x000070000cda2000)]
=>0x00007fcedb928000 JavaThread "AWT-AppKit" daemon [_thread_in_native, id=775, stack(0x00007fff576e7000,0x00007fff57ee7000)]
  0x00007fceda850000 JavaThread "Service Thread" daemon [_thread_blocked, id=18435, stack(0x000070000ca19000,0x000070000cb19000)]
  0x00007fcedb000800 JavaThread "C1 CompilerThread2" daemon [_thread_blocked, id=17923, stack(0x000070000c916000,0x000070000ca16000)]
  0x00007fcedb81f000 JavaThread "C2 CompilerThread1" daemon [_thread_blocked, id=17411, stack(0x000070000c813000,0x000070000c913000)]
  0x00007fcedb81d000 JavaThread "C2 CompilerThread0" daemon [_thread_blocked, id=16899, stack(0x000070000c710000,0x000070000c810000)]
  0x00007fcedb800000 JavaThread "Signal Dispatcher" daemon [_thread_blocked, id=16387, stack(0x000070000c60d000,0x000070000c70d000)]
  0x00007fceda848000 JavaThread "Finalizer" daemon [_thread_blocked, id=12547, stack(0x000070000c50a000,0x000070000c60a000)]
  0x00007fceda845000 JavaThread "Reference Handler" daemon [_thread_blocked, id=12035, stack(0x000070000c407000,0x000070000c507000)]

Other Threads:
  0x00007fceda840800 VMThread [stack: 0x000070000c304000,0x000070000c404000] [id=11523]
  0x00007fcedb847800 WatcherThread [stack: 0x000070000cb1c000,0x000070000cc1c000] [id=18947]

VM state:not at safepoint (normal execution)

VM Mutex/Monitor currently owned by a thread: None

Heap:
 PSYoungGen      total 53760K, used 15239K [0x0000000795580000, 0x000000079ae80000, 0x00000007c0000000)
  eden space 48640K, 21% used [0x0000000795580000,0x0000000795f7dec0,0x0000000798500000)
  from space 5120K, 97% used [0x0000000798500000,0x00000007989e4130,0x0000000798a00000)
  to   space 13824K, 0% used [0x000000079a100000,0x000000079a100000,0x000000079ae80000)
 ParOldGen       total 65536K, used 18552K [0x0000000740000000, 0x0000000744000000, 0x0000000795580000)
  object space 65536K, 28% used [0x0000000740000000,0x000000074121e148,0x0000000744000000)
 Metaspace       used 24121K, capacity 24498K, committed 24624K, reserved 1071104K
  class space    used 2424K, capacity 2552K, committed 2608K, reserved 1048576K

Card table byte_map: [0x0000000109963000,0x0000000109d64000] byte_map_base: 0x0000000105f63000

Marking Bits: (ParMarkBitMap*) 0x0000000108ef1ea0
 Begin Bits: [0x000000010a00f000, 0x000000010c00f000)
 End Bits:   [0x000000010c00f000, 0x000000010e00f000)

Polling page: 0x0000000107dd9000

CodeCache: size=245760Kb used=10350Kb max_used=10369Kb free=235409Kb
 bounds [0x00000001168d5000, 0x0000000117305000, 0x00000001258d5000]
 total_blobs=3919 nmethods=2980 adapters=852
 compilation: enabled

Compilation events (10 events):
Event: 15.962 Thread 0x00007fcedb000800 2976       3       sun.misc.URLClassPath$JarLoader$2::getInputStream (15 bytes)
Event: 15.962 Thread 0x00007fcedb000800 nmethod 2976 0x00000001172ebbd0 code [0x00000001172ebd40, 0x00000001172ebf88]
Event: 15.962 Thread 0x00007fcedb000800 2977       3       sun.misc.URLClassPath$JarLoader$2::getContentLength (9 bytes)
Event: 15.963 Thread 0x00007fcedb000800 nmethod 2977 0x00000001172e4690 code [0x00000001172e4800, 0x00000001172e4a50]
Event: 15.963 Thread 0x00007fcedb000800 2978       3       sun.misc.URLClassPath$JarLoader$2::getCodeSigners (8 bytes)
Event: 15.963 Thread 0x00007fcedb000800 nmethod 2978 0x00000001172eb790 code [0x00000001172eb900, 0x00000001172ebb28]
Event: 15.963 Thread 0x00007fcedb000800 2979   !   3       java.util.jar.JarFile$JarFileEntry::getCodeSigners (78 bytes)
Event: 15.964 Thread 0x00007fcedb000800 nmethod 2979 0x00000001172ead50 code [0x00000001172eaf20, 0x00000001172eb538]
Event: 15.967 Thread 0x00007fcedb81f000 nmethod 2975 0x00000001172f8dd0 code [0x00000001172f8f80, 0x00000001172f9548]
Event: 15.968 Thread 0x00007fcedb81f000 2980  s    4       sun.misc.URLClassPath::getNextLoader (88 bytes)

GC Heap History (10 events):
Event: 2.761 GC heap before
{Heap before GC invocations=2 (full 0):
 PSYoungGen      total 38400K, used 28573K [0x0000000795580000, 0x0000000798000000, 0x00000007c0000000)
  eden space 33280K, 71% used [0x0000000795580000,0x0000000796c9c8e8,0x0000000797600000)
  from space 5120K, 95% used [0x0000000797600000,0x0000000797acab18,0x0000000797b00000)
  to   space 5120K, 0% used [0x0000000797b00000,0x0000000797b00000,0x0000000798000000)
 ParOldGen       total 87552K, used 16K [0x0000000740000000, 0x0000000745580000, 0x0000000795580000)
  object space 87552K, 0% used [0x0000000740000000,0x0000000740004000,0x0000000745580000)
 Metaspace       used 20823K, capacity 21254K, committed 21296K, reserved 1069056K
  class space    used 2173K, capacity 2326K, committed 2352K, reserved 1048576K
Event: 2.770 GC heap after
Heap after GC invocations=2 (full 0):
 PSYoungGen      total 38400K, used 5090K [0x0000000795580000, 0x0000000798000000, 0x00000007c0000000)
  eden space 33280K, 0% used [0x0000000795580000,0x0000000795580000,0x0000000797600000)
  from space 5120K, 99% used [0x0000000797b00000,0x0000000797ff8940,0x0000000798000000)
  to   space 5120K, 0% used [0x0000000797600000,0x0000000797600000,0x0000000797b00000)
 ParOldGen       total 87552K, used 2983K [0x0000000740000000, 0x0000000745580000, 0x0000000795580000)
  object space 87552K, 3% used [0x0000000740000000,0x00000007402e9f88,0x0000000745580000)
 Metaspace       used 20823K, capacity 21254K, committed 21296K, reserved 1069056K
  class space    used 2173K, capacity 2326K, committed 2352K, reserved 1048576K
}
Event: 2.770 GC heap before
{Heap before GC invocations=3 (full 1):
 PSYoungGen      total 38400K, used 5090K [0x0000000795580000, 0x0000000798000000, 0x00000007c0000000)
  eden space 33280K, 0% used [0x0000000795580000,0x0000000795580000,0x0000000797600000)
  from space 5120K, 99% used [0x0000000797b00000,0x0000000797ff8940,0x0000000798000000)
  to   space 5120K, 0% used [0x0000000797600000,0x0000000797600000,0x0000000797b00000)
 ParOldGen       total 87552K, used 2983K [0x0000000740000000, 0x0000000745580000, 0x0000000795580000)
  object space 87552K, 3% used [0x0000000740000000,0x00000007402e9f88,0x0000000745580000)
 Metaspace       used 20823K, capacity 21254K, committed 21296K, reserved 1069056K
  class space    used 2173K, capacity 2326K, committed 2352K, reserved 1048576K
Event: 2.798 GC heap after
Heap after GC invocations=3 (full 1):
 PSYoungGen      total 38400K, used 0K [0x0000000795580000, 0x0000000798000000, 0x00000007c0000000)
  eden space 33280K, 0% used [0x0000000795580000,0x0000000795580000,0x0000000797600000)
  from space 5120K, 0% used [0x0000000797b00000,0x0000000797b00000,0x0000000798000000)
  to   space 5120K, 0% used [0x0000000797600000,0x0000000797600000,0x0000000797b00000)
 ParOldGen       total 65536K, used 7938K [0x0000000740000000, 0x0000000744000000, 0x0000000795580000)
  object space 65536K, 12% used [0x0000000740000000,0x00000007407c0a10,0x0000000744000000)
 Metaspace       used 20823K, capacity 21254K, committed 21296K, reserved 1069056K
  class space    used 2173K, capacity 2326K, committed 2352K, reserved 1048576K
}
Event: 3.268 GC heap before
{Heap before GC invocations=4 (full 1):
 PSYoungGen      total 38400K, used 33280K [0x0000000795580000, 0x0000000798000000, 0x00000007c0000000)
  eden space 33280K, 100% used [0x0000000795580000,0x0000000797600000,0x0000000797600000)
  from space 5120K, 0% used [0x0000000797b00000,0x0000000797b00000,0x0000000798000000)
  to   space 5120K, 0% used [0x0000000797600000,0x0000000797600000,0x0000000797b00000)
 ParOldGen       total 65536K, used 7938K [0x0000000740000000, 0x0000000744000000, 0x0000000795580000)
  object space 65536K, 12% used [0x0000000740000000,0x00000007407c0a10,0x0000000744000000)
 Metaspace       used 23452K, capacity 23852K, committed 24112K, reserved 1071104K
  class space    used 2415K, capacity 2551K, committed 2608K, reserved 1048576K
Event: 3.275 GC heap after
Heap after GC invocations=4 (full 1):
 PSYoungGen      total 38400K, used 5104K [0x0000000795580000, 0x0000000798f00000, 0x00000007c0000000)
  eden space 33280K, 0% used [0x0000000795580000,0x0000000795580000,0x0000000797600000)
  from space 5120K, 99% used [0x0000000797600000,0x0000000797afc130,0x0000000797b00000)
  to   space 5120K, 0% used [0x0000000798a00000,0x0000000798a00000,0x0000000798f00000)
 ParOldGen       total 65536K, used 16352K [0x0000000740000000, 0x0000000744000000, 0x0000000795580000)
  object space 65536K, 24% used [0x0000000740000000,0x0000000740ff80e8,0x0000000744000000)
 Metaspace       used 23452K, capacity 23852K, committed 24112K, reserved 1071104K
  class space    used 2415K, capacity 2551K, committed 2608K, reserved 1048576K
}
Event: 6.231 GC heap before
{Heap before GC invocations=5 (full 1):
 PSYoungGen      total 38400K, used 38384K [0x0000000795580000, 0x0000000798f00000, 0x00000007c0000000)
  eden space 33280K, 100% used [0x0000000795580000,0x0000000797600000,0x0000000797600000)
  from space 5120K, 99% used [0x0000000797600000,0x0000000797afc130,0x0000000797b00000)
  to   space 5120K, 0% used [0x0000000798a00000,0x0000000798a00000,0x0000000798f00000)
 ParOldGen       total 65536K, used 16352K [0x0000000740000000, 0x0000000744000000, 0x0000000795580000)
  object space 65536K, 24% used [0x0000000740000000,0x0000000740ff80e8,0x0000000744000000)
 Metaspace       used 23814K, capacity 24178K, committed 24368K, reserved 1071104K
  class space    used 2416K, capacity 2552K, committed 2608K, reserved 1048576K
Event: 6.237 GC heap after
Heap after GC invocations=5 (full 1):
 PSYoungGen      total 52224K, used 5088K [0x0000000795580000, 0x0000000798f00000, 0x00000007c0000000)
  eden space 47104K, 0% used [0x0000000795580000,0x0000000795580000,0x0000000798380000)
  from space 5120K, 99% used [0x0000000798a00000,0x0000000798ef8140,0x0000000798f00000)
  to   space 5120K, 0% used [0x0000000798500000,0x0000000798500000,0x0000000798a00000)
 ParOldGen       total 65536K, used 18544K [0x0000000740000000, 0x0000000744000000, 0x0000000795580000)
  object space 65536K, 28% used [0x0000000740000000,0x000000074121c148,0x0000000744000000)
 Metaspace       used 23814K, capacity 24178K, committed 24368K, reserved 1071104K
  class space    used 2416K, capacity 2552K, committed 2608K, reserved 1048576K
}
Event: 14.462 GC heap before
{Heap before GC invocations=6 (full 1):
 PSYoungGen      total 52224K, used 52192K [0x0000000795580000, 0x0000000798f00000, 0x00000007c0000000)
  eden space 47104K, 100% used [0x0000000795580000,0x0000000798380000,0x0000000798380000)
  from space 5120K, 99% used [0x0000000798a00000,0x0000000798ef8140,0x0000000798f00000)
  to   space 5120K, 0% used [0x0000000798500000,0x0000000798500000,0x0000000798a00000)
 ParOldGen       total 65536K, used 18544K [0x0000000740000000, 0x0000000744000000, 0x0000000795580000)
  object space 65536K, 28% used [0x0000000740000000,0x000000074121c148,0x0000000744000000)
 Metaspace       used 24081K, capacity 24498K, committed 24624K, reserved 1071104K
  class space    used 2416K, capacity 2552K, committed 2608K, reserved 1048576K
Event: 14.468 GC heap after
Heap after GC invocations=6 (full 1):
 PSYoungGen      total 53760K, used 5008K [0x0000000795580000, 0x000000079ae80000, 0x00000007c0000000)
  eden space 48640K, 0% used [0x0000000795580000,0x0000000795580000,0x0000000798500000)
  from space 5120K, 97% used [0x0000000798500000,0x00000007989e4130,0x0000000798a00000)
  to   space 13824K, 0% used [0x000000079a100000,0x000000079a100000,0x000000079ae80000)
 ParOldGen       total 65536K, used 18552K [0x0000000740000000, 0x0000000744000000, 0x0000000795580000)
  object space 65536K, 28% used [0x0000000740000000,0x000000074121e148,0x0000000744000000)
 Metaspace       used 24081K, capacity 24498K, committed 24624K, reserved 1071104K
  class space    used 2416K, capacity 2552K, committed 2608K, reserved 1048576K
}

Deoptimization events (10 events):
Event: 3.147 Thread 0x00007fceda9a0000 Uncommon trap: reason=class_check action=maybe_recompile pc=0x0000000116d9a4fc method=java.util.regex.Matcher.search(I)Z @ 86
Event: 3.147 Thread 0x00007fceda9a0000 Uncommon trap: reason=class_check action=maybe_recompile pc=0x0000000116d9a4fc method=java.util.regex.Matcher.search(I)Z @ 86
Event: 3.147 Thread 0x00007fceda9a0000 Uncommon trap: reason=class_check action=maybe_recompile pc=0x0000000116d9a4fc method=java.util.regex.Matcher.search(I)Z @ 86
Event: 3.196 Thread 0x00007fceda9a0000 Uncommon trap: reason=unstable_if action=reinterpret pc=0x0000000116f79ca8 method=processing.opengl.PGraphicsOpenGL$InGeometry.addVertex(FFFIFFFFFIFIIIFIZ)I @ 218
Event: 3.255 Thread 0x00007fceda9a0000 Uncommon trap: reason=unstable_if action=reinterpret pc=0x0000000116f8b10c method=processing.opengl.PGraphicsOpenGL$Tessellator.addLineSegment3D(III[SZ)I @ 67
Event: 15.927 Thread 0x00007fceda9a0000 Uncommon trap: reason=unstable_if action=reinterpret pc=0x0000000117043f28 method=com.jogamp.common.util.VersionNumber.compareTo(Lcom/jogamp/common/util/VersionNumber;)I @ 21
Event: 15.957 Thread 0x00007fceda2cd800 Uncommon trap: reason=class_check action=maybe_recompile pc=0x0000000116d24ae0 method=java.util.HashMap.putVal(ILjava/lang/Object;Ljava/lang/Object;ZZ)Ljava/lang/Object; @ 91
Event: 15.958 Thread 0x00007fceda2cd800 Uncommon trap: reason=class_check action=maybe_recompile pc=0x0000000116d24ae0 method=java.util.HashMap.putVal(ILjava/lang/Object;Ljava/lang/Object;ZZ)Ljava/lang/Object; @ 91
Event: 15.958 Thread 0x00007fceda2cd800 Uncommon trap: reason=class_check action=maybe_recompile pc=0x0000000116d1d954 method=java.util.HashMap.putVal(ILjava/lang/Object;Ljava/lang/Object;ZZ)Ljava/lang/Object; @ 91
Event: 15.971 Thread 0x00007fceda700800 Uncommon trap: reason=predicate action=maybe_recompile pc=0x00000001171a38a8 method=java.util.Vector.indexOf(Ljava/lang/Object;I)I @ 44

Internal exceptions (10 events):
Event: 0.132 Thread 0x00007fceda008800 Exception <a 'java/lang/NoSuchFieldError': method resolution failed> (0x00000007957e0ea8) thrown at [/Users/java_re/workspace/8-2-build-macosx-x86_64/jdk8u131/8869/hotspot/src/share/vm/prims/methodHandles.cpp, line 1146]
Event: 0.272 Thread 0x00007fceda008800 Exception <a 'java/io/FileNotFoundException'> (0x000000079585c3d0) thrown at [/Users/java_re/workspace/8-2-build-macosx-x86_64/jdk8u131/8869/hotspot/src/share/vm/prims/jni.cpp, line 709]
Event: 0.272 Thread 0x00007fceda008800 Exception <a 'java/io/FileNotFoundException'> (0x000000079585cf50) thrown at [/Users/java_re/workspace/8-2-build-macosx-x86_64/jdk8u131/8869/hotspot/src/share/vm/prims/jni.cpp, line 709]
Event: 0.359 Thread 0x00007fceda008800 Exception <a 'java/io/FileNotFoundException'> (0x0000000795a416e8) thrown at [/Users/java_re/workspace/8-2-build-macosx-x86_64/jdk8u131/8869/hotspot/src/share/vm/prims/jni.cpp, line 709]
Event: 1.764 Thread 0x00007fceda571000 Exception <a 'java/lang/UnsatisfiedLinkError': com.jogamp.common.util.JarUtil.fixNativeLibAttribs(Ljava/lang/String;)Z> (0x0000000796cae590) thrown at [/Users/java_re/workspace/8-2-build-macosx-x86_64/jdk8u131/8869/hotspot/src/share/vm/prims/nativeLookup.
Event: 1.929 Thread 0x00007fceda848000 Exception <a 'java/lang/NullPointerException'> (0x00000007956a1800) thrown at [/Users/java_re/workspace/8-2-build-macosx-x86_64/jdk8u131/8869/hotspot/src/share/vm/interpreter/linkResolver.cpp, line 1197]
Event: 2.480 Thread 0x00007fceda9a0000 Exception <a 'java/io/FileNotFoundException'> (0x0000000796196568) thrown at [/Users/java_re/workspace/8-2-build-macosx-x86_64/jdk8u131/8869/hotspot/src/share/vm/prims/jni.cpp, line 709]
Event: 2.481 Thread 0x00007fceda9a0000 Exception <a 'java/io/FileNotFoundException'> (0x000000079619d810) thrown at [/Users/java_re/workspace/8-2-build-macosx-x86_64/jdk8u131/8869/hotspot/src/share/vm/prims/jni.cpp, line 709]
Event: 2.481 Thread 0x00007fceda9a0000 Implicit null exception at 0x0000000116ab1636 to 0x0000000116ab1a01
Event: 2.607 Thread 0x00007fceda9a0000 Implicit null exception at 0x0000000116c94ac6 to 0x0000000116c94d0d

Events (10 events):
Event: 15.970 loading class java/awt/event/AWTEventListenerProxy
Event: 15.970 loading class java/awt/event/AWTEventListenerProxy done
Event: 15.970 loading class java/awt/Toolkit$ToolkitEventMulticaster
Event: 15.970 loading class java/awt/Toolkit$ToolkitEventMulticaster done
Event: 15.971 Thread 0x00007fceda2cd800 Thread exited: 0x00007fceda2cd800
Event: 15.971 Thread 0x00007fceda700800 Uncommon trap: trap_request=0xffffff86 fr.pc=0x00000001171a38a8
Event: 15.971 Thread 0x00007fceda700800 DEOPT PACKING pc=0x00000001171a38a8 sp=0x000070000d63f780
Event: 15.971 Thread 0x00007fceda700800 DEOPT UNPACKING pc=0x00000001168da229 sp=0x000070000d63f748 mode 2
Event: 15.971 loading class java/awt/Window$1DisposeAction
Event: 15.971 loading class java/awt/Window$1DisposeAction done


Dynamic libraries:
0x0000000035e26000 	/System/Library/Frameworks/Cocoa.framework/Versions/A/Cocoa
0x0000000035e26000 	/System/Library/Frameworks/Security.framework/Versions/A/Security
0x0000000035e26000 	/System/Library/Frameworks/ApplicationServices.framework/Versions/A/ApplicationServices
0x0000000035e26000 	/usr/lib/libz.1.dylib
0x0000000035e26000 	/usr/lib/libSystem.B.dylib
0x0000000035e26000 	/usr/lib/libobjc.A.dylib
0x0000000035e26000 	/System/Library/Frameworks/CoreFoundation.framework/Versions/A/CoreFoundation
0x0000000035e26000 	/System/Library/Frameworks/Foundation.framework/Versions/C/Foundation
0x0000000035e26000 	/System/Library/Frameworks/AppKit.framework/Versions/C/AppKit
0x0000000035e26000 	/System/Library/Frameworks/CoreData.framework/Versions/A/CoreData
0x0000000035e26000 	/System/Library/PrivateFrameworks/RemoteViewServices.framework/Versions/A/RemoteViewServices
0x0000000035e26000 	/System/Library/PrivateFrameworks/UIFoundation.framework/Versions/A/UIFoundation
0x0000000035e26000 	/System/Library/PrivateFrameworks/DFRFoundation.framework/Versions/A/DFRFoundation
0x0000000035e26000 	/usr/lib/libenergytrace.dylib
0x0000000035e26000 	/System/Library/PrivateFrameworks/SkyLight.framework/Versions/A/SkyLight
0x0000000035e26000 	/System/Library/Frameworks/CoreGraphics.framework/Versions/A/CoreGraphics
0x0000000035e26000 	/usr/lib/libScreenReader.dylib
0x0000000035e26000 	/System/Library/Frameworks/Accelerate.framework/Versions/A/Accelerate
0x0000000035e26000 	/System/Library/Frameworks/IOSurface.framework/Versions/A/IOSurface
0x0000000035e26000 	/System/Library/Frameworks/AudioToolbox.framework/Versions/A/AudioToolbox
0x0000000035e26000 	/System/Library/Frameworks/AudioUnit.framework/Versions/A/AudioUnit
0x0000000035e26000 	/System/Library/PrivateFrameworks/DataDetectorsCore.framework/Versions/A/DataDetectorsCore
0x0000000035e26000 	/System/Library/PrivateFrameworks/DesktopServicesPriv.framework/Versions/A/DesktopServicesPriv
0x0000000035e26000 	/System/Library/Frameworks/Carbon.framework/Versions/A/Frameworks/HIToolbox.framework/Versions/A/HIToolbox
0x0000000035e26000 	/usr/lib/libicucore.A.dylib
0x0000000035e26000 	/System/Library/Frameworks/QuartzCore.framework/Versions/A/QuartzCore
0x0000000035e26000 	/System/Library/Frameworks/Carbon.framework/Versions/A/Frameworks/SpeechRecognition.framework/Versions/A/SpeechRecognition
0x0000000035e26000 	/usr/lib/libauto.dylib
0x0000000035e26000 	/usr/lib/libxml2.2.dylib
0x0000000035e26000 	/System/Library/PrivateFrameworks/CoreUI.framework/Versions/A/CoreUI
0x0000000035e26000 	/System/Library/Frameworks/CoreAudio.framework/Versions/A/CoreAudio
0x0000000035e26000 	/System/Library/Frameworks/DiskArbitration.framework/Versions/A/DiskArbitration
0x0000000035e26000 	/usr/lib/liblangid.dylib
0x0000000035e26000 	/System/Library/PrivateFrameworks/MultitouchSupport.framework/Versions/A/MultitouchSupport
0x0000000035e26000 	/System/Library/Frameworks/IOKit.framework/Versions/A/IOKit
0x0000000035e26000 	/usr/lib/libDiagnosticMessagesClient.dylib
0x0000000035e26000 	/System/Library/Frameworks/CoreServices.framework/Versions/A/CoreServices
0x0000000035e26000 	/System/Library/PrivateFrameworks/PerformanceAnalysis.framework/Versions/A/PerformanceAnalysis
0x0000000035e26000 	/System/Library/PrivateFrameworks/GenerationalStorage.framework/Versions/A/GenerationalStorage
0x0000000035e26000 	/System/Library/Frameworks/OpenGL.framework/Versions/A/OpenGL
0x0000000035e26000 	/System/Library/Frameworks/CoreImage.framework/Versions/A/CoreImage
0x0000000035e26000 	/System/Library/Frameworks/CoreText.framework/Versions/A/CoreText
0x0000000035e26000 	/System/Library/Frameworks/ImageIO.framework/Versions/A/ImageIO
0x0000000035e26000 	/System/Library/PrivateFrameworks/Backup.framework/Versions/A/Backup
0x0000000035e26000 	/usr/lib/libarchive.2.dylib
0x0000000035e26000 	/System/Library/Frameworks/CFNetwork.framework/Versions/A/CFNetwork
0x0000000035e26000 	/System/Library/Frameworks/SystemConfiguration.framework/Versions/A/SystemConfiguration
0x0000000035e26000 	/usr/lib/libCRFSuite.dylib
0x0000000035e26000 	/usr/lib/libc++.1.dylib
0x0000000035e26000 	/usr/lib/libc++abi.dylib
0x0000000035e26000 	/usr/lib/system/libcache.dylib
0x0000000035e26000 	/usr/lib/system/libcommonCrypto.dylib
0x0000000035e26000 	/usr/lib/system/libcompiler_rt.dylib
0x0000000035e26000 	/usr/lib/system/libcopyfile.dylib
0x0000000035e26000 	/usr/lib/system/libcorecrypto.dylib
0x0000000035e26000 	/usr/lib/system/libdispatch.dylib
0x0000000035e26000 	/usr/lib/system/libdyld.dylib
0x0000000035e26000 	/usr/lib/system/libkeymgr.dylib
0x0000000035e26000 	/usr/lib/system/liblaunch.dylib
0x0000000035e26000 	/usr/lib/system/libmacho.dylib
0x0000000035e26000 	/usr/lib/system/libquarantine.dylib
0x0000000035e26000 	/usr/lib/system/libremovefile.dylib
0x0000000035e26000 	/usr/lib/system/libsystem_asl.dylib
0x0000000035e26000 	/usr/lib/system/libsystem_blocks.dylib
0x0000000035e26000 	/usr/lib/system/libsystem_c.dylib
0x0000000035e26000 	/usr/lib/system/libsystem_configuration.dylib
0x0000000035e26000 	/usr/lib/system/libsystem_coreservices.dylib
0x0000000035e26000 	/usr/lib/system/libsystem_coretls.dylib
0x0000000035e26000 	/usr/lib/system/libsystem_dnssd.dylib
0x0000000035e26000 	/usr/lib/system/libsystem_info.dylib
0x0000000035e26000 	/usr/lib/system/libsystem_kernel.dylib
0x0000000035e26000 	/usr/lib/system/libsystem_m.dylib
0x0000000035e26000 	/usr/lib/system/libsystem_malloc.dylib
0x0000000035e26000 	/usr/lib/system/libsystem_network.dylib
0x0000000035e26000 	/usr/lib/system/libsystem_networkextension.dylib
0x0000000035e26000 	/usr/lib/system/libsystem_notify.dylib
0x0000000035e26000 	/usr/lib/system/libsystem_platform.dylib
0x0000000035e26000 	/usr/lib/system/libsystem_pthread.dylib
0x0000000035e26000 	/usr/lib/system/libsystem_sandbox.dylib
0x0000000035e26000 	/usr/lib/system/libsystem_secinit.dylib
0x0000000035e26000 	/usr/lib/system/libsystem_symptoms.dylib
0x0000000035e26000 	/usr/lib/system/libsystem_trace.dylib
0x0000000035e26000 	/usr/lib/system/libunwind.dylib
0x0000000035e26000 	/usr/lib/system/libxpc.dylib
0x0000000035e26000 	/usr/lib/libbsm.0.dylib
0x0000000035e26000 	/usr/lib/system/libkxld.dylib
0x0000000035e26000 	/usr/lib/libcoretls.dylib
0x0000000035e26000 	/usr/lib/libcoretls_cfhelpers.dylib
0x0000000035e26000 	/usr/lib/libOpenScriptingUtil.dylib
0x0000000035e26000 	/usr/lib/libpam.2.dylib
0x0000000035e26000 	/usr/lib/libsqlite3.dylib
0x0000000035e26000 	/usr/lib/libxar.1.dylib
0x0000000035e26000 	/usr/lib/libbz2.1.0.dylib
0x0000000035e26000 	/usr/lib/liblzma.5.dylib
0x0000000035e26000 	/usr/lib/libnetwork.dylib
0x0000000035e26000 	/usr/lib/libpcap.A.dylib
0x0000000035e26000 	/System/Library/Frameworks/CoreServices.framework/Versions/A/Frameworks/FSEvents.framework/Versions/A/FSEvents
0x0000000035e26000 	/System/Library/Frameworks/CoreServices.framework/Versions/A/Frameworks/CarbonCore.framework/Versions/A/CarbonCore
0x0000000035e26000 	/System/Library/Frameworks/CoreServices.framework/Versions/A/Frameworks/Metadata.framework/Versions/A/Metadata
0x0000000035e26000 	/System/Library/Frameworks/CoreServices.framework/Versions/A/Frameworks/OSServices.framework/Versions/A/OSServices
0x0000000035e26000 	/System/Library/Frameworks/CoreServices.framework/Versions/A/Frameworks/SearchKit.framework/Versions/A/SearchKit
0x0000000035e26000 	/System/Library/Frameworks/CoreServices.framework/Versions/A/Frameworks/AE.framework/Versions/A/AE
0x0000000035e26000 	/System/Library/Frameworks/CoreServices.framework/Versions/A/Frameworks/LaunchServices.framework/Versions/A/LaunchServices
0x0000000035e26000 	/System/Library/Frameworks/CoreServices.framework/Versions/A/Frameworks/DictionaryServices.framework/Versions/A/DictionaryServices
0x0000000035e26000 	/System/Library/Frameworks/CoreServices.framework/Versions/A/Frameworks/SharedFileList.framework/Versions/A/SharedFileList
0x0000000035e26000 	/System/Library/Frameworks/NetFS.framework/Versions/A/NetFS
0x0000000035e26000 	/System/Library/PrivateFrameworks/NetAuth.framework/Versions/A/NetAuth
0x0000000035e26000 	/System/Library/PrivateFrameworks/login.framework/Versions/A/Frameworks/loginsupport.framework/Versions/A/loginsupport
0x0000000035e26000 	/System/Library/PrivateFrameworks/TCC.framework/Versions/A/TCC
0x0000000035e26000 	/usr/lib/libmecabra.dylib
0x0000000035e26000 	/System/Library/Frameworks/ApplicationServices.framework/Versions/A/Frameworks/ATS.framework/Versions/A/ATS
0x0000000035e26000 	/System/Library/Frameworks/ApplicationServices.framework/Versions/A/Frameworks/ColorSync.framework/Versions/A/ColorSync
0x0000000035e26000 	/System/Library/Frameworks/ApplicationServices.framework/Versions/A/Frameworks/HIServices.framework/Versions/A/HIServices
0x0000000035e26000 	/System/Library/Frameworks/ApplicationServices.framework/Versions/A/Frameworks/LangAnalysis.framework/Versions/A/LangAnalysis
0x0000000035e26000 	/System/Library/Frameworks/ApplicationServices.framework/Versions/A/Frameworks/PrintCore.framework/Versions/A/PrintCore
0x0000000035e26000 	/System/Library/Frameworks/ApplicationServices.framework/Versions/A/Frameworks/QD.framework/Versions/A/QD
0x0000000035e26000 	/System/Library/Frameworks/ApplicationServices.framework/Versions/A/Frameworks/SpeechSynthesis.framework/Versions/A/SpeechSynthesis
0x0000000035e26000 	/System/Library/Frameworks/Accelerate.framework/Versions/A/Frameworks/vImage.framework/Versions/A/vImage
0x0000000035e26000 	/System/Library/Frameworks/Accelerate.framework/Versions/A/Frameworks/vecLib.framework/Versions/A/vecLib
0x0000000035e26000 	/System/Library/Frameworks/Accelerate.framework/Versions/A/Frameworks/vecLib.framework/Versions/A/libvDSP.dylib
0x0000000035e26000 	/System/Library/Frameworks/Accelerate.framework/Versions/A/Frameworks/vecLib.framework/Versions/A/libBNNS.dylib
0x0000000035e26000 	/System/Library/Frameworks/Accelerate.framework/Versions/A/Frameworks/vecLib.framework/Versions/A/libQuadrature.dylib
0x0000000035e26000 	/System/Library/Frameworks/Accelerate.framework/Versions/A/Frameworks/vecLib.framework/Versions/A/libvMisc.dylib
0x0000000035e26000 	/System/Library/Frameworks/Accelerate.framework/Versions/A/Frameworks/vecLib.framework/Versions/A/libLAPACK.dylib
0x0000000035e26000 	/System/Library/Frameworks/Accelerate.framework/Versions/A/Frameworks/vecLib.framework/Versions/A/libBLAS.dylib
0x0000000035e26000 	/System/Library/Frameworks/Accelerate.framework/Versions/A/Frameworks/vecLib.framework/Versions/A/libLinearAlgebra.dylib
0x0000000035e26000 	/System/Library/Frameworks/Accelerate.framework/Versions/A/Frameworks/vecLib.framework/Versions/A/libSparseBLAS.dylib
0x0000000035e26000 	/System/Library/Frameworks/ApplicationServices.framework/Versions/A/Frameworks/ATS.framework/Versions/A/Resources/libFontParser.dylib
0x0000000035e26000 	/System/Library/Frameworks/ApplicationServices.framework/Versions/A/Frameworks/ATS.framework/Versions/A/Resources/libFontRegistry.dylib
0x0000000035e26000 	/System/Library/Frameworks/ImageIO.framework/Versions/A/Resources/libJPEG.dylib
0x0000000035e26000 	/System/Library/Frameworks/ImageIO.framework/Versions/A/Resources/libTIFF.dylib
0x0000000035e26000 	/System/Library/Frameworks/ImageIO.framework/Versions/A/Resources/libPng.dylib
0x0000000035e26000 	/System/Library/Frameworks/ImageIO.framework/Versions/A/Resources/libGIF.dylib
0x0000000035e26000 	/System/Library/Frameworks/ImageIO.framework/Versions/A/Resources/libJP2.dylib
0x0000000035e26000 	/System/Library/Frameworks/ImageIO.framework/Versions/A/Resources/libRadiance.dylib
0x0000000035e26000 	/usr/lib/libcompression.dylib
0x0000000035e26000 	/System/Library/PrivateFrameworks/AppleJPEG.framework/Versions/A/AppleJPEG
0x0000000035e26000 	/usr/lib/libcups.2.dylib
0x0000000035e26000 	/System/Library/Frameworks/Kerberos.framework/Versions/A/Kerberos
0x0000000035e26000 	/System/Library/Frameworks/GSS.framework/Versions/A/GSS
0x0000000035e26000 	/usr/lib/libresolv.9.dylib
0x0000000035e26000 	/usr/lib/libiconv.2.dylib
0x0000000035e26000 	/System/Library/PrivateFrameworks/Heimdal.framework/Versions/A/Heimdal
0x0000000035e26000 	/usr/lib/libheimdal-asn1.dylib
0x0000000035e26000 	/System/Library/Frameworks/OpenDirectory.framework/Versions/A/OpenDirectory
0x0000000035e26000 	/System/Library/PrivateFrameworks/CommonAuth.framework/Versions/A/CommonAuth
0x0000000035e26000 	/System/Library/Frameworks/OpenDirectory.framework/Versions/A/Frameworks/CFOpenDirectory.framework/Versions/A/CFOpenDirectory
0x0000000035e26000 	/System/Library/Frameworks/SecurityFoundation.framework/Versions/A/SecurityFoundation
0x0000000035e26000 	/System/Library/PrivateFrameworks/LanguageModeling.framework/Versions/A/LanguageModeling
0x0000000035e26000 	/usr/lib/libmarisa.dylib
0x0000000035e26000 	/usr/lib/libChineseTokenizer.dylib
0x0000000035e26000 	/usr/lib/libcmph.dylib
0x0000000035e26000 	/System/Library/PrivateFrameworks/CoreEmoji.framework/Versions/A/CoreEmoji
0x0000000035e26000 	/System/Library/Frameworks/ServiceManagement.framework/Versions/A/ServiceManagement
0x0000000035e26000 	/usr/lib/libxslt.1.dylib
0x0000000035e26000 	/System/Library/Frameworks/Carbon.framework/Versions/A/Frameworks/Ink.framework/Versions/A/Ink
0x0000000035e26000 	/System/Library/PrivateFrameworks/TextureIO.framework/Versions/A/TextureIO
0x0000000035e26000 	/System/Library/Frameworks/Metal.framework/Versions/A/Metal
0x0000000035e26000 	/usr/lib/libate.dylib
0x0000000035e26000 	/System/Library/PrivateFrameworks/GPUCompiler.framework/libmetal_timestamp.dylib
0x0000000035e26000 	/System/Library/Frameworks/OpenGL.framework/Versions/A/Libraries/libCoreFSCache.dylib
0x0000000035e26000 	/System/Library/PrivateFrameworks/IOAccelerator.framework/Versions/A/IOAccelerator
0x0000000035e26000 	/System/Library/Frameworks/CoreVideo.framework/Versions/A/CoreVideo
0x0000000035e26000 	/usr/lib/libFosl_dynamic.dylib
0x0000000035e26000 	/System/Library/PrivateFrameworks/MetalPerformanceShaders.framework/Versions/A/MetalPerformanceShaders
0x0000000035e26000 	/System/Library/PrivateFrameworks/FaceCore.framework/Versions/A/FaceCore
0x0000000035e26000 	/System/Library/Frameworks/OpenCL.framework/Versions/A/OpenCL
0x0000000035e26000 	/System/Library/Frameworks/OpenGL.framework/Versions/A/Libraries/libGLU.dylib
0x0000000035e26000 	/System/Library/Frameworks/OpenGL.framework/Versions/A/Libraries/libGFXShared.dylib
0x0000000035e26000 	/System/Library/Frameworks/OpenGL.framework/Versions/A/Libraries/libGL.dylib
0x0000000035e26000 	/System/Library/Frameworks/OpenGL.framework/Versions/A/Libraries/libGLImage.dylib
0x0000000035e26000 	/System/Library/Frameworks/OpenGL.framework/Versions/A/Libraries/libCVMSPluginSupport.dylib
0x0000000035e26000 	/System/Library/Frameworks/OpenGL.framework/Versions/A/Libraries/libCoreVMClient.dylib
0x0000000035e26000 	/System/Library/PrivateFrameworks/CrashReporterSupport.framework/Versions/A/CrashReporterSupport
0x0000000035e26000 	/System/Library/PrivateFrameworks/Sharing.framework/Versions/A/Sharing
0x0000000035e26000 	/System/Library/PrivateFrameworks/IconServices.framework/Versions/A/IconServices
0x0000000035e26000 	/System/Library/PrivateFrameworks/ProtocolBuffer.framework/Versions/A/ProtocolBuffer
0x0000000035e26000 	/System/Library/PrivateFrameworks/Apple80211.framework/Versions/A/Apple80211
0x0000000035e26000 	/System/Library/Frameworks/CoreWLAN.framework/Versions/A/CoreWLAN
0x0000000035e26000 	/System/Library/PrivateFrameworks/CoreUtils.framework/Versions/A/CoreUtils
0x0000000035e26000 	/System/Library/Frameworks/IOBluetooth.framework/Versions/A/IOBluetooth
0x0000000035e26000 	/System/Library/PrivateFrameworks/CoreWiFi.framework/Versions/A/CoreWiFi
0x0000000035e26000 	/System/Library/Frameworks/CoreBluetooth.framework/Versions/A/CoreBluetooth
0x0000000035e26000 	/System/Library/Frameworks/CoreDisplay.framework/Versions/A/CoreDisplay
0x0000000035e26000 	/System/Library/PrivateFrameworks/IOPresentment.framework/Versions/A/IOPresentment
0x0000000035e26000 	/System/Library/PrivateFrameworks/DSExternalDisplay.framework/Versions/A/DSExternalDisplay
0x0000000035e26000 	/System/Library/PrivateFrameworks/DebugSymbols.framework/Versions/A/DebugSymbols
0x0000000035e26000 	/System/Library/PrivateFrameworks/CoreSymbolication.framework/Versions/A/CoreSymbolication
0x0000000035e26000 	/System/Library/PrivateFrameworks/Symbolication.framework/Versions/A/Symbolication
0x0000000035e26000 	/System/Library/PrivateFrameworks/AppleFSCompression.framework/Versions/A/AppleFSCompression
0x0000000035e26000 	/System/Library/PrivateFrameworks/SpeechRecognitionCore.framework/Versions/A/SpeechRecognitionCore
0x0000000035e26000 	/System/Library/PrivateFrameworks/ChunkingLibrary.framework/Versions/A/ChunkingLibrary
0x0000000108600000 	/Library/Java/JavaVirtualMachines/jdk1.8.0_131.jdk/Contents/Home/jre/lib/server/libjvm.dylib
0x0000000035e26000 	/usr/lib/libstdc++.6.dylib
0x0000000107d96000 	/Library/Java/JavaVirtualMachines/jdk1.8.0_131.jdk/Contents/Home/jre/lib/libverify.dylib
0x0000000107da4000 	/Library/Java/JavaVirtualMachines/jdk1.8.0_131.jdk/Contents/Home/jre/lib/libjava.dylib
0x0000000107de3000 	/Library/Java/JavaVirtualMachines/jdk1.8.0_131.jdk/Contents/Home/jre/lib/libzip.dylib
0x000000010ff06000 	/System/Library/Frameworks/JavaVM.framework/Frameworks/JavaRuntimeSupport.framework/JavaRuntimeSupport
0x000000010ff20000 	/System/Library/Frameworks/JavaVM.framework/Versions/A/Frameworks/JavaNativeFoundation.framework/Versions/A/JavaNativeFoundation
0x0000000107ded000 	/System/Library/Frameworks/JavaVM.framework/Versions/A/JavaVM
0x0000000035e26000 	/System/Library/Frameworks/Carbon.framework/Versions/A/Carbon
0x000000010ff35000 	/System/Library/PrivateFrameworks/JavaLaunching.framework/Versions/A/JavaLaunching
0x0000000035e26000 	/System/Library/Frameworks/Carbon.framework/Versions/A/Frameworks/CommonPanels.framework/Versions/A/CommonPanels
0x0000000035e26000 	/System/Library/Frameworks/Carbon.framework/Versions/A/Frameworks/Help.framework/Versions/A/Help
0x0000000035e26000 	/System/Library/Frameworks/Carbon.framework/Versions/A/Frameworks/ImageCapture.framework/Versions/A/ImageCapture
0x0000000035e26000 	/System/Library/Frameworks/Carbon.framework/Versions/A/Frameworks/OpenScripting.framework/Versions/A/OpenScripting
0x0000000035e26000 	/System/Library/Frameworks/Carbon.framework/Versions/A/Frameworks/Print.framework/Versions/A/Print
0x0000000035e26000 	/System/Library/Frameworks/Carbon.framework/Versions/A/Frameworks/SecurityHI.framework/Versions/A/SecurityHI
0x0000000111879000 	/Library/Java/JavaVirtualMachines/jdk1.8.0_131.jdk/Contents/Home/jre/lib/libawt.dylib
0x0000000111921000 	/Library/Java/JavaVirtualMachines/jdk1.8.0_131.jdk/Contents/Home/jre/lib/./libmlib_image.dylib
0x00000001119ed000 	/Library/Java/JavaVirtualMachines/jdk1.8.0_131.jdk/Contents/Home/jre/lib/libawt_lwawt.dylib
0x0000000111aa4000 	/Library/Java/JavaVirtualMachines/jdk1.8.0_131.jdk/Contents/Home/jre/lib/./libosxapp.dylib
0x0000000035e26000 	/System/Library/Frameworks/ExceptionHandling.framework/Versions/A/ExceptionHandling
0x0000000035e26000 	/System/Library/PrivateFrameworks/CoreServicesInternal.framework/Versions/A/CoreServicesInternal
0x0000000035e26000 	/System/Library/CoreServices/RawCamera.bundle/Contents/MacOS/RawCamera
0x0000000035e26000 	/System/Library/Frameworks/Accelerate.framework/Versions/A/Frameworks/vImage.framework/Versions/A/Libraries/libCGInterfaces.dylib
0x0000000035e26000 	/System/Library/Frameworks/ApplicationServices.framework/Versions/A/Frameworks/ATS.framework/Versions/A/Resources/libTrueTypeScaler.dylib
0x000000011381e000 	/System/Library/Frameworks/OpenGL.framework/Resources/GLEngine.bundle/GLEngine
0x0000000035e26000 	/System/Library/Frameworks/OpenGL.framework/Versions/A/Libraries/libGLProgrammability.dylib
0x0000000113a03000 	/System/Library/Extensions/AppleIntelKBLGraphicsGLDriver.bundle/Contents/MacOS/AppleIntelKBLGraphicsGLDriver
0x0000000035e26000 	/System/Library/PrivateFrameworks/GPUSupport.framework/Versions/A/Libraries/libGPUSupportMercury.dylib
0x0000000114786000 	/System/Library/Frameworks/OpenGL.framework/Resources//GLRendererFloat.bundle/GLRendererFloat
0x0000000035e26000 	/System/Library/Frameworks/OpenCL.framework/Versions/A/Libraries/libcldcpuengine.dylib
0x0000000035e26000 	/usr/lib/libcrypto.0.9.8.dylib
0x0000000035e26000 	/System/Library/PrivateFrameworks/TrustEvaluationAgent.framework/Versions/A/TrustEvaluationAgent
0x00000001147ba000 	/System/Library/Extensions/AppleIntelKBLGraphicsMTLDriver.bundle/Contents/MacOS/AppleIntelKBLGraphicsMTLDriver
0x0000000035e26000 	/System/Library/PrivateFrameworks/FamilyControls.framework/Versions/A/FamilyControls
0x0000000035e26000 	/System/Library/PrivateFrameworks/CommerceKit.framework/Versions/A/Frameworks/CommerceCore.framework/Versions/A/CommerceCore
0x0000000035e26000 	/System/Library/PrivateFrameworks/SystemAdministration.framework/Versions/A/SystemAdministration
0x0000000035e26000 	/System/Library/PrivateFrameworks/AppContainer.framework/Versions/A/AppContainer
0x0000000035e26000 	/System/Library/PrivateFrameworks/SecCodeWrapper.framework/Versions/A/SecCodeWrapper
0x0000000035e26000 	/System/Library/Frameworks/DirectoryService.framework/Versions/A/DirectoryService
0x0000000035e26000 	/System/Library/PrivateFrameworks/DiskImages.framework/Versions/A/DiskImages
0x0000000035e26000 	/System/Library/PrivateFrameworks/LoginUIKit.framework/Versions/A/Frameworks/LoginUICore.framework/Versions/A/LoginUICore
0x0000000035e26000 	/usr/lib/libCoreStorage.dylib
0x0000000035e26000 	/usr/lib/libcsfde.dylib
0x0000000035e26000 	/usr/lib/libodfde.dylib
0x0000000035e26000 	/System/Library/Frameworks/DiscRecording.framework/Versions/A/DiscRecording
0x0000000035e26000 	/usr/lib/libcurl.4.dylib
0x0000000035e26000 	/System/Library/PrivateFrameworks/MediaKit.framework/Versions/A/MediaKit
0x0000000035e26000 	/System/Library/PrivateFrameworks/ProtectedCloudStorage.framework/Versions/A/ProtectedCloudStorage
0x0000000035e26000 	/System/Library/PrivateFrameworks/EFILogin.framework/Versions/A/EFILogin
0x0000000035e26000 	/usr/lib/libutil.dylib
0x0000000035e26000 	/System/Library/Frameworks/LDAP.framework/Versions/A/LDAP
0x0000000035e26000 	/usr/lib/libsasl2.2.dylib
0x0000000035e26000 	/System/Library/PrivateFrameworks/CoreDaemon.framework/Versions/B/CoreDaemon
0x0000000035e26000 	/System/Library/PrivateFrameworks/AppleSRP.framework/Versions/A/AppleSRP
0x0000000035e26000 	/System/Library/PrivateFrameworks/APFS.framework/Versions/A/APFS
0x000000011667a000 	/Library/Java/JavaVirtualMachines/jdk1.8.0_131.jdk/Contents/Home/jre/lib/libfontmanager.dylib
0x00000001267d5000 	/Library/Java/JavaVirtualMachines/jdk1.8.0_131.jdk/Contents/Home/jre/lib/libosxui.dylib
0x0000000035e26000 	/System/Library/PrivateFrameworks/ViewBridge.framework/Versions/A/ViewBridge
0x0000000035e26000 	/System/Library/PrivateFrameworks/XPCService.framework/Versions/A/XPCService
0x0000000035e26000 	/System/Library/PrivateFrameworks/AppSandbox.framework/Versions/A/AppSandbox
0x0000000035e26000 	/usr/lib/libsandbox.1.dylib
0x0000000035e26000 	/usr/lib/libMatch.1.dylib
0x0000000127766000 	/Library/Java/JavaVirtualMachines/jdk1.8.0_131.jdk/Contents/Home/jre/lib/libnet.dylib
0x00000001276c3000 	/Library/Java/JavaVirtualMachines/jdk1.8.0_131.jdk/Contents/Home/jre/lib/libnio.dylib
0x0000000114dea000 	/private/var/folders/jq/l0jglkhs1w1bwklv8c2_sz5w0000gn/T/jogamp_0000/file_cache/jln8308898418729707940/jln8324755175730501740/libgluegen-rt.jnilib
0x0000000114def000 	/private/var/folders/jq/l0jglkhs1w1bwklv8c2_sz5w0000gn/T/jogamp_0000/file_cache/jln8308898418729707940/jln8324755175730501740/libnativewindow_awt.jnilib
0x00000001267d2000 	/Library/Java/JavaVirtualMachines/jdk1.8.0_131.jdk/Contents/Home/jre/lib/libjawt.dylib
0x0000000126852000 	/private/var/folders/jq/l0jglkhs1w1bwklv8c2_sz5w0000gn/T/jogamp_0000/file_cache/jln8308898418729707940/jln8324755175730501740/libnativewindow_macosx.jnilib
0x000000018fff4000 	/private/var/folders/jq/l0jglkhs1w1bwklv8c2_sz5w0000gn/T/jogamp_0000/file_cache/jln8308898418729707940/jln8324755175730501740/libjogl_desktop.jnilib
0x0000000190209000 	/Library/Java/JavaVirtualMachines/jdk1.8.0_131.jdk/Contents/Home/jre/lib/libsunec.dylib
0x0000000199284000 	/Library/Java/JavaVirtualMachines/jdk1.8.0_131.jdk/Contents/Home/jre/lib/libjpeg.dylib

VM Arguments:
jvm_args: -Djava.security.policy=java.policy.applet -Dfile.encoding=UTF-8 
java_command: sun.applet.AppletViewer module3.EarthquakeCityMap1500456435925.html
java_class_path (initial): /Users/haeunkim/Documents/UCSDUnfoldingMaps/build:/Users/haeunkim/Documents/UCSDUnfoldingMaps/lib/core.jar:/Users/haeunkim/Documents/UCSDUnfoldingMaps/lib/gluegen-rt.jar:/Users/haeunkim/Documents/UCSDUnfoldingMaps/lib/jogl-all.jar:/Users/haeunkim/Documents/UCSDUnfoldingMaps/lib/log4j-1.2.15.jar:/Users/haeunkim/Documents/UCSDUnfoldingMaps/lib/sqlite-jdbc-3.7.2.jar:/Users/haeunkim/Documents/UCSDUnfoldingMaps/lib/json4processing.jar:/Users/haeunkim/Documents/UCSDUnfoldingMaps/lib/libTUIO.jar:/Users/haeunkim/Documents/UCSDUnfoldingMaps/lib/unfolding.0.9.7-uscd.jar
Launcher Type: SUN_STANDARD

Environment Variables:
PATH=/usr/bin:/bin:/usr/sbin:/sbin
SHELL=/bin/bash

Signal Handlers:
SIGSEGV: [libjvm.dylib+0x5b1eb1], sa_mask[0]=11111111011111110111111111111111, sa_flags=SA_ONSTACK|SA_RESTART|SA_SIGINFO
SIGBUS: [libjvm.dylib+0x5b1eb1], sa_mask[0]=11111111011111110111111111111111, sa_flags=SA_RESTART|SA_SIGINFO
SIGFPE: [libjvm.dylib+0x488988], sa_mask[0]=11111111011111110111111111111111, sa_flags=SA_RESTART|SA_SIGINFO
SIGPIPE: [libjvm.dylib+0x488988], sa_mask[0]=11111111011111110111111111111111, sa_flags=SA_RESTART|SA_SIGINFO
SIGXFSZ: [libjvm.dylib+0x488988], sa_mask[0]=11111111011111110111111111111111, sa_flags=SA_RESTART|SA_SIGINFO
SIGILL: [libjvm.dylib+0x488988], sa_mask[0]=11111111011111110111111111111111, sa_flags=SA_RESTART|SA_SIGINFO
SIGUSR1: SIG_DFL, sa_mask[0]=00000000000000000000000000000000, sa_flags=none
SIGUSR2: [libjvm.dylib+0x4884a6], sa_mask[0]=00100000000000000000000000000000, sa_flags=SA_RESTART|SA_SIGINFO
SIGHUP: [libjvm.dylib+0x486a7d], sa_mask[0]=11111111011111110111111111111111, sa_flags=SA_RESTART|SA_SIGINFO
SIGINT: [libjvm.dylib+0x486a7d], sa_mask[0]=11111111011111110111111111111111, sa_flags=SA_RESTART|SA_SIGINFO
SIGTERM: [libjvm.dylib+0x486a7d], sa_mask[0]=11111111011111110111111111111111, sa_flags=SA_RESTART|SA_SIGINFO
SIGQUIT: [libjvm.dylib+0x486a7d], sa_mask[0]=11111111011111110111111111111111, sa_flags=SA_RESTART|SA_SIGINFO


---------------  S Y S T E M  ---------------

OS:Bsduname:Darwin 16.6.0 Darwin Kernel Version 16.6.0: Fri Apr 14 16:13:31 PDT 2017; root:xnu-3789.60.24~4/RELEASE_X86_64 x86_64
rlimit: STACK 8192k, CORE 0k, NPROC 709, NOFILE 10240, AS infinity
load average:1.96 2.11 2.02

CPU:total 4 (initial active 4) (2 cores per cpu, 2 threads per core) family 6 model 142 stepping 9, cmov, cx8, fxsr, mmx, sse, sse2, sse3, ssse3, sse4.1, sse4.2, popcnt, avx, avx2, aes, clmul, erms, rtm, 3dnowpref, lzcnt, ht, tsc, tscinvbit, bmi1, bmi2, adx

Memory: 4k page, physical 8388608k(141276k free)

/proc/meminfo:


vm_info: Java HotSpot(TM) 64-Bit Server VM (25.131-b11) for bsd-amd64 JRE (1.8.0_131-b11), built on Mar 15 2017 01:32:22 by "java_re" with gcc 4.2.1 (Based on Apple Inc. build 5658) (LLVM build 2336.11.00)

time: Wed Jul 19 02:27:31 2017
elapsed time: 15 seconds (0d 0h 0m 15s)

