#
# A fatal error has been detected by the Java Runtime Environment:
#
#  SIGSEGV (0xb) at pc=0x00007fffc00aa05d, pid=7940, tid=0x0000000000000307
#
# JRE version: Java(TM) SE Runtime Environment (8.0_131-b11) (build 1.8.0_131-b11)
# Java VM: Java HotSpot(TM) 64-Bit Server VM (25.131-b11 mixed mode bsd-amd64 compressed oops)
# Problematic frame:
# C  [libobjc.A.dylib+0x705d]  objc_msgSend+0x1d
#
# Failed to write core dump. Core dumps have been disabled. To enable core dumping, try "ulimit -c unlimited" before starting Java again
#
# If you would like to submit a bug report, please visit:
#   http://bugreport.java.com/bugreport/crash.jsp
# The crash happened outside the Java Virtual Machine in native code.
# See problematic frame for where to report the bug.
#

---------------  T H R E A D  ---------------

Current thread (0x00007f844a93f000):  JavaThread "AWT-AppKit" daemon [_thread_in_native, id=775, stack(0x00007fff59589000,0x00007fff59d89000)]

siginfo: si_signo: 11 (SIGSEGV), si_code: 1 (SEGV_MAPERR), si_addr: 0x0000000000000018

Registers:
RAX=0x00007f844f022af0, RBX=0x000000018e092450, RCX=0x00007f844ca00fa0, RDX=0x0000000000000000
RSP=0x00007fff59d844b8, RBP=0x00007fff59d84570, RSI=0x00007fffa9944116, RDI=0x00007f844f0440b0
R8 =0x0000000000000018, R9 =0x00007f844ca00db0, R10=0x0000000000000000, R11=0x00007fffa9944116
R12=0x0000000000000000, R13=0x000000019308eb70, R14=0x000000018e092440, R15=0x00007f844a93f000
RIP=0x00007fffc00aa05d, EFLAGS=0x0000000000010246, ERR=0x0000000000000004
  TRAPNO=0x000000000000000e

Top of Stack: (sp=0x00007fff59d844b8)
0x00007fff59d844b8:   000000018e090157 00007fff59d84510
0x00007fff59d844c8:   0000000000000003 00007fff59d844f0
0x00007fff59d844d8:   00000001069f36d2 000000019308eb70
0x00007fff59d844e8:   000000019308eb70 00007f844f022af0
0x00007fff59d844f8:   000000018e0926a0 000000018e092710
0x00007fff59d84508:   00007fffc610e6d0 00007fffc6d3e1e0
0x00007fff59d84518:   000000018e092450 000000018e092690
0x00007fff59d84528:   00007f844f022af0 00007f844f0440b0
0x00007fff59d84538:   00007f844a6485f0 00007f844f022af0
0x00007fff59d84548:   00007f844f0440b0 00007fff59d845f0
0x00007fff59d84558:   00007f844a93f1f8 000000019308eb70
0x00007fff59d84568:   00007fff59d84618 00007fff59d845e0
0x00007fff59d84578:   00000001093729f4 00007fff59d845e0
0x00007fff59d84588:   0000000109372779 000000010937e9a3
0x00007fff59d84598:   0000000109372742 00007fff59d845a0
0x00007fff59d845a8:   000000019308eb70 00007fff59d84618
0x00007fff59d845b8:   00000001930917a8 0000000000000000
0x00007fff59d845c8:   000000019308eb70 0000000000000000
0x00007fff59d845d8:   00007fff59d84600 00007fff59d84660
0x00007fff59d845e8:   00000001093632bd 00000007404318d0
0x00007fff59d845f8:   000000010936c538 00007f844f022af0
0x00007fff59d84608:   000000010936de39 00007f844f0440b0
0x00007fff59d84618:   000000010936de02 00007fff59d84620
0x00007fff59d84628:   000000019308ed3a 00007fff59d84688
0x00007fff59d84638:   00000001930917a8 0000000000000000
0x00007fff59d84648:   000000019308ed48 00007fff59d84600
0x00007fff59d84658:   00007fff59d84670 00007fff59d846d0
0x00007fff59d84668:   00000001093632bd 00007f844f022af0
0x00007fff59d84678:   00000007403355b0 00007f844f0440b0
0x00007fff59d84688:   00000007403355b0 00007fff59d84690
0x00007fff59d84698:   00000001951b8ce6 00007fff59d846e0
0x00007fff59d846a8:   00000001951b8da0 0000000000000000 

Instructions: (pc=0x00007fffc00aa05d)
0x00007fffc00aa03d:   0f 1f 00 48 85 ff 2e 74 62 40 f6 c7 01 2e 75 66
0x00007fffc00aa04d:   49 ba f8 ff ff ff ff 7f 00 00 4c 23 17 49 89 f3
0x00007fffc00aa05d:   45 23 5a 18 49 c1 e3 04 4d 03 5a 10 49 3b 33 75
0x00007fffc00aa06d:   04 41 ff 63 08 49 83 3b 01 76 0d 49 83 c3 10 49 

Register to memory mapping:

RAX=0x00007f844f022af0 is an unknown value
RBX=0x000000018e092450: Java_jogamp_nativewindow_macosx_OSXUtil_GetScreenRefreshRate0+0x1cf0 in /private/var/folders/jq/l0jglkhs1w1bwklv8c2_sz5w0000gn/T/jogamp_0000/file_cache/jln599228346380870219/jln615363380514496223/libnativewindow_macosx.jnilib at 0x000000018e08b000
RCX=0x00007f844ca00fa0 is an unknown value
RDX=0x0000000000000000 is an unknown value
RSP=0x00007fff59d844b8 is pointing into the stack for thread: 0x00007f844a93f000
RBP=0x00007fff59d84570 is pointing into the stack for thread: 0x00007f844a93f000
RSI=0x00007fffa9944116: __NSStyleNameIndexTable+0x7fd5e in /System/Library/Frameworks/AppKit.framework/Versions/C/AppKit at 0x00007fffa8cd7000
RDI=0x00007f844f0440b0 is an unknown value
R8 =0x0000000000000018 is an unknown value
R9 =0x00007f844ca00db0 is an unknown value
R10=0x0000000000000000 is an unknown value
R11=0x00007fffa9944116: __NSStyleNameIndexTable+0x7fd5e in /System/Library/Frameworks/AppKit.framework/Versions/C/AppKit at 0x00007fffa8cd7000
R12=0x0000000000000000 is an unknown value
R13={method} {0x000000019308eb70} 'UnsetJAWTRootSurfaceLayer0' '(JJ)V' in 'jogamp/nativewindow/jawt/macosx/MacOSXJAWTWindow'
R14=0x000000018e092440: Java_jogamp_nativewindow_macosx_OSXUtil_GetScreenRefreshRate0+0x1ce0 in /private/var/folders/jq/l0jglkhs1w1bwklv8c2_sz5w0000gn/T/jogamp_0000/file_cache/jln599228346380870219/jln615363380514496223/libnativewindow_macosx.jnilib at 0x000000018e08b000
R15=0x00007f844a93f000 is a thread


Stack: [0x00007fff59589000,0x00007fff59d89000],  sp=0x00007fff59d844b8,  free space=8173k
Native frames: (J=compiled Java code, j=interpreted, Vv=VM code, C=native code)
C  [libobjc.A.dylib+0x705d]  objc_msgSend+0x1d
j  jogamp.nativewindow.jawt.macosx.MacOSXJAWTWindow.UnsetJAWTRootSurfaceLayer0(JJ)V+0
j  jogamp.nativewindow.jawt.macosx.MacOSXJAWTWindow.access$200(JJ)V+2
j  jogamp.nativewindow.jawt.macosx.MacOSXJAWTWindow$1.run()V+38
j  com.jogamp.common.util.RunnableTask.run()V+24
v  ~StubRoutines::call_stub
V  [libjvm.dylib+0x2ee5b6]
V  [libjvm.dylib+0x325765]
V  [libjvm.dylib+0x317f33]
C  [libnativewindow_macosx.jnilib+0x5326]  Java_jogamp_nativewindow_jawt_macosx_MacOSXJAWTWindow_UnsetJAWTRootSurfaceLayer0+0x2b6
C  [Foundation+0x717ba]  __NSThreadPerformPerform+0x146
C  [CoreFoundation+0xa7321]  __CFRUNLOOP_IS_CALLING_OUT_TO_A_SOURCE0_PERFORM_FUNCTION__+0x11
C  [CoreFoundation+0x88197]  __CFRunLoopDoSources0+0x1a7
C  [CoreFoundation+0x87716]  __CFRunLoopRun+0x3a6
C  [CoreFoundation+0x87114]  CFRunLoopRunSpecific+0x1a4
C  [HIToolbox+0x30ebc]  RunCurrentEventLoopInMode+0xf0
C  [HIToolbox+0x30bf9]  ReceiveNextEventCommon+0xb8
C  [HIToolbox+0x30b26]  _BlockUntilNextEventMatchingListInModeWithFilter+0x47
C  [AppKit+0x46a54]  _DPSNextEvent+0x460
C  [AppKit+0x7c27ee]  -[NSApplication(NSEvent) _nextEventMatchingEventMask:untilDate:inMode:dequeue:]+0xaec
C  [libosxapp.dylib+0x23aa]  -[NSApplicationAWT nextEventMatchingMask:untilDate:inMode:dequeue:]+0x7c
C  [AppKit+0x3b3db]  -[NSApplication run]+0x39e
C  [libosxapp.dylib+0x214d]  +[NSApplicationAWT runAWTLoopWithApp:]+0x9c
C  [libawt_lwawt.dylib+0x45edf]  -[AWTStarter starter:]+0x389
C  [Foundation+0x717ba]  __NSThreadPerformPerform+0x146
C  [CoreFoundation+0xa7321]  __CFRUNLOOP_IS_CALLING_OUT_TO_A_SOURCE0_PERFORM_FUNCTION__+0x11
C  [CoreFoundation+0x8821d]  __CFRunLoopDoSources0+0x22d
C  [CoreFoundation+0x87716]  __CFRunLoopRun+0x3a6
C  [CoreFoundation+0x87114]  CFRunLoopRunSpecific+0x1a4
C  [java+0x6465]  CreateExecutionEnvironment+0x367
C  [java+0x218c]  JLI_Launch+0x7a0
C  [java+0x84c2]  main+0x65
C  [java+0x19e4]  start+0x34
C  0x0000000000000007

Java frames: (J=compiled Java code, j=interpreted, Vv=VM code)
j  jogamp.nativewindow.jawt.macosx.MacOSXJAWTWindow.UnsetJAWTRootSurfaceLayer0(JJ)V+0
j  jogamp.nativewindow.jawt.macosx.MacOSXJAWTWindow.access$200(JJ)V+2
j  jogamp.nativewindow.jawt.macosx.MacOSXJAWTWindow$1.run()V+38
j  com.jogamp.common.util.RunnableTask.run()V+24
v  ~StubRoutines::call_stub

---------------  P R O C E S S  ---------------

Java Threads: ( => current thread )
  0x00007f844b9a0000 JavaThread "Thread-22" [_thread_blocked, id=66167, stack(0x000070000959d000,0x000070000969d000)]
  0x00007f844acfb800 JavaThread "Thread-21" [_thread_blocked, id=70935, stack(0x0000700009a2c000,0x0000700009b2c000)]
  0x00007f844c397800 JavaThread "Thread-20" [_thread_blocked, id=73319, stack(0x0000700009929000,0x0000700009a29000)]
  0x00007f844a8a0800 JavaThread "Thread-19" [_thread_blocked, id=3891, stack(0x0000700009826000,0x0000700009926000)]
  0x00007f844c1fb000 JavaThread "AWT-EventQueue-1" [_thread_in_native, id=67091, stack(0x00007000096a0000,0x00007000097a0000)]
  0x00007f844c129000 JavaThread "DestroyJavaVM" [_thread_blocked, id=7171, stack(0x0000700008058000,0x0000700008158000)]
  0x00007f844c126800 JavaThread "AWT-EventQueue-0" [_thread_blocked, id=60163, stack(0x000070000949a000,0x000070000959a000)]
  0x00007f844c111000 JavaThread "Java2D Disposer" daemon [_thread_blocked, id=56847, stack(0x0000700009211000,0x0000700009311000)]
  0x00007f844a9f3000 JavaThread "Java2D Queue Flusher" daemon [_thread_blocked, id=54791, stack(0x000070000910e000,0x000070000920e000)]
  0x00007f844b194800 JavaThread "AWT-Shutdown" [_thread_blocked, id=29471, stack(0x0000700008f05000,0x0000700009005000)]
=>0x00007f844a93f000 JavaThread "AWT-AppKit" daemon [_thread_in_native, id=775, stack(0x00007fff59589000,0x00007fff59d89000)]
  0x00007f844c012800 JavaThread "Service Thread" daemon [_thread_blocked, id=18691, stack(0x0000700008c7c000,0x0000700008d7c000)]
  0x00007f844c011800 JavaThread "C1 CompilerThread2" daemon [_thread_blocked, id=18179, stack(0x0000700008b79000,0x0000700008c79000)]
  0x00007f844a81e800 JavaThread "C2 CompilerThread1" daemon [_thread_blocked, id=17667, stack(0x0000700008a76000,0x0000700008b76000)]
  0x00007f844a81d000 JavaThread "C2 CompilerThread0" daemon [_thread_blocked, id=17155, stack(0x0000700008973000,0x0000700008a73000)]
  0x00007f844c005000 JavaThread "Signal Dispatcher" daemon [_thread_blocked, id=16643, stack(0x0000700008870000,0x0000700008970000)]
  0x00007f844b85e000 JavaThread "Finalizer" daemon [_thread_blocked, id=12547, stack(0x000070000876d000,0x000070000886d000)]
  0x00007f844b85b800 JavaThread "Reference Handler" daemon [_thread_blocked, id=12035, stack(0x000070000866a000,0x000070000876a000)]

Other Threads:
  0x00007f844b856800 VMThread [stack: 0x0000700008567000,0x0000700008667000] [id=11523]
  0x00007f844c001800 WatcherThread [stack: 0x0000700008d7f000,0x0000700008e7f000] [id=19203]

VM state:not at safepoint (normal execution)

VM Mutex/Monitor currently owned by a thread: None

Heap:
 PSYoungGen      total 89600K, used 37223K [0x0000000795580000, 0x000000079d700000, 0x00000007c0000000)
  eden space 76288K, 39% used [0x0000000795580000,0x0000000797329f48,0x000000079a000000)
  from space 13312K, 51% used [0x000000079a000000,0x000000079a6afff8,0x000000079ad00000)
  to   space 12800K, 0% used [0x000000079ca80000,0x000000079ca80000,0x000000079d700000)
 ParOldGen       total 65024K, used 19992K [0x0000000740000000, 0x0000000743f80000, 0x0000000795580000)
  object space 65024K, 30% used [0x0000000740000000,0x00000007413863c8,0x0000000743f80000)
 Metaspace       used 23683K, capacity 24049K, committed 24368K, reserved 1071104K
  class space    used 2422K, capacity 2551K, committed 2608K, reserved 1048576K

Card table byte_map: [0x0000000107b63000,0x0000000107f64000] byte_map_base: 0x0000000104163000

Marking Bits: (ParMarkBitMap*) 0x00000001070f1ea0
 Begin Bits: [0x000000011835b000, 0x000000011a35b000)
 End Bits:   [0x000000011a35b000, 0x000000011c35b000)

Polling page: 0x0000000105f37000

CodeCache: size=245760Kb used=8538Kb max_used=8551Kb free=237221Kb
 bounds [0x000000010935b000, 0x0000000109bcb000, 0x000000011835b000]
 total_blobs=3352 nmethods=2413 adapters=852
 compilation: enabled

Compilation events (10 events):
Event: 16.586 Thread 0x00007f844a81e800 2417  s    4       sun.misc.URLClassPath::getNextLoader (88 bytes)
Event: 16.590 Thread 0x00007f844c011800 2419       3       sun.java2d.pipe.RenderBuffer::putInt (26 bytes)
Event: 16.590 Thread 0x00007f844c011800 nmethod 2419 0x0000000109bb7590 code [0x0000000109bb7700, 0x0000000109bb7870]
Event: 16.590 Thread 0x00007f844c011800 2418       1       sun.java2d.SurfaceData::isValid (5 bytes)
Event: 16.590 Thread 0x00007f844c011800 nmethod 2418 0x0000000109bb72d0 code [0x0000000109bb7420, 0x0000000109bb7530]
Event: 16.590 Thread 0x00007f844c011800 2420       3       java.awt.EventQueue::uncacheEQItem (53 bytes)
Event: 16.592 Thread 0x00007f844c011800 nmethod 2420 0x0000000109bb6850 code [0x0000000109bb6a00, 0x0000000109bb70c8]
Event: 16.592 Thread 0x00007f844c011800 2421       3       java.util.IdentityHashMap::get (60 bytes)
Event: 16.593 Thread 0x00007f844c011800 nmethod 2421 0x0000000109bb5fd0 code [0x0000000109bb6180, 0x0000000109bb6628]
Event: 16.593 Thread 0x00007f844a81e800 nmethod 2417 0x0000000109bba750 code [0x0000000109bba8c0, 0x0000000109bbb038]

GC Heap History (10 events):
Event: 3.832 GC heap before
{Heap before GC invocations=4 (full 1):
 PSYoungGen      total 38400K, used 33234K [0x0000000795580000, 0x0000000798000000, 0x00000007c0000000)
  eden space 33280K, 99% used [0x0000000795580000,0x00000007975f4b68,0x0000000797600000)
  from space 5120K, 0% used [0x0000000797b00000,0x0000000797b00000,0x0000000798000000)
  to   space 5120K, 0% used [0x0000000797600000,0x0000000797600000,0x0000000797b00000)
 ParOldGen       total 65024K, used 7846K [0x0000000740000000, 0x0000000743f80000, 0x0000000795580000)
  object space 65024K, 12% used [0x0000000740000000,0x00000007407a98e8,0x0000000743f80000)
 Metaspace       used 23415K, capacity 23789K, committed 24112K, reserved 1071104K
  class space    used 2414K, capacity 2551K, committed 2608K, reserved 1048576K
Event: 3.852 GC heap after
Heap after GC invocations=4 (full 1):
 PSYoungGen      total 38400K, used 5106K [0x0000000795580000, 0x0000000799300000, 0x00000007c0000000)
  eden space 33280K, 0% used [0x0000000795580000,0x0000000795580000,0x0000000797600000)
  from space 5120K, 99% used [0x0000000797600000,0x0000000797afcb10,0x0000000797b00000)
  to   space 5120K, 0% used [0x0000000798e00000,0x0000000798e00000,0x0000000799300000)
 ParOldGen       total 65024K, used 16376K [0x0000000740000000, 0x0000000743f80000, 0x0000000795580000)
  object space 65024K, 25% used [0x0000000740000000,0x0000000740ffe218,0x0000000743f80000)
 Metaspace       used 23415K, capacity 23789K, committed 24112K, reserved 1071104K
  class space    used 2414K, capacity 2551K, committed 2608K, reserved 1048576K
}
Event: 5.087 GC heap before
{Heap before GC invocations=5 (full 1):
 PSYoungGen      total 38400K, used 38386K [0x0000000795580000, 0x0000000799300000, 0x00000007c0000000)
  eden space 33280K, 100% used [0x0000000795580000,0x0000000797600000,0x0000000797600000)
  from space 5120K, 99% used [0x0000000797600000,0x0000000797afcb10,0x0000000797b00000)
  to   space 5120K, 0% used [0x0000000798e00000,0x0000000798e00000,0x0000000799300000)
 ParOldGen       total 65024K, used 16376K [0x0000000740000000, 0x0000000743f80000, 0x0000000795580000)
  object space 65024K, 25% used [0x0000000740000000,0x0000000740ffe218,0x0000000743f80000)
 Metaspace       used 23570K, capacity 23981K, committed 24112K, reserved 1071104K
  class space    used 2414K, capacity 2551K, committed 2608K, reserved 1048576K
Event: 5.096 GC heap after
Heap after GC invocations=5 (full 1):
 PSYoungGen      total 56832K, used 5100K [0x0000000795580000, 0x0000000799300000, 0x00000007c0000000)
  eden space 51712K, 0% used [0x0000000795580000,0x0000000795580000,0x0000000798800000)
  from space 5120K, 99% used [0x0000000798e00000,0x00000007992fb258,0x0000000799300000)
  to   space 5120K, 0% used [0x0000000798900000,0x0000000798900000,0x0000000798e00000)
 ParOldGen       total 65024K, used 19224K [0x0000000740000000, 0x0000000743f80000, 0x0000000795580000)
  object space 65024K, 29% used [0x0000000740000000,0x00000007412c62c8,0x0000000743f80000)
 Metaspace       used 23570K, capacity 23981K, committed 24112K, reserved 1071104K
  class space    used 2414K, capacity 2551K, committed 2608K, reserved 1048576K
}
Event: 7.479 GC heap before
{Heap before GC invocations=6 (full 1):
 PSYoungGen      total 56832K, used 55008K [0x0000000795580000, 0x0000000799300000, 0x00000007c0000000)
  eden space 51712K, 96% used [0x0000000795580000,0x000000079863d128,0x0000000798800000)
  from space 5120K, 99% used [0x0000000798e00000,0x00000007992fb258,0x0000000799300000)
  to   space 5120K, 0% used [0x0000000798900000,0x0000000798900000,0x0000000798e00000)
 ParOldGen       total 65024K, used 19224K [0x0000000740000000, 0x0000000743f80000, 0x0000000795580000)
  object space 65024K, 29% used [0x0000000740000000,0x00000007412c62c8,0x0000000743f80000)
 Metaspace       used 23580K, capacity 23981K, committed 24112K, reserved 1071104K
  class space    used 2414K, capacity 2551K, committed 2608K, reserved 1048576K
Event: 7.483 GC heap after
Heap after GC invocations=6 (full 1):
 PSYoungGen      total 57856K, used 5105K [0x0000000795580000, 0x000000079bc00000, 0x00000007c0000000)
  eden space 52736K, 0% used [0x0000000795580000,0x0000000795580000,0x0000000798900000)
  from space 5120K, 99% used [0x0000000798900000,0x0000000798dfc5f8,0x0000000798e00000)
  to   space 13824K, 0% used [0x000000079ae80000,0x000000079ae80000,0x000000079bc00000)
 ParOldGen       total 65024K, used 19976K [0x0000000740000000, 0x0000000743f80000, 0x0000000795580000)
  object space 65024K, 30% used [0x0000000740000000,0x00000007413823c8,0x0000000743f80000)
 Metaspace       used 23580K, capacity 23981K, committed 24112K, reserved 1071104K
  class space    used 2414K, capacity 2551K, committed 2608K, reserved 1048576K
}
Event: 10.484 GC heap before
{Heap before GC invocations=7 (full 1):
 PSYoungGen      total 57856K, used 57841K [0x0000000795580000, 0x000000079bc00000, 0x00000007c0000000)
  eden space 52736K, 100% used [0x0000000795580000,0x0000000798900000,0x0000000798900000)
  from space 5120K, 99% used [0x0000000798900000,0x0000000798dfc5f8,0x0000000798e00000)
  to   space 13824K, 0% used [0x000000079ae80000,0x000000079ae80000,0x000000079bc00000)
 ParOldGen       total 65024K, used 19976K [0x0000000740000000, 0x0000000743f80000, 0x0000000795580000)
  object space 65024K, 30% used [0x0000000740000000,0x00000007413823c8,0x0000000743f80000)
 Metaspace       used 23587K, capacity 23981K, committed 24112K, reserved 1071104K
  class space    used 2414K, capacity 2551K, committed 2608K, reserved 1048576K
Event: 10.490 GC heap after
Heap after GC invocations=7 (full 1):
 PSYoungGen      total 88064K, used 5872K [0x0000000795580000, 0x000000079ba00000, 0x00000007c0000000)
  eden space 76288K, 0% used [0x0000000795580000,0x0000000795580000,0x000000079a000000)
  from space 11776K, 49% used [0x000000079ae80000,0x000000079b43c398,0x000000079ba00000)
  to   space 13312K, 0% used [0x000000079a000000,0x000000079a000000,0x000000079ad00000)
 ParOldGen       total 65024K, used 19984K [0x0000000740000000, 0x0000000743f80000, 0x0000000795580000)
  object space 65024K, 30% used [0x0000000740000000,0x00000007413843c8,0x0000000743f80000)
 Metaspace       used 23587K, capacity 23981K, committed 24112K, reserved 1071104K
  class space    used 2414K, capacity 2551K, committed 2608K, reserved 1048576K
}
Event: 14.794 GC heap before
{Heap before GC invocations=8 (full 1):
 PSYoungGen      total 88064K, used 82160K [0x0000000795580000, 0x000000079ba00000, 0x00000007c0000000)
  eden space 76288K, 100% used [0x0000000795580000,0x000000079a000000,0x000000079a000000)
  from space 11776K, 49% used [0x000000079ae80000,0x000000079b43c398,0x000000079ba00000)
  to   space 13312K, 0% used [0x000000079a000000,0x000000079a000000,0x000000079ad00000)
 ParOldGen       total 65024K, used 19984K [0x0000000740000000, 0x0000000743f80000, 0x0000000795580000)
  object space 65024K, 30% used [0x0000000740000000,0x00000007413843c8,0x0000000743f80000)
 Metaspace       used 23611K, capacity 23981K, committed 24112K, reserved 1071104K
  class space    used 2416K, capacity 2551K, committed 2608K, reserved 1048576K
Event: 14.807 GC heap after
Heap after GC invocations=8 (full 1):
 PSYoungGen      total 89600K, used 6847K [0x0000000795580000, 0x000000079d700000, 0x00000007c0000000)
  eden space 76288K, 0% used [0x0000000795580000,0x0000000795580000,0x000000079a000000)
  from space 13312K, 51% used [0x000000079a000000,0x000000079a6afff8,0x000000079ad00000)
  to   space 12800K, 0% used [0x000000079ca80000,0x000000079ca80000,0x000000079d700000)
 ParOldGen       total 65024K, used 19992K [0x0000000740000000, 0x0000000743f80000, 0x0000000795580000)
  object space 65024K, 30% used [0x0000000740000000,0x00000007413863c8,0x0000000743f80000)
 Metaspace       used 23611K, capacity 23981K, committed 24112K, reserved 1071104K
  class space    used 2416K, capacity 2551K, committed 2608K, reserved 1048576K
}

Deoptimization events (10 events):
Event: 3.700 Thread 0x00007f844c1fb000 Uncommon trap: reason=class_check action=maybe_recompile pc=0x0000000109815a54 method=java.util.regex.Matcher.search(I)Z @ 86
Event: 3.700 Thread 0x00007f844c1fb000 Uncommon trap: reason=class_check action=maybe_recompile pc=0x0000000109815a54 method=java.util.regex.Matcher.search(I)Z @ 86
Event: 3.700 Thread 0x00007f844c1fb000 Uncommon trap: reason=class_check action=maybe_recompile pc=0x0000000109815a54 method=java.util.regex.Matcher.search(I)Z @ 86
Event: 3.773 Thread 0x00007f844c1fb000 Uncommon trap: reason=unstable_if action=reinterpret pc=0x00000001099dd028 method=processing.opengl.PGraphicsOpenGL$InGeometry.addVertex(FFFIFFFFFIFIIIFIZ)I @ 218
Event: 3.859 Thread 0x00007f844c1fb000 Uncommon trap: reason=unstable_if action=reinterpret pc=0x0000000109a27674 method=processing.opengl.Texture.convertToRGBA([IIII)V @ 281
Event: 3.876 Thread 0x00007f844c1fb000 Uncommon trap: reason=unstable_if action=reinterpret pc=0x00000001099e4f8c method=processing.opengl.PGraphicsOpenGL$Tessellator.addLineSegment3D(III[SZ)I @ 67
Event: 13.606 Thread 0x00007f844c1fb000 Uncommon trap: reason=unstable_if action=reinterpret pc=0x0000000109b361e8 method=com.jogamp.common.util.VersionNumber.compareTo(Lcom/jogamp/common/util/VersionNumber;)I @ 21
Event: 16.574 Thread 0x00007f844a9da000 Uncommon trap: reason=class_check action=maybe_recompile pc=0x00000001097a6520 method=java.util.HashMap.putVal(ILjava/lang/Object;Ljava/lang/Object;ZZ)Ljava/lang/Object; @ 91
Event: 16.574 Thread 0x00007f844a9da000 Uncommon trap: reason=class_check action=maybe_recompile pc=0x00000001097a6520 method=java.util.HashMap.putVal(ILjava/lang/Object;Ljava/lang/Object;ZZ)Ljava/lang/Object; @ 91
Event: 16.574 Thread 0x00007f844a9da000 Uncommon trap: reason=class_check action=maybe_recompile pc=0x000000010979fcc8 method=java.util.HashMap.putVal(ILjava/lang/Object;Ljava/lang/Object;ZZ)Ljava/lang/Object; @ 91

Internal exceptions (10 events):
Event: 0.119 Thread 0x00007f844a809800 Exception <a 'java/lang/NoSuchFieldError': method resolution failed> (0x00000007957e0ea8) thrown at [/Users/java_re/workspace/8-2-build-macosx-x86_64/jdk8u131/8869/hotspot/src/share/vm/prims/methodHandles.cpp, line 1146]
Event: 0.275 Thread 0x00007f844a809800 Exception <a 'java/io/FileNotFoundException'> (0x000000079585c3d0) thrown at [/Users/java_re/workspace/8-2-build-macosx-x86_64/jdk8u131/8869/hotspot/src/share/vm/prims/jni.cpp, line 709]
Event: 0.275 Thread 0x00007f844a809800 Exception <a 'java/io/FileNotFoundException'> (0x000000079585cf50) thrown at [/Users/java_re/workspace/8-2-build-macosx-x86_64/jdk8u131/8869/hotspot/src/share/vm/prims/jni.cpp, line 709]
Event: 0.372 Thread 0x00007f844a809800 Exception <a 'java/io/FileNotFoundException'> (0x0000000795a416e8) thrown at [/Users/java_re/workspace/8-2-build-macosx-x86_64/jdk8u131/8869/hotspot/src/share/vm/prims/jni.cpp, line 709]
Event: 1.969 Thread 0x00007f844c216800 Exception <a 'java/lang/UnsatisfiedLinkError': com.jogamp.common.util.JarUtil.fixNativeLibAttribs(Ljava/lang/String;)Z> (0x0000000796cd9e78) thrown at [/Users/java_re/workspace/8-2-build-macosx-x86_64/jdk8u131/8869/hotspot/src/share/vm/prims/nativeLookup.
Event: 2.180 Thread 0x00007f844b85e000 Exception <a 'java/lang/NullPointerException'> (0x00000007956a4748) thrown at [/Users/java_re/workspace/8-2-build-macosx-x86_64/jdk8u131/8869/hotspot/src/share/vm/interpreter/linkResolver.cpp, line 1197]
Event: 2.757 Thread 0x00007f844c1fb000 Exception <a 'java/io/FileNotFoundException'> (0x0000000796149310) thrown at [/Users/java_re/workspace/8-2-build-macosx-x86_64/jdk8u131/8869/hotspot/src/share/vm/prims/jni.cpp, line 709]
Event: 2.757 Thread 0x00007f844c1fb000 Exception <a 'java/io/FileNotFoundException'> (0x00000007961505c0) thrown at [/Users/java_re/workspace/8-2-build-macosx-x86_64/jdk8u131/8869/hotspot/src/share/vm/prims/jni.cpp, line 709]
Event: 2.757 Thread 0x00007f844c1fb000 Implicit null exception at 0x000000010953a1f6 to 0x000000010953a5c1
Event: 2.901 Thread 0x00007f844c1fb000 Implicit null exception at 0x000000010971b2c6 to 0x000000010971b50d

Events (10 events):
Event: 16.589 loading class java/awt/LightweightDispatcher$2 done
Event: 16.589 loading class java/awt/event/AWTEventListenerProxy
Event: 16.589 loading class java/awt/event/AWTEventListenerProxy done
Event: 16.589 loading class java/awt/Toolkit$ToolkitEventMulticaster
Event: 16.589 loading class java/awt/Toolkit$ToolkitEventMulticaster done
Event: 16.589 Thread 0x00007f844a9da000 Thread exited: 0x00007f844a9da000
Event: 16.589 loading class java/awt/Window$1DisposeAction
Event: 16.590 loading class java/awt/Window$1DisposeAction done
Event: 16.590 loading class sun/awt/SunToolkit$1
Event: 16.590 loading class sun/awt/SunToolkit$1 done


Dynamic libraries:
0x0000000035e26000 	/System/Library/Frameworks/Cocoa.framework/Versions/A/Cocoa
0x0000000035e26000 	/System/Library/Frameworks/Security.framework/Versions/A/Security
0x0000000035e26000 	/System/Library/Frameworks/ApplicationServices.framework/Versions/A/ApplicationServices
0x0000000035e26000 	/usr/lib/libz.1.dylib
0x0000000035e26000 	/usr/lib/libSystem.B.dylib
0x0000000035e26000 	/usr/lib/libobjc.A.dylib
0x0000000035e26000 	/System/Library/Frameworks/CoreFoundation.framework/Versions/A/CoreFoundation
0x0000000035e26000 	/System/Library/Frameworks/Foundation.framework/Versions/C/Foundation
0x0000000035e26000 	/System/Library/Frameworks/AppKit.framework/Versions/C/AppKit
0x0000000035e26000 	/System/Library/Frameworks/CoreData.framework/Versions/A/CoreData
0x0000000035e26000 	/System/Library/PrivateFrameworks/RemoteViewServices.framework/Versions/A/RemoteViewServices
0x0000000035e26000 	/System/Library/PrivateFrameworks/UIFoundation.framework/Versions/A/UIFoundation
0x0000000035e26000 	/System/Library/PrivateFrameworks/DFRFoundation.framework/Versions/A/DFRFoundation
0x0000000035e26000 	/usr/lib/libenergytrace.dylib
0x0000000035e26000 	/System/Library/PrivateFrameworks/SkyLight.framework/Versions/A/SkyLight
0x0000000035e26000 	/System/Library/Frameworks/CoreGraphics.framework/Versions/A/CoreGraphics
0x0000000035e26000 	/usr/lib/libScreenReader.dylib
0x0000000035e26000 	/System/Library/Frameworks/Accelerate.framework/Versions/A/Accelerate
0x0000000035e26000 	/System/Library/Frameworks/IOSurface.framework/Versions/A/IOSurface
0x0000000035e26000 	/System/Library/Frameworks/AudioToolbox.framework/Versions/A/AudioToolbox
0x0000000035e26000 	/System/Library/Frameworks/AudioUnit.framework/Versions/A/AudioUnit
0x0000000035e26000 	/System/Library/PrivateFrameworks/DataDetectorsCore.framework/Versions/A/DataDetectorsCore
0x0000000035e26000 	/System/Library/PrivateFrameworks/DesktopServicesPriv.framework/Versions/A/DesktopServicesPriv
0x0000000035e26000 	/System/Library/Frameworks/Carbon.framework/Versions/A/Frameworks/HIToolbox.framework/Versions/A/HIToolbox
0x0000000035e26000 	/usr/lib/libicucore.A.dylib
0x0000000035e26000 	/System/Library/Frameworks/QuartzCore.framework/Versions/A/QuartzCore
0x0000000035e26000 	/System/Library/Frameworks/Carbon.framework/Versions/A/Frameworks/SpeechRecognition.framework/Versions/A/SpeechRecognition
0x0000000035e26000 	/usr/lib/libauto.dylib
0x0000000035e26000 	/usr/lib/libxml2.2.dylib
0x0000000035e26000 	/System/Library/PrivateFrameworks/CoreUI.framework/Versions/A/CoreUI
0x0000000035e26000 	/System/Library/Frameworks/CoreAudio.framework/Versions/A/CoreAudio
0x0000000035e26000 	/System/Library/Frameworks/DiskArbitration.framework/Versions/A/DiskArbitration
0x0000000035e26000 	/usr/lib/liblangid.dylib
0x0000000035e26000 	/System/Library/PrivateFrameworks/MultitouchSupport.framework/Versions/A/MultitouchSupport
0x0000000035e26000 	/System/Library/Frameworks/IOKit.framework/Versions/A/IOKit
0x0000000035e26000 	/usr/lib/libDiagnosticMessagesClient.dylib
0x0000000035e26000 	/System/Library/Frameworks/CoreServices.framework/Versions/A/CoreServices
0x0000000035e26000 	/System/Library/PrivateFrameworks/PerformanceAnalysis.framework/Versions/A/PerformanceAnalysis
0x0000000035e26000 	/System/Library/PrivateFrameworks/GenerationalStorage.framework/Versions/A/GenerationalStorage
0x0000000035e26000 	/System/Library/Frameworks/OpenGL.framework/Versions/A/OpenGL
0x0000000035e26000 	/System/Library/Frameworks/CoreImage.framework/Versions/A/CoreImage
0x0000000035e26000 	/System/Library/Frameworks/CoreText.framework/Versions/A/CoreText
0x0000000035e26000 	/System/Library/Frameworks/ImageIO.framework/Versions/A/ImageIO
0x0000000035e26000 	/System/Library/PrivateFrameworks/Backup.framework/Versions/A/Backup
0x0000000035e26000 	/usr/lib/libarchive.2.dylib
0x0000000035e26000 	/System/Library/Frameworks/CFNetwork.framework/Versions/A/CFNetwork
0x0000000035e26000 	/System/Library/Frameworks/SystemConfiguration.framework/Versions/A/SystemConfiguration
0x0000000035e26000 	/usr/lib/libCRFSuite.dylib
0x0000000035e26000 	/usr/lib/libc++.1.dylib
0x0000000035e26000 	/usr/lib/libc++abi.dylib
0x0000000035e26000 	/usr/lib/system/libcache.dylib
0x0000000035e26000 	/usr/lib/system/libcommonCrypto.dylib
0x0000000035e26000 	/usr/lib/system/libcompiler_rt.dylib
0x0000000035e26000 	/usr/lib/system/libcopyfile.dylib
0x0000000035e26000 	/usr/lib/system/libcorecrypto.dylib
0x0000000035e26000 	/usr/lib/system/libdispatch.dylib
0x0000000035e26000 	/usr/lib/system/libdyld.dylib
0x0000000035e26000 	/usr/lib/system/libkeymgr.dylib
0x0000000035e26000 	/usr/lib/system/liblaunch.dylib
0x0000000035e26000 	/usr/lib/system/libmacho.dylib
0x0000000035e26000 	/usr/lib/system/libquarantine.dylib
0x0000000035e26000 	/usr/lib/system/libremovefile.dylib
0x0000000035e26000 	/usr/lib/system/libsystem_asl.dylib
0x0000000035e26000 	/usr/lib/system/libsystem_blocks.dylib
0x0000000035e26000 	/usr/lib/system/libsystem_c.dylib
0x0000000035e26000 	/usr/lib/system/libsystem_configuration.dylib
0x0000000035e26000 	/usr/lib/system/libsystem_coreservices.dylib
0x0000000035e26000 	/usr/lib/system/libsystem_coretls.dylib
0x0000000035e26000 	/usr/lib/system/libsystem_dnssd.dylib
0x0000000035e26000 	/usr/lib/system/libsystem_info.dylib
0x0000000035e26000 	/usr/lib/system/libsystem_kernel.dylib
0x0000000035e26000 	/usr/lib/system/libsystem_m.dylib
0x0000000035e26000 	/usr/lib/system/libsystem_malloc.dylib
0x0000000035e26000 	/usr/lib/system/libsystem_network.dylib
0x0000000035e26000 	/usr/lib/system/libsystem_networkextension.dylib
0x0000000035e26000 	/usr/lib/system/libsystem_notify.dylib
0x0000000035e26000 	/usr/lib/system/libsystem_platform.dylib
0x0000000035e26000 	/usr/lib/system/libsystem_pthread.dylib
0x0000000035e26000 	/usr/lib/system/libsystem_sandbox.dylib
0x0000000035e26000 	/usr/lib/system/libsystem_secinit.dylib
0x0000000035e26000 	/usr/lib/system/libsystem_symptoms.dylib
0x0000000035e26000 	/usr/lib/system/libsystem_trace.dylib
0x0000000035e26000 	/usr/lib/system/libunwind.dylib
0x0000000035e26000 	/usr/lib/system/libxpc.dylib
0x0000000035e26000 	/usr/lib/libbsm.0.dylib
0x0000000035e26000 	/usr/lib/system/libkxld.dylib
0x0000000035e26000 	/usr/lib/libcoretls.dylib
0x0000000035e26000 	/usr/lib/libcoretls_cfhelpers.dylib
0x0000000035e26000 	/usr/lib/libOpenScriptingUtil.dylib
0x0000000035e26000 	/usr/lib/libpam.2.dylib
0x0000000035e26000 	/usr/lib/libsqlite3.dylib
0x0000000035e26000 	/usr/lib/libxar.1.dylib
0x0000000035e26000 	/usr/lib/libbz2.1.0.dylib
0x0000000035e26000 	/usr/lib/liblzma.5.dylib
0x0000000035e26000 	/usr/lib/libnetwork.dylib
0x0000000035e26000 	/usr/lib/libpcap.A.dylib
0x0000000035e26000 	/System/Library/Frameworks/CoreServices.framework/Versions/A/Frameworks/FSEvents.framework/Versions/A/FSEvents
0x0000000035e26000 	/System/Library/Frameworks/CoreServices.framework/Versions/A/Frameworks/CarbonCore.framework/Versions/A/CarbonCore
0x0000000035e26000 	/System/Library/Frameworks/CoreServices.framework/Versions/A/Frameworks/Metadata.framework/Versions/A/Metadata
0x0000000035e26000 	/System/Library/Frameworks/CoreServices.framework/Versions/A/Frameworks/OSServices.framework/Versions/A/OSServices
0x0000000035e26000 	/System/Library/Frameworks/CoreServices.framework/Versions/A/Frameworks/SearchKit.framework/Versions/A/SearchKit
0x0000000035e26000 	/System/Library/Frameworks/CoreServices.framework/Versions/A/Frameworks/AE.framework/Versions/A/AE
0x0000000035e26000 	/System/Library/Frameworks/CoreServices.framework/Versions/A/Frameworks/LaunchServices.framework/Versions/A/LaunchServices
0x0000000035e26000 	/System/Library/Frameworks/CoreServices.framework/Versions/A/Frameworks/DictionaryServices.framework/Versions/A/DictionaryServices
0x0000000035e26000 	/System/Library/Frameworks/CoreServices.framework/Versions/A/Frameworks/SharedFileList.framework/Versions/A/SharedFileList
0x0000000035e26000 	/System/Library/Frameworks/NetFS.framework/Versions/A/NetFS
0x0000000035e26000 	/System/Library/PrivateFrameworks/NetAuth.framework/Versions/A/NetAuth
0x0000000035e26000 	/System/Library/PrivateFrameworks/login.framework/Versions/A/Frameworks/loginsupport.framework/Versions/A/loginsupport
0x0000000035e26000 	/System/Library/PrivateFrameworks/TCC.framework/Versions/A/TCC
0x0000000035e26000 	/usr/lib/libmecabra.dylib
0x0000000035e26000 	/System/Library/Frameworks/ApplicationServices.framework/Versions/A/Frameworks/ATS.framework/Versions/A/ATS
0x0000000035e26000 	/System/Library/Frameworks/ApplicationServices.framework/Versions/A/Frameworks/ColorSync.framework/Versions/A/ColorSync
0x0000000035e26000 	/System/Library/Frameworks/ApplicationServices.framework/Versions/A/Frameworks/HIServices.framework/Versions/A/HIServices
0x0000000035e26000 	/System/Library/Frameworks/ApplicationServices.framework/Versions/A/Frameworks/LangAnalysis.framework/Versions/A/LangAnalysis
0x0000000035e26000 	/System/Library/Frameworks/ApplicationServices.framework/Versions/A/Frameworks/PrintCore.framework/Versions/A/PrintCore
0x0000000035e26000 	/System/Library/Frameworks/ApplicationServices.framework/Versions/A/Frameworks/QD.framework/Versions/A/QD
0x0000000035e26000 	/System/Library/Frameworks/ApplicationServices.framework/Versions/A/Frameworks/SpeechSynthesis.framework/Versions/A/SpeechSynthesis
0x0000000035e26000 	/System/Library/Frameworks/Accelerate.framework/Versions/A/Frameworks/vImage.framework/Versions/A/vImage
0x0000000035e26000 	/System/Library/Frameworks/Accelerate.framework/Versions/A/Frameworks/vecLib.framework/Versions/A/vecLib
0x0000000035e26000 	/System/Library/Frameworks/Accelerate.framework/Versions/A/Frameworks/vecLib.framework/Versions/A/libvDSP.dylib
0x0000000035e26000 	/System/Library/Frameworks/Accelerate.framework/Versions/A/Frameworks/vecLib.framework/Versions/A/libBNNS.dylib
0x0000000035e26000 	/System/Library/Frameworks/Accelerate.framework/Versions/A/Frameworks/vecLib.framework/Versions/A/libQuadrature.dylib
0x0000000035e26000 	/System/Library/Frameworks/Accelerate.framework/Versions/A/Frameworks/vecLib.framework/Versions/A/libvMisc.dylib
0x0000000035e26000 	/System/Library/Frameworks/Accelerate.framework/Versions/A/Frameworks/vecLib.framework/Versions/A/libLAPACK.dylib
0x0000000035e26000 	/System/Library/Frameworks/Accelerate.framework/Versions/A/Frameworks/vecLib.framework/Versions/A/libBLAS.dylib
0x0000000035e26000 	/System/Library/Frameworks/Accelerate.framework/Versions/A/Frameworks/vecLib.framework/Versions/A/libLinearAlgebra.dylib
0x0000000035e26000 	/System/Library/Frameworks/Accelerate.framework/Versions/A/Frameworks/vecLib.framework/Versions/A/libSparseBLAS.dylib
0x0000000035e26000 	/System/Library/Frameworks/ApplicationServices.framework/Versions/A/Frameworks/ATS.framework/Versions/A/Resources/libFontParser.dylib
0x0000000035e26000 	/System/Library/Frameworks/ApplicationServices.framework/Versions/A/Frameworks/ATS.framework/Versions/A/Resources/libFontRegistry.dylib
0x0000000035e26000 	/System/Library/Frameworks/ImageIO.framework/Versions/A/Resources/libJPEG.dylib
0x0000000035e26000 	/System/Library/Frameworks/ImageIO.framework/Versions/A/Resources/libTIFF.dylib
0x0000000035e26000 	/System/Library/Frameworks/ImageIO.framework/Versions/A/Resources/libPng.dylib
0x0000000035e26000 	/System/Library/Frameworks/ImageIO.framework/Versions/A/Resources/libGIF.dylib
0x0000000035e26000 	/System/Library/Frameworks/ImageIO.framework/Versions/A/Resources/libJP2.dylib
0x0000000035e26000 	/System/Library/Frameworks/ImageIO.framework/Versions/A/Resources/libRadiance.dylib
0x0000000035e26000 	/usr/lib/libcompression.dylib
0x0000000035e26000 	/System/Library/PrivateFrameworks/AppleJPEG.framework/Versions/A/AppleJPEG
0x0000000035e26000 	/usr/lib/libcups.2.dylib
0x0000000035e26000 	/System/Library/Frameworks/Kerberos.framework/Versions/A/Kerberos
0x0000000035e26000 	/System/Library/Frameworks/GSS.framework/Versions/A/GSS
0x0000000035e26000 	/usr/lib/libresolv.9.dylib
0x0000000035e26000 	/usr/lib/libiconv.2.dylib
0x0000000035e26000 	/System/Library/PrivateFrameworks/Heimdal.framework/Versions/A/Heimdal
0x0000000035e26000 	/usr/lib/libheimdal-asn1.dylib
0x0000000035e26000 	/System/Library/Frameworks/OpenDirectory.framework/Versions/A/OpenDirectory
0x0000000035e26000 	/System/Library/PrivateFrameworks/CommonAuth.framework/Versions/A/CommonAuth
0x0000000035e26000 	/System/Library/Frameworks/OpenDirectory.framework/Versions/A/Frameworks/CFOpenDirectory.framework/Versions/A/CFOpenDirectory
0x0000000035e26000 	/System/Library/Frameworks/SecurityFoundation.framework/Versions/A/SecurityFoundation
0x0000000035e26000 	/System/Library/PrivateFrameworks/LanguageModeling.framework/Versions/A/LanguageModeling
0x0000000035e26000 	/usr/lib/libmarisa.dylib
0x0000000035e26000 	/usr/lib/libChineseTokenizer.dylib
0x0000000035e26000 	/usr/lib/libcmph.dylib
0x0000000035e26000 	/System/Library/PrivateFrameworks/CoreEmoji.framework/Versions/A/CoreEmoji
0x0000000035e26000 	/System/Library/Frameworks/ServiceManagement.framework/Versions/A/ServiceManagement
0x0000000035e26000 	/usr/lib/libxslt.1.dylib
0x0000000035e26000 	/System/Library/Frameworks/Carbon.framework/Versions/A/Frameworks/Ink.framework/Versions/A/Ink
0x0000000035e26000 	/System/Library/PrivateFrameworks/TextureIO.framework/Versions/A/TextureIO
0x0000000035e26000 	/System/Library/Frameworks/Metal.framework/Versions/A/Metal
0x0000000035e26000 	/usr/lib/libate.dylib
0x0000000035e26000 	/System/Library/PrivateFrameworks/GPUCompiler.framework/libmetal_timestamp.dylib
0x0000000035e26000 	/System/Library/Frameworks/OpenGL.framework/Versions/A/Libraries/libCoreFSCache.dylib
0x0000000035e26000 	/System/Library/PrivateFrameworks/IOAccelerator.framework/Versions/A/IOAccelerator
0x0000000035e26000 	/System/Library/Frameworks/CoreVideo.framework/Versions/A/CoreVideo
0x0000000035e26000 	/usr/lib/libFosl_dynamic.dylib
0x0000000035e26000 	/System/Library/PrivateFrameworks/MetalPerformanceShaders.framework/Versions/A/MetalPerformanceShaders
0x0000000035e26000 	/System/Library/PrivateFrameworks/FaceCore.framework/Versions/A/FaceCore
0x0000000035e26000 	/System/Library/Frameworks/OpenCL.framework/Versions/A/OpenCL
0x0000000035e26000 	/System/Library/Frameworks/OpenGL.framework/Versions/A/Libraries/libGLU.dylib
0x0000000035e26000 	/System/Library/Frameworks/OpenGL.framework/Versions/A/Libraries/libGFXShared.dylib
0x0000000035e26000 	/System/Library/Frameworks/OpenGL.framework/Versions/A/Libraries/libGL.dylib
0x0000000035e26000 	/System/Library/Frameworks/OpenGL.framework/Versions/A/Libraries/libGLImage.dylib
0x0000000035e26000 	/System/Library/Frameworks/OpenGL.framework/Versions/A/Libraries/libCVMSPluginSupport.dylib
0x0000000035e26000 	/System/Library/Frameworks/OpenGL.framework/Versions/A/Libraries/libCoreVMClient.dylib
0x0000000035e26000 	/System/Library/PrivateFrameworks/CrashReporterSupport.framework/Versions/A/CrashReporterSupport
0x0000000035e26000 	/System/Library/PrivateFrameworks/Sharing.framework/Versions/A/Sharing
0x0000000035e26000 	/System/Library/PrivateFrameworks/IconServices.framework/Versions/A/IconServices
0x0000000035e26000 	/System/Library/PrivateFrameworks/ProtocolBuffer.framework/Versions/A/ProtocolBuffer
0x0000000035e26000 	/System/Library/PrivateFrameworks/Apple80211.framework/Versions/A/Apple80211
0x0000000035e26000 	/System/Library/Frameworks/CoreWLAN.framework/Versions/A/CoreWLAN
0x0000000035e26000 	/System/Library/PrivateFrameworks/CoreUtils.framework/Versions/A/CoreUtils
0x0000000035e26000 	/System/Library/Frameworks/IOBluetooth.framework/Versions/A/IOBluetooth
0x0000000035e26000 	/System/Library/PrivateFrameworks/CoreWiFi.framework/Versions/A/CoreWiFi
0x0000000035e26000 	/System/Library/Frameworks/CoreBluetooth.framework/Versions/A/CoreBluetooth
0x0000000035e26000 	/System/Library/Frameworks/CoreDisplay.framework/Versions/A/CoreDisplay
0x0000000035e26000 	/System/Library/PrivateFrameworks/IOPresentment.framework/Versions/A/IOPresentment
0x0000000035e26000 	/System/Library/PrivateFrameworks/DSExternalDisplay.framework/Versions/A/DSExternalDisplay
0x0000000035e26000 	/System/Library/PrivateFrameworks/DebugSymbols.framework/Versions/A/DebugSymbols
0x0000000035e26000 	/System/Library/PrivateFrameworks/CoreSymbolication.framework/Versions/A/CoreSymbolication
0x0000000035e26000 	/System/Library/PrivateFrameworks/Symbolication.framework/Versions/A/Symbolication
0x0000000035e26000 	/System/Library/PrivateFrameworks/AppleFSCompression.framework/Versions/A/AppleFSCompression
0x0000000035e26000 	/System/Library/PrivateFrameworks/SpeechRecognitionCore.framework/Versions/A/SpeechRecognitionCore
0x0000000035e26000 	/System/Library/PrivateFrameworks/ChunkingLibrary.framework/Versions/A/ChunkingLibrary
0x0000000106800000 	/Library/Java/JavaVirtualMachines/jdk1.8.0_131.jdk/Contents/Home/jre/lib/server/libjvm.dylib
0x0000000035e26000 	/usr/lib/libstdc++.6.dylib
0x0000000105ef4000 	/Library/Java/JavaVirtualMachines/jdk1.8.0_131.jdk/Contents/Home/jre/lib/libverify.dylib
0x0000000105f02000 	/Library/Java/JavaVirtualMachines/jdk1.8.0_131.jdk/Contents/Home/jre/lib/libjava.dylib
0x0000000105f41000 	/Library/Java/JavaVirtualMachines/jdk1.8.0_131.jdk/Contents/Home/jre/lib/libzip.dylib
0x000000011d0fb000 	/System/Library/Frameworks/JavaVM.framework/Frameworks/JavaRuntimeSupport.framework/JavaRuntimeSupport
0x00000001092bb000 	/System/Library/Frameworks/JavaVM.framework/Versions/A/Frameworks/JavaNativeFoundation.framework/Versions/A/JavaNativeFoundation
0x000000011d115000 	/System/Library/Frameworks/JavaVM.framework/Versions/A/JavaVM
0x0000000035e26000 	/System/Library/Frameworks/Carbon.framework/Versions/A/Carbon
0x000000011d122000 	/System/Library/PrivateFrameworks/JavaLaunching.framework/Versions/A/JavaLaunching
0x0000000035e26000 	/System/Library/Frameworks/Carbon.framework/Versions/A/Frameworks/CommonPanels.framework/Versions/A/CommonPanels
0x0000000035e26000 	/System/Library/Frameworks/Carbon.framework/Versions/A/Frameworks/Help.framework/Versions/A/Help
0x0000000035e26000 	/System/Library/Frameworks/Carbon.framework/Versions/A/Frameworks/ImageCapture.framework/Versions/A/ImageCapture
0x0000000035e26000 	/System/Library/Frameworks/Carbon.framework/Versions/A/Frameworks/OpenScripting.framework/Versions/A/OpenScripting
0x0000000035e26000 	/System/Library/Frameworks/Carbon.framework/Versions/A/Frameworks/Print.framework/Versions/A/Print
0x0000000035e26000 	/System/Library/Frameworks/Carbon.framework/Versions/A/Frameworks/SecurityHI.framework/Versions/A/SecurityHI
0x000000011ea62000 	/Library/Java/JavaVirtualMachines/jdk1.8.0_131.jdk/Contents/Home/jre/lib/libawt.dylib
0x000000011eb0a000 	/Library/Java/JavaVirtualMachines/jdk1.8.0_131.jdk/Contents/Home/jre/lib/./libmlib_image.dylib
0x000000011ebd6000 	/Library/Java/JavaVirtualMachines/jdk1.8.0_131.jdk/Contents/Home/jre/lib/libawt_lwawt.dylib
0x000000011ec8d000 	/Library/Java/JavaVirtualMachines/jdk1.8.0_131.jdk/Contents/Home/jre/lib/./libosxapp.dylib
0x0000000035e26000 	/System/Library/Frameworks/ExceptionHandling.framework/Versions/A/ExceptionHandling
0x0000000035e26000 	/System/Library/PrivateFrameworks/CoreServicesInternal.framework/Versions/A/CoreServicesInternal
0x0000000035e26000 	/System/Library/CoreServices/RawCamera.bundle/Contents/MacOS/RawCamera
0x0000000035e26000 	/System/Library/Frameworks/Accelerate.framework/Versions/A/Frameworks/vImage.framework/Versions/A/Libraries/libCGInterfaces.dylib
0x0000000035e26000 	/System/Library/Frameworks/ApplicationServices.framework/Versions/A/Frameworks/ATS.framework/Versions/A/Resources/libTrueTypeScaler.dylib
0x0000000120a07000 	/System/Library/Frameworks/OpenGL.framework/Resources/GLEngine.bundle/GLEngine
0x0000000035e26000 	/System/Library/Frameworks/OpenGL.framework/Versions/A/Libraries/libGLProgrammability.dylib
0x0000000120bec000 	/System/Library/Extensions/AppleIntelKBLGraphicsGLDriver.bundle/Contents/MacOS/AppleIntelKBLGraphicsGLDriver
0x0000000035e26000 	/System/Library/PrivateFrameworks/GPUSupport.framework/Versions/A/Libraries/libGPUSupportMercury.dylib
0x000000012196f000 	/System/Library/Frameworks/OpenGL.framework/Resources//GLRendererFloat.bundle/GLRendererFloat
0x0000000035e26000 	/System/Library/Frameworks/OpenCL.framework/Versions/A/Libraries/libcldcpuengine.dylib
0x0000000035e26000 	/usr/lib/libcrypto.0.9.8.dylib
0x0000000035e26000 	/System/Library/PrivateFrameworks/TrustEvaluationAgent.framework/Versions/A/TrustEvaluationAgent
0x00000001219a3000 	/System/Library/Extensions/AppleIntelKBLGraphicsMTLDriver.bundle/Contents/MacOS/AppleIntelKBLGraphicsMTLDriver
0x0000000035e26000 	/System/Library/PrivateFrameworks/FamilyControls.framework/Versions/A/FamilyControls
0x0000000035e26000 	/System/Library/PrivateFrameworks/CommerceKit.framework/Versions/A/Frameworks/CommerceCore.framework/Versions/A/CommerceCore
0x0000000035e26000 	/System/Library/PrivateFrameworks/SystemAdministration.framework/Versions/A/SystemAdministration
0x0000000035e26000 	/System/Library/PrivateFrameworks/AppContainer.framework/Versions/A/AppContainer
0x0000000035e26000 	/System/Library/PrivateFrameworks/SecCodeWrapper.framework/Versions/A/SecCodeWrapper
0x0000000035e26000 	/System/Library/Frameworks/DirectoryService.framework/Versions/A/DirectoryService
0x0000000035e26000 	/System/Library/PrivateFrameworks/DiskImages.framework/Versions/A/DiskImages
0x0000000035e26000 	/System/Library/PrivateFrameworks/LoginUIKit.framework/Versions/A/Frameworks/LoginUICore.framework/Versions/A/LoginUICore
0x0000000035e26000 	/usr/lib/libCoreStorage.dylib
0x0000000035e26000 	/usr/lib/libcsfde.dylib
0x0000000035e26000 	/usr/lib/libodfde.dylib
0x0000000035e26000 	/System/Library/Frameworks/DiscRecording.framework/Versions/A/DiscRecording
0x0000000035e26000 	/usr/lib/libcurl.4.dylib
0x0000000035e26000 	/System/Library/PrivateFrameworks/MediaKit.framework/Versions/A/MediaKit
0x0000000035e26000 	/System/Library/PrivateFrameworks/ProtectedCloudStorage.framework/Versions/A/ProtectedCloudStorage
0x0000000035e26000 	/System/Library/PrivateFrameworks/EFILogin.framework/Versions/A/EFILogin
0x0000000035e26000 	/usr/lib/libutil.dylib
0x0000000035e26000 	/System/Library/Frameworks/LDAP.framework/Versions/A/LDAP
0x0000000035e26000 	/usr/lib/libsasl2.2.dylib
0x0000000035e26000 	/System/Library/PrivateFrameworks/CoreDaemon.framework/Versions/B/CoreDaemon
0x0000000035e26000 	/System/Library/PrivateFrameworks/AppleSRP.framework/Versions/A/AppleSRP
0x0000000035e26000 	/System/Library/PrivateFrameworks/APFS.framework/Versions/A/APFS
0x000000012385d000 	/Library/Java/JavaVirtualMachines/jdk1.8.0_131.jdk/Contents/Home/jre/lib/libfontmanager.dylib
0x000000012492c000 	/Library/Java/JavaVirtualMachines/jdk1.8.0_131.jdk/Contents/Home/jre/lib/libosxui.dylib
0x0000000035e26000 	/System/Library/PrivateFrameworks/ViewBridge.framework/Versions/A/ViewBridge
0x0000000035e26000 	/System/Library/PrivateFrameworks/XPCService.framework/Versions/A/XPCService
0x0000000035e26000 	/System/Library/PrivateFrameworks/AppSandbox.framework/Versions/A/AppSandbox
0x0000000035e26000 	/usr/lib/libsandbox.1.dylib
0x0000000035e26000 	/usr/lib/libMatch.1.dylib
0x00000001258b9000 	/Library/Java/JavaVirtualMachines/jdk1.8.0_131.jdk/Contents/Home/jre/lib/libnet.dylib
0x000000012581a000 	/Library/Java/JavaVirtualMachines/jdk1.8.0_131.jdk/Contents/Home/jre/lib/libnio.dylib
0x00000001249ef000 	/private/var/folders/jq/l0jglkhs1w1bwklv8c2_sz5w0000gn/T/jogamp_0000/file_cache/jln599228346380870219/jln615363380514496223/libgluegen-rt.jnilib
0x00000001249f3000 	/private/var/folders/jq/l0jglkhs1w1bwklv8c2_sz5w0000gn/T/jogamp_0000/file_cache/jln599228346380870219/jln615363380514496223/libnativewindow_awt.jnilib
0x000000018e088000 	/Library/Java/JavaVirtualMachines/jdk1.8.0_131.jdk/Contents/Home/jre/lib/libjawt.dylib
0x000000018e08b000 	/private/var/folders/jq/l0jglkhs1w1bwklv8c2_sz5w0000gn/T/jogamp_0000/file_cache/jln599228346380870219/jln615363380514496223/libnativewindow_macosx.jnilib
0x000000018e146000 	/private/var/folders/jq/l0jglkhs1w1bwklv8c2_sz5w0000gn/T/jogamp_0000/file_cache/jln599228346380870219/jln615363380514496223/libjogl_desktop.jnilib
0x000000018e366000 	/Library/Java/JavaVirtualMachines/jdk1.8.0_131.jdk/Contents/Home/jre/lib/libsunec.dylib
0x000000019726c000 	/Library/Java/JavaVirtualMachines/jdk1.8.0_131.jdk/Contents/Home/jre/lib/libjpeg.dylib

VM Arguments:
jvm_args: -Djava.security.policy=java.policy.applet -Dfile.encoding=UTF-8 
java_command: sun.applet.AppletViewer module3.EarthquakeCityMap1500452391040.html
java_class_path (initial): /Users/haeunkim/Documents/UCSDUnfoldingMaps/build:/Users/haeunkim/Documents/UCSDUnfoldingMaps/lib/core.jar:/Users/haeunkim/Documents/UCSDUnfoldingMaps/lib/gluegen-rt.jar:/Users/haeunkim/Documents/UCSDUnfoldingMaps/lib/jogl-all.jar:/Users/haeunkim/Documents/UCSDUnfoldingMaps/lib/log4j-1.2.15.jar:/Users/haeunkim/Documents/UCSDUnfoldingMaps/lib/sqlite-jdbc-3.7.2.jar:/Users/haeunkim/Documents/UCSDUnfoldingMaps/lib/json4processing.jar:/Users/haeunkim/Documents/UCSDUnfoldingMaps/lib/libTUIO.jar:/Users/haeunkim/Documents/UCSDUnfoldingMaps/lib/unfolding.0.9.7-uscd.jar
Launcher Type: SUN_STANDARD

Environment Variables:
PATH=/usr/bin:/bin:/usr/sbin:/sbin
SHELL=/bin/bash

Signal Handlers:
SIGSEGV: [libjvm.dylib+0x5b1eb1], sa_mask[0]=11111111011111110111111111111111, sa_flags=SA_ONSTACK|SA_RESTART|SA_SIGINFO
SIGBUS: [libjvm.dylib+0x5b1eb1], sa_mask[0]=11111111011111110111111111111111, sa_flags=SA_RESTART|SA_SIGINFO
SIGFPE: [libjvm.dylib+0x488988], sa_mask[0]=11111111011111110111111111111111, sa_flags=SA_RESTART|SA_SIGINFO
SIGPIPE: [libjvm.dylib+0x488988], sa_mask[0]=11111111011111110111111111111111, sa_flags=SA_RESTART|SA_SIGINFO
SIGXFSZ: [libjvm.dylib+0x488988], sa_mask[0]=11111111011111110111111111111111, sa_flags=SA_RESTART|SA_SIGINFO
SIGILL: [libjvm.dylib+0x488988], sa_mask[0]=11111111011111110111111111111111, sa_flags=SA_RESTART|SA_SIGINFO
SIGUSR1: SIG_DFL, sa_mask[0]=00000000000000000000000000000000, sa_flags=none
SIGUSR2: [libjvm.dylib+0x4884a6], sa_mask[0]=00100000000000000000000000000000, sa_flags=SA_RESTART|SA_SIGINFO
SIGHUP: [libjvm.dylib+0x486a7d], sa_mask[0]=11111111011111110111111111111111, sa_flags=SA_RESTART|SA_SIGINFO
SIGINT: [libjvm.dylib+0x486a7d], sa_mask[0]=11111111011111110111111111111111, sa_flags=SA_RESTART|SA_SIGINFO
SIGTERM: [libjvm.dylib+0x486a7d], sa_mask[0]=11111111011111110111111111111111, sa_flags=SA_RESTART|SA_SIGINFO
SIGQUIT: [libjvm.dylib+0x486a7d], sa_mask[0]=11111111011111110111111111111111, sa_flags=SA_RESTART|SA_SIGINFO


---------------  S Y S T E M  ---------------

OS:Bsduname:Darwin 16.6.0 Darwin Kernel Version 16.6.0: Fri Apr 14 16:13:31 PDT 2017; root:xnu-3789.60.24~4/RELEASE_X86_64 x86_64
rlimit: STACK 8192k, CORE 0k, NPROC 709, NOFILE 10240, AS infinity
load average:1.51 1.81 1.79

CPU:total 4 (initial active 4) (2 cores per cpu, 2 threads per core) family 6 model 142 stepping 9, cmov, cx8, fxsr, mmx, sse, sse2, sse3, ssse3, sse4.1, sse4.2, popcnt, avx, avx2, aes, clmul, erms, rtm, 3dnowpref, lzcnt, ht, tsc, tscinvbit, bmi1, bmi2, adx

Memory: 4k page, physical 8388608k(85424k free)

/proc/meminfo:


vm_info: Java HotSpot(TM) 64-Bit Server VM (25.131-b11) for bsd-amd64 JRE (1.8.0_131-b11), built on Mar 15 2017 01:32:22 by "java_re" with gcc 4.2.1 (Based on Apple Inc. build 5658) (LLVM build 2336.11.00)

time: Wed Jul 19 01:20:07 2017
elapsed time: 16 seconds (0d 0h 0m 16s)

